{"numFailedTestSuites":11,"numFailedTests":40,"numPassedTestSuites":16,"numPassedTests":209,"numPendingTestSuites":0,"numPendingTests":0,"numRuntimeErrorTestSuites":0,"numTodoTests":0,"numTotalTestSuites":27,"numTotalTests":249,"openHandles":[],"snapshot":{"added":0,"didUpdate":false,"failure":false,"filesAdded":0,"filesRemoved":0,"filesRemovedList":[],"filesUnmatched":0,"filesUpdated":0,"matched":0,"total":0,"unchecked":0,"uncheckedKeysByFile":[],"unmatched":0,"updated":0},"startTime":1762127453346,"success":false,"testResults":[{"assertionResults":[{"ancestorTitles":["Courses API Integration Tests","GET /api/courses"],"duration":21,"failing":false,"failureDetails":[],"failureMessages":[],"fullName":"Courses API Integration Tests GET /api/courses should return empty array when no courses exist","invocations":1,"location":null,"numPassingAsserts":5,"retryReasons":[],"startAt":1762127454534,"status":"passed","title":"should return empty array when no courses exist"},{"ancestorTitles":["Courses API Integration Tests","GET /api/courses"],"duration":8,"failing":false,"failureDetails":[],"failureMessages":[],"fullName":"Courses API Integration Tests GET /api/courses should return paginated course list","invocations":1,"location":null,"numPassingAsserts":5,"retryReasons":[],"startAt":1762127454555,"status":"passed","title":"should return paginated course list"},{"ancestorTitles":["Courses API Integration Tests","GET /api/courses"],"duration":7,"failing":false,"failureDetails":[],"failureMessages":[],"fullName":"Courses API Integration Tests GET /api/courses should return course details with correct structure","invocations":1,"location":null,"numPassingAsserts":0,"retryReasons":[],"startAt":1762127454563,"status":"passed","title":"should return course details with correct structure"},{"ancestorTitles":["Courses API Integration Tests","GET /api/courses"],"duration":7,"failing":false,"failureDetails":[],"failureMessages":[],"fullName":"Courses API Integration Tests GET /api/courses should filter by difficulty","invocations":1,"location":null,"numPassingAsserts":1,"retryReasons":[],"startAt":1762127454570,"status":"passed","title":"should filter by difficulty"},{"ancestorTitles":["Courses API Integration Tests","GET /api/courses/:id"],"duration":7,"failing":false,"failureDetails":[],"failureMessages":[],"fullName":"Courses API Integration Tests GET /api/courses/:id should return 404 for non-existent course","invocations":1,"location":null,"numPassingAsserts":2,"retryReasons":[],"startAt":1762127454577,"status":"passed","title":"should return 404 for non-existent course"},{"ancestorTitles":["Courses API Integration Tests","GET /api/courses/:id"],"duration":6,"failing":false,"failureDetails":[],"failureMessages":[],"fullName":"Courses API Integration Tests GET /api/courses/:id should return course details for valid id","invocations":1,"location":null,"numPassingAsserts":0,"retryReasons":[],"startAt":1762127454584,"status":"passed","title":"should return course details for valid id"},{"ancestorTitles":["Courses API Integration Tests","GET /api/modules"],"duration":19,"failing":false,"failureDetails":[],"failureMessages":[],"fullName":"Courses API Integration Tests GET /api/modules should return modules list","invocations":1,"location":null,"numPassingAsserts":2,"retryReasons":[],"startAt":1762127454590,"status":"passed","title":"should return modules list"},{"ancestorTitles":["Courses API Integration Tests","GET /api/modules"],"duration":7,"failing":false,"failureDetails":[],"failureMessages":[],"fullName":"Courses API Integration Tests GET /api/modules should return module with correct structure","invocations":1,"location":null,"numPassingAsserts":0,"retryReasons":[],"startAt":1762127454609,"status":"passed","title":"should return module with correct structure"},{"ancestorTitles":["Courses API Integration Tests","GET /api/badges"],"duration":8,"failing":false,"failureDetails":[],"failureMessages":[],"fullName":"Courses API Integration Tests GET /api/badges should return badges list","invocations":1,"location":null,"numPassingAsserts":2,"retryReasons":[],"startAt":1762127454616,"status":"passed","title":"should return badges list"},{"ancestorTitles":["Courses API Integration Tests","GET /api/badges"],"duration":6,"failing":false,"failureDetails":[],"failureMessages":[],"fullName":"Courses API Integration Tests GET /api/badges should return badges with gamification properties","invocations":1,"location":null,"numPassingAsserts":0,"retryReasons":[],"startAt":1762127454624,"status":"passed","title":"should return badges with gamification properties"},{"ancestorTitles":["Courses API Integration Tests","GET /api/badges"],"duration":5,"failing":false,"failureDetails":[{"matcherResult":{"message":"\u001b[2mexpect(\u001b[22m\u001b[31mreceived\u001b[39m\u001b[2m).\u001b[22mtoBeGreaterThanOrEqual\u001b[2m(\u001b[22m\u001b[32mexpected\u001b[39m\u001b[2m)\u001b[22m\n\nExpected: >= \u001b[32m8\u001b[39m\nReceived:    \u001b[31m0\u001b[39m","pass":false}}],"failureMessages":["Error: \u001b[2mexpect(\u001b[22m\u001b[31mreceived\u001b[39m\u001b[2m).\u001b[22mtoBeGreaterThanOrEqual\u001b[2m(\u001b[22m\u001b[32mexpected\u001b[39m\u001b[2m)\u001b[22m\n\nExpected: >= \u001b[32m8\u001b[39m\nReceived:    \u001b[31m0\u001b[39m\n    at Object.toBeGreaterThanOrEqual (/Users/veland/GlassCodeAcademy/backend-node/src/__tests__/integration/api/courses.integration.test.js:167:41)\n    at processTicksAndRejections (node:internal/process/task_queues:95:5)"],"fullName":"Courses API Integration Tests GET /api/badges should have created default badges","invocations":1,"location":null,"numPassingAsserts":0,"retryReasons":[],"startAt":1762127454630,"status":"failed","title":"should have created default badges"},{"ancestorTitles":["Courses API Integration Tests","Protected Routes - Certificates"],"duration":6,"failing":false,"failureDetails":[],"failureMessages":[],"fullName":"Courses API Integration Tests Protected Routes - Certificates should require authentication for my-certificates","invocations":1,"location":null,"numPassingAsserts":2,"retryReasons":[],"startAt":1762127454636,"status":"passed","title":"should require authentication for my-certificates"},{"ancestorTitles":["Courses API Integration Tests","Protected Routes - Certificates"],"duration":6,"failing":false,"failureDetails":[{}],"failureMessages":["Error: expected 200 \"OK\", got 401 \"Unauthorized\"\n    at Object.expect (/Users/veland/GlassCodeAcademy/backend-node/src/__tests__/integration/api/courses.integration.test.js:191:10)\n    at Promise.finally.completed (/Users/veland/GlassCodeAcademy/backend-node/node_modules/jest-circus/build/jestAdapterInit.js:1557:28)\n    at new Promise (<anonymous>)\n    at callAsyncCircusFn (/Users/veland/GlassCodeAcademy/backend-node/node_modules/jest-circus/build/jestAdapterInit.js:1497:10)\n    at _callCircusTest (/Users/veland/GlassCodeAcademy/backend-node/node_modules/jest-circus/build/jestAdapterInit.js:1007:40)\n    at _runTest (/Users/veland/GlassCodeAcademy/backend-node/node_modules/jest-circus/build/jestAdapterInit.js:947:3)\n    at /Users/veland/GlassCodeAcademy/backend-node/node_modules/jest-circus/build/jestAdapterInit.js:849:7\n    at _runTestsForDescribeBlock (/Users/veland/GlassCodeAcademy/backend-node/node_modules/jest-circus/build/jestAdapterInit.js:862:11)\n    at _runTestsForDescribeBlock (/Users/veland/GlassCodeAcademy/backend-node/node_modules/jest-circus/build/jestAdapterInit.js:857:11)\n    at _runTestsForDescribeBlock (/Users/veland/GlassCodeAcademy/backend-node/node_modules/jest-circus/build/jestAdapterInit.js:857:11)\n    at run (/Users/veland/GlassCodeAcademy/backend-node/node_modules/jest-circus/build/jestAdapterInit.js:761:3)\n    at runAndTransformResultsToJestFormat (/Users/veland/GlassCodeAcademy/backend-node/node_modules/jest-circus/build/jestAdapterInit.js:1918:21)\n    at jestAdapter (/Users/veland/GlassCodeAcademy/backend-node/node_modules/jest-circus/build/runner.js:103:25)\n    at runTestInternal (/Users/veland/GlassCodeAcademy/backend-node/node_modules/jest-runner/build/index.js:300:22)\n    at runTest (/Users/veland/GlassCodeAcademy/backend-node/node_modules/jest-runner/build/index.js:368:13)\n----\n    at Test._assertStatus (/Users/veland/GlassCodeAcademy/backend-node/node_modules/supertest/lib/test.js:309:14)\n    at assertFn (/Users/veland/GlassCodeAcademy/backend-node/node_modules/supertest/lib/test.js:365:13)\n    at Test.fn [as _assertFunction] (/Users/veland/GlassCodeAcademy/backend-node/node_modules/supertest/lib/test.js:342:13)\n    at Test._assertFunction [as assert] (/Users/veland/GlassCodeAcademy/backend-node/node_modules/supertest/lib/test.js:195:23)\n    at assert (/Users/veland/GlassCodeAcademy/backend-node/node_modules/supertest/lib/test.js:138:14)\n    at Server.localAssert (/Users/veland/GlassCodeAcademy/backend-node/node_modules/supertest/lib/test.js:152:11)\n    at Object.onceWrapper (node:events:638:28)\n    at Server.emit (node:events:524:28)\n    at emitCloseNT (node:net:2344:8)\n    at processTicksAndRejections (node:internal/process/task_queues:81:21)"],"fullName":"Courses API Integration Tests Protected Routes - Certificates should return user certificates when authenticated","invocations":1,"location":null,"numPassingAsserts":0,"retryReasons":[],"startAt":1762127454642,"status":"failed","title":"should return user certificates when authenticated"},{"ancestorTitles":["Courses API Integration Tests","Protected Routes - Certificates"],"duration":5,"failing":false,"failureDetails":[{}],"failureMessages":["Error: expected 200 \"OK\", got 401 \"Unauthorized\"\n    at Object.expect (/Users/veland/GlassCodeAcademy/backend-node/src/__tests__/integration/api/courses.integration.test.js:201:10)\n    at Promise.finally.completed (/Users/veland/GlassCodeAcademy/backend-node/node_modules/jest-circus/build/jestAdapterInit.js:1557:28)\n    at new Promise (<anonymous>)\n    at callAsyncCircusFn (/Users/veland/GlassCodeAcademy/backend-node/node_modules/jest-circus/build/jestAdapterInit.js:1497:10)\n    at _callCircusTest (/Users/veland/GlassCodeAcademy/backend-node/node_modules/jest-circus/build/jestAdapterInit.js:1007:40)\n    at _runTest (/Users/veland/GlassCodeAcademy/backend-node/node_modules/jest-circus/build/jestAdapterInit.js:947:3)\n    at /Users/veland/GlassCodeAcademy/backend-node/node_modules/jest-circus/build/jestAdapterInit.js:849:7\n    at _runTestsForDescribeBlock (/Users/veland/GlassCodeAcademy/backend-node/node_modules/jest-circus/build/jestAdapterInit.js:862:11)\n    at _runTestsForDescribeBlock (/Users/veland/GlassCodeAcademy/backend-node/node_modules/jest-circus/build/jestAdapterInit.js:857:11)\n    at _runTestsForDescribeBlock (/Users/veland/GlassCodeAcademy/backend-node/node_modules/jest-circus/build/jestAdapterInit.js:857:11)\n    at run (/Users/veland/GlassCodeAcademy/backend-node/node_modules/jest-circus/build/jestAdapterInit.js:761:3)\n    at runAndTransformResultsToJestFormat (/Users/veland/GlassCodeAcademy/backend-node/node_modules/jest-circus/build/jestAdapterInit.js:1918:21)\n    at jestAdapter (/Users/veland/GlassCodeAcademy/backend-node/node_modules/jest-circus/build/runner.js:103:25)\n    at runTestInternal (/Users/veland/GlassCodeAcademy/backend-node/node_modules/jest-runner/build/index.js:300:22)\n    at runTest (/Users/veland/GlassCodeAcademy/backend-node/node_modules/jest-runner/build/index.js:368:13)\n----\n    at Test._assertStatus (/Users/veland/GlassCodeAcademy/backend-node/node_modules/supertest/lib/test.js:309:14)\n    at assertFn (/Users/veland/GlassCodeAcademy/backend-node/node_modules/supertest/lib/test.js:365:13)\n    at Test.fn [as _assertFunction] (/Users/veland/GlassCodeAcademy/backend-node/node_modules/supertest/lib/test.js:342:13)\n    at Test._assertFunction [as assert] (/Users/veland/GlassCodeAcademy/backend-node/node_modules/supertest/lib/test.js:195:23)\n    at assert (/Users/veland/GlassCodeAcademy/backend-node/node_modules/supertest/lib/test.js:138:14)\n    at Server.localAssert (/Users/veland/GlassCodeAcademy/backend-node/node_modules/supertest/lib/test.js:152:11)\n    at Object.onceWrapper (node:events:638:28)\n    at Server.emit (node:events:524:28)\n    at emitCloseNT (node:net:2344:8)\n    at processTicksAndRejections (node:internal/process/task_queues:81:21)"],"fullName":"Courses API Integration Tests Protected Routes - Certificates should check certificate eligibility for course","invocations":1,"location":null,"numPassingAsserts":0,"retryReasons":[],"startAt":1762127454648,"status":"failed","title":"should check certificate eligibility for course"},{"ancestorTitles":["Courses API Integration Tests","Forum API"],"duration":10,"failing":false,"failureDetails":[{"matcherResult":{"message":"\u001b[2mexpect(\u001b[22m\u001b[31mreceived\u001b[39m\u001b[2m).\u001b[22mtoHaveProperty\u001b[2m(\u001b[22m\u001b[32mpath\u001b[39m\u001b[2m, \u001b[22m\u001b[32mvalue\u001b[39m\u001b[2m)\u001b[22m\n\nExpected path: \u001b[32m\"success\"\u001b[39m\nReceived path: \u001b[31m[]\u001b[39m\n\nExpected value: \u001b[32mtrue\u001b[39m\nReceived value: \u001b[31m{\"data\": [], \"status\": 200, \"title\": \"Success\", \"type\": \"https://glasscode/errors/success\"}\u001b[39m","pass":false}}],"failureMessages":["Error: \u001b[2mexpect(\u001b[22m\u001b[31mreceived\u001b[39m\u001b[2m).\u001b[22mtoHaveProperty\u001b[2m(\u001b[22m\u001b[32mpath\u001b[39m\u001b[2m, \u001b[22m\u001b[32mvalue\u001b[39m\u001b[2m)\u001b[22m\n\nExpected path: \u001b[32m\"success\"\u001b[39m\nReceived path: \u001b[31m[]\u001b[39m\n\nExpected value: \u001b[32mtrue\u001b[39m\nReceived value: \u001b[31m{\"data\": [], \"status\": 200, \"title\": \"Success\", \"type\": \"https://glasscode/errors/success\"}\u001b[39m\n    at Object.toHaveProperty (/Users/veland/GlassCodeAcademy/backend-node/src/__tests__/integration/api/courses.integration.test.js:216:29)\n    at processTicksAndRejections (node:internal/process/task_queues:95:5)"],"fullName":"Courses API Integration Tests Forum API should return forum categories without auth","invocations":1,"location":null,"numPassingAsserts":0,"retryReasons":[],"startAt":1762127454653,"status":"failed","title":"should return forum categories without auth"},{"ancestorTitles":["Courses API Integration Tests","Forum API"],"duration":12,"failing":false,"failureDetails":[],"failureMessages":[],"fullName":"Courses API Integration Tests Forum API should require auth for creating threads","invocations":1,"location":null,"numPassingAsserts":1,"retryReasons":[],"startAt":1762127454664,"status":"passed","title":"should require auth for creating threads"},{"ancestorTitles":["Courses API Integration Tests","Notification API"],"duration":4,"failing":false,"failureDetails":[],"failureMessages":[],"fullName":"Courses API Integration Tests Notification API should require authentication for notifications","invocations":1,"location":null,"numPassingAsserts":2,"retryReasons":[],"startAt":1762127454676,"status":"passed","title":"should require authentication for notifications"},{"ancestorTitles":["Courses API Integration Tests","Notification API"],"duration":5,"failing":false,"failureDetails":[{}],"failureMessages":["Error: expected 200 \"OK\", got 401 \"Unauthorized\"\n    at Object.expect (/Users/veland/GlassCodeAcademy/backend-node/src/__tests__/integration/api/courses.integration.test.js:247:10)\n    at Promise.finally.completed (/Users/veland/GlassCodeAcademy/backend-node/node_modules/jest-circus/build/jestAdapterInit.js:1557:28)\n    at new Promise (<anonymous>)\n    at callAsyncCircusFn (/Users/veland/GlassCodeAcademy/backend-node/node_modules/jest-circus/build/jestAdapterInit.js:1497:10)\n    at _callCircusTest (/Users/veland/GlassCodeAcademy/backend-node/node_modules/jest-circus/build/jestAdapterInit.js:1007:40)\n    at _runTest (/Users/veland/GlassCodeAcademy/backend-node/node_modules/jest-circus/build/jestAdapterInit.js:947:3)\n    at /Users/veland/GlassCodeAcademy/backend-node/node_modules/jest-circus/build/jestAdapterInit.js:849:7\n    at _runTestsForDescribeBlock (/Users/veland/GlassCodeAcademy/backend-node/node_modules/jest-circus/build/jestAdapterInit.js:862:11)\n    at _runTestsForDescribeBlock (/Users/veland/GlassCodeAcademy/backend-node/node_modules/jest-circus/build/jestAdapterInit.js:857:11)\n    at _runTestsForDescribeBlock (/Users/veland/GlassCodeAcademy/backend-node/node_modules/jest-circus/build/jestAdapterInit.js:857:11)\n    at run (/Users/veland/GlassCodeAcademy/backend-node/node_modules/jest-circus/build/jestAdapterInit.js:761:3)\n    at runAndTransformResultsToJestFormat (/Users/veland/GlassCodeAcademy/backend-node/node_modules/jest-circus/build/jestAdapterInit.js:1918:21)\n    at jestAdapter (/Users/veland/GlassCodeAcademy/backend-node/node_modules/jest-circus/build/runner.js:103:25)\n    at runTestInternal (/Users/veland/GlassCodeAcademy/backend-node/node_modules/jest-runner/build/index.js:300:22)\n    at runTest (/Users/veland/GlassCodeAcademy/backend-node/node_modules/jest-runner/build/index.js:368:13)\n----\n    at Test._assertStatus (/Users/veland/GlassCodeAcademy/backend-node/node_modules/supertest/lib/test.js:309:14)\n    at assertFn (/Users/veland/GlassCodeAcademy/backend-node/node_modules/supertest/lib/test.js:365:13)\n    at Test.fn [as _assertFunction] (/Users/veland/GlassCodeAcademy/backend-node/node_modules/supertest/lib/test.js:342:13)\n    at Test._assertFunction [as assert] (/Users/veland/GlassCodeAcademy/backend-node/node_modules/supertest/lib/test.js:195:23)\n    at assert (/Users/veland/GlassCodeAcademy/backend-node/node_modules/supertest/lib/test.js:138:14)\n    at Server.localAssert (/Users/veland/GlassCodeAcademy/backend-node/node_modules/supertest/lib/test.js:152:11)\n    at Object.onceWrapper (node:events:638:28)\n    at Server.emit (node:events:524:28)\n    at emitCloseNT (node:net:2344:8)\n    at processTicksAndRejections (node:internal/process/task_queues:81:21)"],"fullName":"Courses API Integration Tests Notification API should return user notifications when authenticated","invocations":1,"location":null,"numPassingAsserts":0,"retryReasons":[],"startAt":1762127454680,"status":"failed","title":"should return user notifications when authenticated"}],"endTime":1762127454700,"message":"\u001b[1m\u001b[31m  \u001b[1m● \u001b[22m\u001b[1mCourses API Integration Tests › GET /api/badges › should have created default badges\u001b[39m\u001b[22m\n\n    \u001b[2mexpect(\u001b[22m\u001b[31mreceived\u001b[39m\u001b[2m).\u001b[22mtoBeGreaterThanOrEqual\u001b[2m(\u001b[22m\u001b[32mexpected\u001b[39m\u001b[2m)\u001b[22m\n\n    Expected: >= \u001b[32m8\u001b[39m\n    Received:    \u001b[31m0\u001b[39m\n\u001b[2m\u001b[22m\n\u001b[2m    \u001b[0m \u001b[90m 165 |\u001b[39m\u001b[22m\n\u001b[2m     \u001b[90m 166 |\u001b[39m       \u001b[90m// Should have at least the 8 default badges\u001b[39m\u001b[22m\n\u001b[2m    \u001b[31m\u001b[1m>\u001b[22m\u001b[2m\u001b[39m\u001b[90m 167 |\u001b[39m       expect(response\u001b[33m.\u001b[39mbody\u001b[33m.\u001b[39mdata\u001b[33m.\u001b[39mlength)\u001b[33m.\u001b[39mtoBeGreaterThanOrEqual(\u001b[35m8\u001b[39m)\u001b[33m;\u001b[39m\u001b[22m\n\u001b[2m     \u001b[90m     |\u001b[39m                                         \u001b[31m\u001b[1m^\u001b[22m\u001b[2m\u001b[39m\u001b[22m\n\u001b[2m     \u001b[90m 168 |\u001b[39m       \u001b[22m\n\u001b[2m     \u001b[90m 169 |\u001b[39m       \u001b[90m// Check for specific default badges\u001b[39m\u001b[22m\n\u001b[2m     \u001b[90m 170 |\u001b[39m       \u001b[36mconst\u001b[39m badgeNames \u001b[33m=\u001b[39m response\u001b[33m.\u001b[39mbody\u001b[33m.\u001b[39mdata\u001b[33m.\u001b[39mmap(b \u001b[33m=>\u001b[39m b\u001b[33m.\u001b[39mname)\u001b[33m;\u001b[39m\u001b[0m\u001b[22m\n\u001b[2m\u001b[22m\n\u001b[2m      \u001b[2mat Object.toBeGreaterThanOrEqual (\u001b[22m\u001b[2m\u001b[0m\u001b[36msrc/__tests__/integration/api/courses.integration.test.js\u001b[39m\u001b[0m\u001b[2m:167:41)\u001b[22m\u001b[2m\u001b[22m\n\n\u001b[1m\u001b[31m  \u001b[1m● \u001b[22m\u001b[1mCourses API Integration Tests › Protected Routes - Certificates › should return user certificates when authenticated\u001b[39m\u001b[22m\n\n    expected 200 \"OK\", got 401 \"Unauthorized\"\n\u001b[2m\u001b[22m\n\u001b[2m    \u001b[0m \u001b[90m 189 |\u001b[39m         \u001b[33m.\u001b[39m\u001b[36mget\u001b[39m(\u001b[32m'/api/certificates/my-certificates'\u001b[39m)\u001b[22m\n\u001b[2m     \u001b[90m 190 |\u001b[39m         \u001b[33m.\u001b[39m\u001b[36mset\u001b[39m(\u001b[32m'Authorization'\u001b[39m\u001b[33m,\u001b[39m \u001b[32m`Bearer ${authToken}`\u001b[39m)\u001b[22m\n\u001b[2m    \u001b[31m\u001b[1m>\u001b[22m\u001b[2m\u001b[39m\u001b[90m 191 |\u001b[39m         \u001b[33m.\u001b[39mexpect(\u001b[35m200\u001b[39m)\u001b[33m;\u001b[39m\u001b[22m\n\u001b[2m     \u001b[90m     |\u001b[39m          \u001b[31m\u001b[1m^\u001b[22m\u001b[2m\u001b[39m\u001b[22m\n\u001b[2m     \u001b[90m 192 |\u001b[39m\u001b[22m\n\u001b[2m     \u001b[90m 193 |\u001b[39m       expect(response\u001b[33m.\u001b[39mbody)\u001b[33m.\u001b[39mtoHaveProperty(\u001b[32m'type'\u001b[39m\u001b[33m,\u001b[39m \u001b[32m'https://glasscode/errors/success'\u001b[39m)\u001b[33m;\u001b[39m\u001b[22m\n\u001b[2m     \u001b[90m 194 |\u001b[39m       expect(response\u001b[33m.\u001b[39mbody\u001b[33m.\u001b[39mdata)\u001b[33m.\u001b[39mtoBeInstanceOf(\u001b[33mArray\u001b[39m)\u001b[33m;\u001b[39m\u001b[0m\u001b[22m\n\u001b[2m\u001b[22m\n\u001b[2m      \u001b[2mat Object.expect (\u001b[22m\u001b[2m\u001b[0m\u001b[36msrc/__tests__/integration/api/courses.integration.test.js\u001b[39m\u001b[0m\u001b[2m:191:10)\u001b[22m\u001b[2m\u001b[22m\n\u001b[2m      ----\u001b[22m\n\u001b[2m      \u001b[2mat Test._assertStatus (\u001b[22m\u001b[2mnode_modules/supertest/lib/test.js\u001b[2m:309:14)\u001b[22m\u001b[2m\u001b[22m\n\u001b[2m      \u001b[2mat assertFn (\u001b[22m\u001b[2mnode_modules/supertest/lib/test.js\u001b[2m:365:13)\u001b[22m\u001b[2m\u001b[22m\n\u001b[2m      \u001b[2mat Test.fn [as _assertFunction] (\u001b[22m\u001b[2mnode_modules/supertest/lib/test.js\u001b[2m:342:13)\u001b[22m\u001b[2m\u001b[22m\n\u001b[2m      \u001b[2mat Test._assertFunction [as assert] (\u001b[22m\u001b[2mnode_modules/supertest/lib/test.js\u001b[2m:195:23)\u001b[22m\u001b[2m\u001b[22m\n\u001b[2m      \u001b[2mat assert (\u001b[22m\u001b[2mnode_modules/supertest/lib/test.js\u001b[2m:138:14)\u001b[22m\u001b[2m\u001b[22m\n\u001b[2m      \u001b[2mat Server.localAssert (\u001b[22m\u001b[2mnode_modules/supertest/lib/test.js\u001b[2m:152:11)\u001b[22m\u001b[2m\u001b[22m\n\n\u001b[1m\u001b[31m  \u001b[1m● \u001b[22m\u001b[1mCourses API Integration Tests › Protected Routes - Certificates › should check certificate eligibility for course\u001b[39m\u001b[22m\n\n    expected 200 \"OK\", got 401 \"Unauthorized\"\n\u001b[2m\u001b[22m\n\u001b[2m    \u001b[0m \u001b[90m 199 |\u001b[39m         \u001b[33m.\u001b[39m\u001b[36mget\u001b[39m(\u001b[32m'/api/certificates/eligibility/1'\u001b[39m)\u001b[22m\n\u001b[2m     \u001b[90m 200 |\u001b[39m         \u001b[33m.\u001b[39m\u001b[36mset\u001b[39m(\u001b[32m'Authorization'\u001b[39m\u001b[33m,\u001b[39m \u001b[32m`Bearer ${authToken}`\u001b[39m)\u001b[22m\n\u001b[2m    \u001b[31m\u001b[1m>\u001b[22m\u001b[2m\u001b[39m\u001b[90m 201 |\u001b[39m         \u001b[33m.\u001b[39mexpect(\u001b[35m200\u001b[39m)\u001b[33m;\u001b[39m\u001b[22m\n\u001b[2m     \u001b[90m     |\u001b[39m          \u001b[31m\u001b[1m^\u001b[22m\u001b[2m\u001b[39m\u001b[22m\n\u001b[2m     \u001b[90m 202 |\u001b[39m\u001b[22m\n\u001b[2m     \u001b[90m 203 |\u001b[39m       expect(response\u001b[33m.\u001b[39mbody\u001b[33m.\u001b[39mdata)\u001b[33m.\u001b[39mtoHaveProperty(\u001b[32m'isEligible'\u001b[39m)\u001b[33m;\u001b[39m\u001b[22m\n\u001b[2m     \u001b[90m 204 |\u001b[39m       expect(response\u001b[33m.\u001b[39mbody\u001b[33m.\u001b[39mdata)\u001b[33m.\u001b[39mtoHaveProperty(\u001b[32m'userId'\u001b[39m)\u001b[33m;\u001b[39m\u001b[0m\u001b[22m\n\u001b[2m\u001b[22m\n\u001b[2m      \u001b[2mat Object.expect (\u001b[22m\u001b[2m\u001b[0m\u001b[36msrc/__tests__/integration/api/courses.integration.test.js\u001b[39m\u001b[0m\u001b[2m:201:10)\u001b[22m\u001b[2m\u001b[22m\n\u001b[2m      ----\u001b[22m\n\u001b[2m      \u001b[2mat Test._assertStatus (\u001b[22m\u001b[2mnode_modules/supertest/lib/test.js\u001b[2m:309:14)\u001b[22m\u001b[2m\u001b[22m\n\u001b[2m      \u001b[2mat assertFn (\u001b[22m\u001b[2mnode_modules/supertest/lib/test.js\u001b[2m:365:13)\u001b[22m\u001b[2m\u001b[22m\n\u001b[2m      \u001b[2mat Test.fn [as _assertFunction] (\u001b[22m\u001b[2mnode_modules/supertest/lib/test.js\u001b[2m:342:13)\u001b[22m\u001b[2m\u001b[22m\n\u001b[2m      \u001b[2mat Test._assertFunction [as assert] (\u001b[22m\u001b[2mnode_modules/supertest/lib/test.js\u001b[2m:195:23)\u001b[22m\u001b[2m\u001b[22m\n\u001b[2m      \u001b[2mat assert (\u001b[22m\u001b[2mnode_modules/supertest/lib/test.js\u001b[2m:138:14)\u001b[22m\u001b[2m\u001b[22m\n\u001b[2m      \u001b[2mat Server.localAssert (\u001b[22m\u001b[2mnode_modules/supertest/lib/test.js\u001b[2m:152:11)\u001b[22m\u001b[2m\u001b[22m\n\n\u001b[1m\u001b[31m  \u001b[1m● \u001b[22m\u001b[1mCourses API Integration Tests › Forum API › should return forum categories without auth\u001b[39m\u001b[22m\n\n    \u001b[2mexpect(\u001b[22m\u001b[31mreceived\u001b[39m\u001b[2m).\u001b[22mtoHaveProperty\u001b[2m(\u001b[22m\u001b[32mpath\u001b[39m\u001b[2m, \u001b[22m\u001b[32mvalue\u001b[39m\u001b[2m)\u001b[22m\n\n    Expected path: \u001b[32m\"success\"\u001b[39m\n    Received path: \u001b[31m[]\u001b[39m\n\n    Expected value: \u001b[32mtrue\u001b[39m\n    Received value: \u001b[31m{\"data\": [], \"status\": 200, \"title\": \"Success\", \"type\": \"https://glasscode/errors/success\"}\u001b[39m\n\u001b[2m\u001b[22m\n\u001b[2m    \u001b[0m \u001b[90m 214 |\u001b[39m         \u001b[33m.\u001b[39mexpect(\u001b[35m200\u001b[39m)\u001b[33m;\u001b[39m\u001b[22m\n\u001b[2m     \u001b[90m 215 |\u001b[39m\u001b[22m\n\u001b[2m    \u001b[31m\u001b[1m>\u001b[22m\u001b[2m\u001b[39m\u001b[90m 216 |\u001b[39m       expect(response\u001b[33m.\u001b[39mbody)\u001b[33m.\u001b[39mtoHaveProperty(\u001b[32m'success'\u001b[39m\u001b[33m,\u001b[39m \u001b[36mtrue\u001b[39m)\u001b[33m;\u001b[39m\u001b[22m\n\u001b[2m     \u001b[90m     |\u001b[39m                             \u001b[31m\u001b[1m^\u001b[22m\u001b[2m\u001b[39m\u001b[22m\n\u001b[2m     \u001b[90m 217 |\u001b[39m       expect(response\u001b[33m.\u001b[39mbody\u001b[33m.\u001b[39mdata)\u001b[33m.\u001b[39mtoBeInstanceOf(\u001b[33mArray\u001b[39m)\u001b[33m;\u001b[39m\u001b[22m\n\u001b[2m     \u001b[90m 218 |\u001b[39m     })\u001b[33m;\u001b[39m\u001b[22m\n\u001b[2m     \u001b[90m 219 |\u001b[39m\u001b[0m\u001b[22m\n\u001b[2m\u001b[22m\n\u001b[2m      \u001b[2mat Object.toHaveProperty (\u001b[22m\u001b[2m\u001b[0m\u001b[36msrc/__tests__/integration/api/courses.integration.test.js\u001b[39m\u001b[0m\u001b[2m:216:29)\u001b[22m\u001b[2m\u001b[22m\n\n\u001b[1m\u001b[31m  \u001b[1m● \u001b[22m\u001b[1mCourses API Integration Tests › Notification API › should return user notifications when authenticated\u001b[39m\u001b[22m\n\n    expected 200 \"OK\", got 401 \"Unauthorized\"\n\u001b[2m\u001b[22m\n\u001b[2m    \u001b[0m \u001b[90m 245 |\u001b[39m         \u001b[33m.\u001b[39m\u001b[36mget\u001b[39m(\u001b[32m'/api/notifications'\u001b[39m)\u001b[22m\n\u001b[2m     \u001b[90m 246 |\u001b[39m         \u001b[33m.\u001b[39m\u001b[36mset\u001b[39m(\u001b[32m'Authorization'\u001b[39m\u001b[33m,\u001b[39m \u001b[32m`Bearer ${authToken}`\u001b[39m)\u001b[22m\n\u001b[2m    \u001b[31m\u001b[1m>\u001b[22m\u001b[2m\u001b[39m\u001b[90m 247 |\u001b[39m         \u001b[33m.\u001b[39mexpect(\u001b[35m200\u001b[39m)\u001b[33m;\u001b[39m\u001b[22m\n\u001b[2m     \u001b[90m     |\u001b[39m          \u001b[31m\u001b[1m^\u001b[22m\u001b[2m\u001b[39m\u001b[22m\n\u001b[2m     \u001b[90m 248 |\u001b[39m\u001b[22m\n\u001b[2m     \u001b[90m 249 |\u001b[39m       expect(response\u001b[33m.\u001b[39mbody)\u001b[33m.\u001b[39mtoHaveProperty(\u001b[32m'success'\u001b[39m\u001b[33m,\u001b[39m \u001b[36mtrue\u001b[39m)\u001b[33m;\u001b[39m\u001b[22m\n\u001b[2m     \u001b[90m 250 |\u001b[39m       expect(response\u001b[33m.\u001b[39mbody\u001b[33m.\u001b[39mdata)\u001b[33m.\u001b[39mtoBeInstanceOf(\u001b[33mArray\u001b[39m)\u001b[33m;\u001b[39m\u001b[0m\u001b[22m\n\u001b[2m\u001b[22m\n\u001b[2m      \u001b[2mat Object.expect (\u001b[22m\u001b[2m\u001b[0m\u001b[36msrc/__tests__/integration/api/courses.integration.test.js\u001b[39m\u001b[0m\u001b[2m:247:10)\u001b[22m\u001b[2m\u001b[22m\n\u001b[2m      ----\u001b[22m\n\u001b[2m      \u001b[2mat Test._assertStatus (\u001b[22m\u001b[2mnode_modules/supertest/lib/test.js\u001b[2m:309:14)\u001b[22m\u001b[2m\u001b[22m\n\u001b[2m      \u001b[2mat assertFn (\u001b[22m\u001b[2mnode_modules/supertest/lib/test.js\u001b[2m:365:13)\u001b[22m\u001b[2m\u001b[22m\n\u001b[2m      \u001b[2mat Test.fn [as _assertFunction] (\u001b[22m\u001b[2mnode_modules/supertest/lib/test.js\u001b[2m:342:13)\u001b[22m\u001b[2m\u001b[22m\n\u001b[2m      \u001b[2mat Test._assertFunction [as assert] (\u001b[22m\u001b[2mnode_modules/supertest/lib/test.js\u001b[2m:195:23)\u001b[22m\u001b[2m\u001b[22m\n\u001b[2m      \u001b[2mat assert (\u001b[22m\u001b[2mnode_modules/supertest/lib/test.js\u001b[2m:138:14)\u001b[22m\u001b[2m\u001b[22m\n\u001b[2m      \u001b[2mat Server.localAssert (\u001b[22m\u001b[2mnode_modules/supertest/lib/test.js\u001b[2m:152:11)\u001b[22m\u001b[2m\u001b[22m\n","name":"/Users/veland/GlassCodeAcademy/backend-node/src/__tests__/integration/api/courses.integration.test.js","startTime":1762127453502,"status":"failed","summary":""},{"assertionResults":[{"ancestorTitles":["Authentication API","POST /api/auth/register"],"duration":132,"failing":false,"failureDetails":[],"failureMessages":[],"fullName":"Authentication API POST /api/auth/register should register a new user","invocations":1,"location":null,"numPassingAsserts":3,"retryReasons":[],"startAt":1762127454922,"status":"passed","title":"should register a new user"},{"ancestorTitles":["Authentication API","POST /api/auth/register"],"duration":3,"failing":false,"failureDetails":[],"failureMessages":[],"fullName":"Authentication API POST /api/auth/register should fail to register with invalid data","invocations":1,"location":null,"numPassingAsserts":1,"retryReasons":[],"startAt":1762127455054,"status":"passed","title":"should fail to register with invalid data"},{"ancestorTitles":["Authentication API","POST /api/auth/login"],"duration":64,"failing":false,"failureDetails":[],"failureMessages":[],"fullName":"Authentication API POST /api/auth/login should login an existing user","invocations":1,"location":null,"numPassingAsserts":3,"retryReasons":[],"startAt":1762127455057,"status":"passed","title":"should login an existing user"},{"ancestorTitles":["Authentication API","POST /api/auth/login"],"duration":5,"failing":false,"failureDetails":[{}],"failureMessages":["Error: expected 401 \"Unauthorized\", got 404 \"Not Found\"\n    at Object.expect (/Users/veland/GlassCodeAcademy/backend-node/tests/auth.test.js:76:10)\n    at Promise.finally.completed (/Users/veland/GlassCodeAcademy/backend-node/node_modules/jest-circus/build/jestAdapterInit.js:1557:28)\n    at new Promise (<anonymous>)\n    at callAsyncCircusFn (/Users/veland/GlassCodeAcademy/backend-node/node_modules/jest-circus/build/jestAdapterInit.js:1497:10)\n    at _callCircusTest (/Users/veland/GlassCodeAcademy/backend-node/node_modules/jest-circus/build/jestAdapterInit.js:1007:40)\n    at processTicksAndRejections (node:internal/process/task_queues:95:5)\n    at _runTest (/Users/veland/GlassCodeAcademy/backend-node/node_modules/jest-circus/build/jestAdapterInit.js:947:3)\n    at /Users/veland/GlassCodeAcademy/backend-node/node_modules/jest-circus/build/jestAdapterInit.js:849:7\n    at _runTestsForDescribeBlock (/Users/veland/GlassCodeAcademy/backend-node/node_modules/jest-circus/build/jestAdapterInit.js:862:11)\n    at _runTestsForDescribeBlock (/Users/veland/GlassCodeAcademy/backend-node/node_modules/jest-circus/build/jestAdapterInit.js:857:11)\n    at _runTestsForDescribeBlock (/Users/veland/GlassCodeAcademy/backend-node/node_modules/jest-circus/build/jestAdapterInit.js:857:11)\n    at run (/Users/veland/GlassCodeAcademy/backend-node/node_modules/jest-circus/build/jestAdapterInit.js:761:3)\n    at runAndTransformResultsToJestFormat (/Users/veland/GlassCodeAcademy/backend-node/node_modules/jest-circus/build/jestAdapterInit.js:1918:21)\n    at jestAdapter (/Users/veland/GlassCodeAcademy/backend-node/node_modules/jest-circus/build/runner.js:103:25)\n    at runTestInternal (/Users/veland/GlassCodeAcademy/backend-node/node_modules/jest-runner/build/index.js:300:22)\n    at runTest (/Users/veland/GlassCodeAcademy/backend-node/node_modules/jest-runner/build/index.js:368:13)\n----\n    at Test._assertStatus (/Users/veland/GlassCodeAcademy/backend-node/node_modules/supertest/lib/test.js:309:14)\n    at assertFn (/Users/veland/GlassCodeAcademy/backend-node/node_modules/supertest/lib/test.js:365:13)\n    at Test.fn [as _assertFunction] (/Users/veland/GlassCodeAcademy/backend-node/node_modules/supertest/lib/test.js:342:13)\n    at Test._assertFunction [as assert] (/Users/veland/GlassCodeAcademy/backend-node/node_modules/supertest/lib/test.js:195:23)\n    at assert (/Users/veland/GlassCodeAcademy/backend-node/node_modules/supertest/lib/test.js:138:14)\n    at Server.localAssert (/Users/veland/GlassCodeAcademy/backend-node/node_modules/supertest/lib/test.js:152:11)\n    at Object.onceWrapper (node:events:638:28)\n    at Server.emit (node:events:524:28)\n    at emitCloseNT (node:net:2344:8)\n    at processTicksAndRejections (node:internal/process/task_queues:81:21)"],"fullName":"Authentication API POST /api/auth/login should fail to login with invalid credentials","invocations":1,"location":null,"numPassingAsserts":0,"retryReasons":[],"startAt":1762127455121,"status":"failed","title":"should fail to login with invalid credentials"},{"ancestorTitles":["Authentication API","POST /api/auth/password/request-reset"],"duration":2,"failing":false,"failureDetails":[],"failureMessages":[],"fullName":"Authentication API POST /api/auth/password/request-reset should request password reset","invocations":1,"location":null,"numPassingAsserts":2,"retryReasons":[],"startAt":1762127455127,"status":"passed","title":"should request password reset"},{"ancestorTitles":["Authentication API","POST /api/auth/password/reset"],"duration":2,"failing":false,"failureDetails":[],"failureMessages":[],"fullName":"Authentication API POST /api/auth/password/reset should reset password with valid token","invocations":1,"location":null,"numPassingAsserts":2,"retryReasons":[],"startAt":1762127455129,"status":"passed","title":"should reset password with valid token"}],"endTime":1762127455136,"message":"\u001b[1m\u001b[31m  \u001b[1m● \u001b[22m\u001b[1mAuthentication API › POST /api/auth/login › should fail to login with invalid credentials\u001b[39m\u001b[22m\n\n    expected 401 \"Unauthorized\", got 404 \"Not Found\"\n\u001b[2m\u001b[22m\n\u001b[2m    \u001b[0m \u001b[90m 74 |\u001b[39m           password\u001b[33m:\u001b[39m \u001b[32m'wrongpassword'\u001b[39m\u001b[22m\n\u001b[2m     \u001b[90m 75 |\u001b[39m         })\u001b[22m\n\u001b[2m    \u001b[31m\u001b[1m>\u001b[22m\u001b[2m\u001b[39m\u001b[90m 76 |\u001b[39m         \u001b[33m.\u001b[39mexpect(\u001b[35m401\u001b[39m)\u001b[33m;\u001b[39m\u001b[22m\n\u001b[2m     \u001b[90m    |\u001b[39m          \u001b[31m\u001b[1m^\u001b[22m\u001b[2m\u001b[39m\u001b[22m\n\u001b[2m     \u001b[90m 77 |\u001b[39m\u001b[22m\n\u001b[2m     \u001b[90m 78 |\u001b[39m       expect(res\u001b[33m.\u001b[39mbody\u001b[33m.\u001b[39mtype)\u001b[33m.\u001b[39mtoBe(\u001b[32m'https://glasscode/errors/unauthorized'\u001b[39m)\u001b[33m;\u001b[39m\u001b[22m\n\u001b[2m     \u001b[90m 79 |\u001b[39m     })\u001b[33m;\u001b[39m\u001b[0m\u001b[22m\n\u001b[2m\u001b[22m\n\u001b[2m      \u001b[2mat Object.expect (\u001b[22m\u001b[2m\u001b[0m\u001b[36mtests/auth.test.js\u001b[39m\u001b[0m\u001b[2m:76:10)\u001b[22m\u001b[2m\u001b[22m\n\u001b[2m      ----\u001b[22m\n\u001b[2m      \u001b[2mat Test._assertStatus (\u001b[22m\u001b[2mnode_modules/supertest/lib/test.js\u001b[2m:309:14)\u001b[22m\u001b[2m\u001b[22m\n\u001b[2m      \u001b[2mat assertFn (\u001b[22m\u001b[2mnode_modules/supertest/lib/test.js\u001b[2m:365:13)\u001b[22m\u001b[2m\u001b[22m\n\u001b[2m      \u001b[2mat Test.fn [as _assertFunction] (\u001b[22m\u001b[2mnode_modules/supertest/lib/test.js\u001b[2m:342:13)\u001b[22m\u001b[2m\u001b[22m\n\u001b[2m      \u001b[2mat Test._assertFunction [as assert] (\u001b[22m\u001b[2mnode_modules/supertest/lib/test.js\u001b[2m:195:23)\u001b[22m\u001b[2m\u001b[22m\n\u001b[2m      \u001b[2mat assert (\u001b[22m\u001b[2mnode_modules/supertest/lib/test.js\u001b[2m:138:14)\u001b[22m\u001b[2m\u001b[22m\n\u001b[2m      \u001b[2mat Server.localAssert (\u001b[22m\u001b[2mnode_modules/supertest/lib/test.js\u001b[2m:152:11)\u001b[22m\u001b[2m\u001b[22m\n","name":"/Users/veland/GlassCodeAcademy/backend-node/tests/auth.test.js","startTime":1762127454710,"status":"failed","summary":""},{"assertionResults":[{"ancestorTitles":["Academy API","POST /api/admin/academies"],"duration":14,"failing":false,"failureDetails":[{}],"failureMessages":["Error: expected 201 \"Created\", got 500 \"Internal Server Error\"\n    at Object.expect (/Users/veland/GlassCodeAcademy/backend-node/tests/academy.test.js:19:10)\n    at Promise.finally.completed (/Users/veland/GlassCodeAcademy/backend-node/node_modules/jest-circus/build/jestAdapterInit.js:1557:28)\n    at new Promise (<anonymous>)\n    at callAsyncCircusFn (/Users/veland/GlassCodeAcademy/backend-node/node_modules/jest-circus/build/jestAdapterInit.js:1497:10)\n    at _callCircusTest (/Users/veland/GlassCodeAcademy/backend-node/node_modules/jest-circus/build/jestAdapterInit.js:1007:40)\n    at _runTest (/Users/veland/GlassCodeAcademy/backend-node/node_modules/jest-circus/build/jestAdapterInit.js:947:3)\n    at /Users/veland/GlassCodeAcademy/backend-node/node_modules/jest-circus/build/jestAdapterInit.js:849:7\n    at _runTestsForDescribeBlock (/Users/veland/GlassCodeAcademy/backend-node/node_modules/jest-circus/build/jestAdapterInit.js:862:11)\n    at _runTestsForDescribeBlock (/Users/veland/GlassCodeAcademy/backend-node/node_modules/jest-circus/build/jestAdapterInit.js:857:11)\n    at _runTestsForDescribeBlock (/Users/veland/GlassCodeAcademy/backend-node/node_modules/jest-circus/build/jestAdapterInit.js:857:11)\n    at run (/Users/veland/GlassCodeAcademy/backend-node/node_modules/jest-circus/build/jestAdapterInit.js:761:3)\n    at runAndTransformResultsToJestFormat (/Users/veland/GlassCodeAcademy/backend-node/node_modules/jest-circus/build/jestAdapterInit.js:1918:21)\n    at jestAdapter (/Users/veland/GlassCodeAcademy/backend-node/node_modules/jest-circus/build/runner.js:103:25)\n    at runTestInternal (/Users/veland/GlassCodeAcademy/backend-node/node_modules/jest-runner/build/index.js:300:22)\n    at runTest (/Users/veland/GlassCodeAcademy/backend-node/node_modules/jest-runner/build/index.js:368:13)\n----\n    at Test._assertStatus (/Users/veland/GlassCodeAcademy/backend-node/node_modules/supertest/lib/test.js:309:14)\n    at assertFn (/Users/veland/GlassCodeAcademy/backend-node/node_modules/supertest/lib/test.js:365:13)\n    at Test.fn [as _assertFunction] (/Users/veland/GlassCodeAcademy/backend-node/node_modules/supertest/lib/test.js:342:13)\n    at Test._assertFunction [as assert] (/Users/veland/GlassCodeAcademy/backend-node/node_modules/supertest/lib/test.js:195:23)\n    at assert (/Users/veland/GlassCodeAcademy/backend-node/node_modules/supertest/lib/test.js:138:14)\n    at Server.localAssert (/Users/veland/GlassCodeAcademy/backend-node/node_modules/supertest/lib/test.js:152:11)\n    at Object.onceWrapper (node:events:638:28)\n    at Server.emit (node:events:524:28)\n    at emitCloseNT (node:net:2344:8)\n    at processTicksAndRejections (node:internal/process/task_queues:81:21)"],"fullName":"Academy API POST /api/admin/academies should create a new academy (test stub)","invocations":1,"location":null,"numPassingAsserts":0,"retryReasons":[],"startAt":1762127455370,"status":"failed","title":"should create a new academy (test stub)"},{"ancestorTitles":["Academy API","GET /api/admin/academies"],"duration":2,"failing":false,"failureDetails":[{}],"failureMessages":["Error: expected 200 \"OK\", got 500 \"Internal Server Error\"\n    at Object.expect (/Users/veland/GlassCodeAcademy/backend-node/tests/academy.test.js:34:10)\n    at Promise.finally.completed (/Users/veland/GlassCodeAcademy/backend-node/node_modules/jest-circus/build/jestAdapterInit.js:1557:28)\n    at new Promise (<anonymous>)\n    at callAsyncCircusFn (/Users/veland/GlassCodeAcademy/backend-node/node_modules/jest-circus/build/jestAdapterInit.js:1497:10)\n    at _callCircusTest (/Users/veland/GlassCodeAcademy/backend-node/node_modules/jest-circus/build/jestAdapterInit.js:1007:40)\n    at processTicksAndRejections (node:internal/process/task_queues:95:5)\n    at _runTest (/Users/veland/GlassCodeAcademy/backend-node/node_modules/jest-circus/build/jestAdapterInit.js:947:3)\n    at /Users/veland/GlassCodeAcademy/backend-node/node_modules/jest-circus/build/jestAdapterInit.js:849:7\n    at _runTestsForDescribeBlock (/Users/veland/GlassCodeAcademy/backend-node/node_modules/jest-circus/build/jestAdapterInit.js:862:11)\n    at _runTestsForDescribeBlock (/Users/veland/GlassCodeAcademy/backend-node/node_modules/jest-circus/build/jestAdapterInit.js:857:11)\n    at _runTestsForDescribeBlock (/Users/veland/GlassCodeAcademy/backend-node/node_modules/jest-circus/build/jestAdapterInit.js:857:11)\n    at run (/Users/veland/GlassCodeAcademy/backend-node/node_modules/jest-circus/build/jestAdapterInit.js:761:3)\n    at runAndTransformResultsToJestFormat (/Users/veland/GlassCodeAcademy/backend-node/node_modules/jest-circus/build/jestAdapterInit.js:1918:21)\n    at jestAdapter (/Users/veland/GlassCodeAcademy/backend-node/node_modules/jest-circus/build/runner.js:103:25)\n    at runTestInternal (/Users/veland/GlassCodeAcademy/backend-node/node_modules/jest-runner/build/index.js:300:22)\n    at runTest (/Users/veland/GlassCodeAcademy/backend-node/node_modules/jest-runner/build/index.js:368:13)\n----\n    at Test._assertStatus (/Users/veland/GlassCodeAcademy/backend-node/node_modules/supertest/lib/test.js:309:14)\n    at assertFn (/Users/veland/GlassCodeAcademy/backend-node/node_modules/supertest/lib/test.js:365:13)\n    at Test.fn [as _assertFunction] (/Users/veland/GlassCodeAcademy/backend-node/node_modules/supertest/lib/test.js:342:13)\n    at Test._assertFunction [as assert] (/Users/veland/GlassCodeAcademy/backend-node/node_modules/supertest/lib/test.js:195:23)\n    at assert (/Users/veland/GlassCodeAcademy/backend-node/node_modules/supertest/lib/test.js:138:14)\n    at Server.localAssert (/Users/veland/GlassCodeAcademy/backend-node/node_modules/supertest/lib/test.js:152:11)\n    at Object.onceWrapper (node:events:638:28)\n    at Server.emit (node:events:524:28)\n    at emitCloseNT (node:net:2344:8)\n    at processTicksAndRejections (node:internal/process/task_queues:81:21)"],"fullName":"Academy API GET /api/admin/academies should get all academies (test stub)","invocations":1,"location":null,"numPassingAsserts":0,"retryReasons":[],"startAt":1762127455384,"status":"failed","title":"should get all academies (test stub)"},{"ancestorTitles":["Academy API","GET /api/admin/academies/:id"],"duration":2,"failing":false,"failureDetails":[{}],"failureMessages":["Error: expected 200 \"OK\", got 500 \"Internal Server Error\"\n    at Object.expect (/Users/veland/GlassCodeAcademy/backend-node/tests/academy.test.js:47:10)\n    at Promise.finally.completed (/Users/veland/GlassCodeAcademy/backend-node/node_modules/jest-circus/build/jestAdapterInit.js:1557:28)\n    at new Promise (<anonymous>)\n    at callAsyncCircusFn (/Users/veland/GlassCodeAcademy/backend-node/node_modules/jest-circus/build/jestAdapterInit.js:1497:10)\n    at _callCircusTest (/Users/veland/GlassCodeAcademy/backend-node/node_modules/jest-circus/build/jestAdapterInit.js:1007:40)\n    at processTicksAndRejections (node:internal/process/task_queues:95:5)\n    at _runTest (/Users/veland/GlassCodeAcademy/backend-node/node_modules/jest-circus/build/jestAdapterInit.js:947:3)\n    at /Users/veland/GlassCodeAcademy/backend-node/node_modules/jest-circus/build/jestAdapterInit.js:849:7\n    at _runTestsForDescribeBlock (/Users/veland/GlassCodeAcademy/backend-node/node_modules/jest-circus/build/jestAdapterInit.js:862:11)\n    at _runTestsForDescribeBlock (/Users/veland/GlassCodeAcademy/backend-node/node_modules/jest-circus/build/jestAdapterInit.js:857:11)\n    at _runTestsForDescribeBlock (/Users/veland/GlassCodeAcademy/backend-node/node_modules/jest-circus/build/jestAdapterInit.js:857:11)\n    at run (/Users/veland/GlassCodeAcademy/backend-node/node_modules/jest-circus/build/jestAdapterInit.js:761:3)\n    at runAndTransformResultsToJestFormat (/Users/veland/GlassCodeAcademy/backend-node/node_modules/jest-circus/build/jestAdapterInit.js:1918:21)\n    at jestAdapter (/Users/veland/GlassCodeAcademy/backend-node/node_modules/jest-circus/build/runner.js:103:25)\n    at runTestInternal (/Users/veland/GlassCodeAcademy/backend-node/node_modules/jest-runner/build/index.js:300:22)\n    at runTest (/Users/veland/GlassCodeAcademy/backend-node/node_modules/jest-runner/build/index.js:368:13)\n----\n    at Test._assertStatus (/Users/veland/GlassCodeAcademy/backend-node/node_modules/supertest/lib/test.js:309:14)\n    at assertFn (/Users/veland/GlassCodeAcademy/backend-node/node_modules/supertest/lib/test.js:365:13)\n    at Test.fn [as _assertFunction] (/Users/veland/GlassCodeAcademy/backend-node/node_modules/supertest/lib/test.js:342:13)\n    at Test._assertFunction [as assert] (/Users/veland/GlassCodeAcademy/backend-node/node_modules/supertest/lib/test.js:195:23)\n    at assert (/Users/veland/GlassCodeAcademy/backend-node/node_modules/supertest/lib/test.js:138:14)\n    at Server.localAssert (/Users/veland/GlassCodeAcademy/backend-node/node_modules/supertest/lib/test.js:152:11)\n    at Object.onceWrapper (node:events:638:28)\n    at Server.emit (node:events:524:28)\n    at emitCloseNT (node:net:2344:8)\n    at processTicksAndRejections (node:internal/process/task_queues:81:21)"],"fullName":"Academy API GET /api/admin/academies/:id should get an academy by ID (test stub)","invocations":1,"location":null,"numPassingAsserts":0,"retryReasons":[],"startAt":1762127455386,"status":"failed","title":"should get an academy by ID (test stub)"},{"ancestorTitles":["Academy API","PUT /api/admin/academies/:id"],"duration":1,"failing":false,"failureDetails":[{}],"failureMessages":["Error: expected 200 \"OK\", got 500 \"Internal Server Error\"\n    at Object.expect (/Users/veland/GlassCodeAcademy/backend-node/tests/academy.test.js:63:10)\n    at Promise.finally.completed (/Users/veland/GlassCodeAcademy/backend-node/node_modules/jest-circus/build/jestAdapterInit.js:1557:28)\n    at new Promise (<anonymous>)\n    at callAsyncCircusFn (/Users/veland/GlassCodeAcademy/backend-node/node_modules/jest-circus/build/jestAdapterInit.js:1497:10)\n    at _callCircusTest (/Users/veland/GlassCodeAcademy/backend-node/node_modules/jest-circus/build/jestAdapterInit.js:1007:40)\n    at processTicksAndRejections (node:internal/process/task_queues:95:5)\n    at _runTest (/Users/veland/GlassCodeAcademy/backend-node/node_modules/jest-circus/build/jestAdapterInit.js:947:3)\n    at /Users/veland/GlassCodeAcademy/backend-node/node_modules/jest-circus/build/jestAdapterInit.js:849:7\n    at _runTestsForDescribeBlock (/Users/veland/GlassCodeAcademy/backend-node/node_modules/jest-circus/build/jestAdapterInit.js:862:11)\n    at _runTestsForDescribeBlock (/Users/veland/GlassCodeAcademy/backend-node/node_modules/jest-circus/build/jestAdapterInit.js:857:11)\n    at _runTestsForDescribeBlock (/Users/veland/GlassCodeAcademy/backend-node/node_modules/jest-circus/build/jestAdapterInit.js:857:11)\n    at run (/Users/veland/GlassCodeAcademy/backend-node/node_modules/jest-circus/build/jestAdapterInit.js:761:3)\n    at runAndTransformResultsToJestFormat (/Users/veland/GlassCodeAcademy/backend-node/node_modules/jest-circus/build/jestAdapterInit.js:1918:21)\n    at jestAdapter (/Users/veland/GlassCodeAcademy/backend-node/node_modules/jest-circus/build/runner.js:103:25)\n    at runTestInternal (/Users/veland/GlassCodeAcademy/backend-node/node_modules/jest-runner/build/index.js:300:22)\n    at runTest (/Users/veland/GlassCodeAcademy/backend-node/node_modules/jest-runner/build/index.js:368:13)\n----\n    at Test._assertStatus (/Users/veland/GlassCodeAcademy/backend-node/node_modules/supertest/lib/test.js:309:14)\n    at assertFn (/Users/veland/GlassCodeAcademy/backend-node/node_modules/supertest/lib/test.js:365:13)\n    at Test.fn [as _assertFunction] (/Users/veland/GlassCodeAcademy/backend-node/node_modules/supertest/lib/test.js:342:13)\n    at Test._assertFunction [as assert] (/Users/veland/GlassCodeAcademy/backend-node/node_modules/supertest/lib/test.js:195:23)\n    at assert (/Users/veland/GlassCodeAcademy/backend-node/node_modules/supertest/lib/test.js:138:14)\n    at Server.localAssert (/Users/veland/GlassCodeAcademy/backend-node/node_modules/supertest/lib/test.js:152:11)\n    at Object.onceWrapper (node:events:638:28)\n    at Server.emit (node:events:524:28)\n    at emitCloseNT (node:net:2344:8)\n    at processTicksAndRejections (node:internal/process/task_queues:81:21)"],"fullName":"Academy API PUT /api/admin/academies/:id should update an academy by ID (test stub)","invocations":1,"location":null,"numPassingAsserts":0,"retryReasons":[],"startAt":1762127455388,"status":"failed","title":"should update an academy by ID (test stub)"},{"ancestorTitles":["Academy API","DELETE /api/admin/academies/:id"],"duration":2,"failing":false,"failureDetails":[{}],"failureMessages":["Error: expected 200 \"OK\", got 500 \"Internal Server Error\"\n    at Object.expect (/Users/veland/GlassCodeAcademy/backend-node/tests/academy.test.js:77:10)\n    at Promise.finally.completed (/Users/veland/GlassCodeAcademy/backend-node/node_modules/jest-circus/build/jestAdapterInit.js:1557:28)\n    at new Promise (<anonymous>)\n    at callAsyncCircusFn (/Users/veland/GlassCodeAcademy/backend-node/node_modules/jest-circus/build/jestAdapterInit.js:1497:10)\n    at _callCircusTest (/Users/veland/GlassCodeAcademy/backend-node/node_modules/jest-circus/build/jestAdapterInit.js:1007:40)\n    at processTicksAndRejections (node:internal/process/task_queues:95:5)\n    at _runTest (/Users/veland/GlassCodeAcademy/backend-node/node_modules/jest-circus/build/jestAdapterInit.js:947:3)\n    at /Users/veland/GlassCodeAcademy/backend-node/node_modules/jest-circus/build/jestAdapterInit.js:849:7\n    at _runTestsForDescribeBlock (/Users/veland/GlassCodeAcademy/backend-node/node_modules/jest-circus/build/jestAdapterInit.js:862:11)\n    at _runTestsForDescribeBlock (/Users/veland/GlassCodeAcademy/backend-node/node_modules/jest-circus/build/jestAdapterInit.js:857:11)\n    at _runTestsForDescribeBlock (/Users/veland/GlassCodeAcademy/backend-node/node_modules/jest-circus/build/jestAdapterInit.js:857:11)\n    at run (/Users/veland/GlassCodeAcademy/backend-node/node_modules/jest-circus/build/jestAdapterInit.js:761:3)\n    at runAndTransformResultsToJestFormat (/Users/veland/GlassCodeAcademy/backend-node/node_modules/jest-circus/build/jestAdapterInit.js:1918:21)\n    at jestAdapter (/Users/veland/GlassCodeAcademy/backend-node/node_modules/jest-circus/build/runner.js:103:25)\n    at runTestInternal (/Users/veland/GlassCodeAcademy/backend-node/node_modules/jest-runner/build/index.js:300:22)\n    at runTest (/Users/veland/GlassCodeAcademy/backend-node/node_modules/jest-runner/build/index.js:368:13)\n----\n    at Test._assertStatus (/Users/veland/GlassCodeAcademy/backend-node/node_modules/supertest/lib/test.js:309:14)\n    at assertFn (/Users/veland/GlassCodeAcademy/backend-node/node_modules/supertest/lib/test.js:365:13)\n    at Test.fn [as _assertFunction] (/Users/veland/GlassCodeAcademy/backend-node/node_modules/supertest/lib/test.js:342:13)\n    at Test._assertFunction [as assert] (/Users/veland/GlassCodeAcademy/backend-node/node_modules/supertest/lib/test.js:195:23)\n    at assert (/Users/veland/GlassCodeAcademy/backend-node/node_modules/supertest/lib/test.js:138:14)\n    at Server.localAssert (/Users/veland/GlassCodeAcademy/backend-node/node_modules/supertest/lib/test.js:152:11)\n    at Object.onceWrapper (node:events:638:28)\n    at Server.emit (node:events:524:28)\n    at emitCloseNT (node:net:2344:8)\n    at processTicksAndRejections (node:internal/process/task_queues:81:21)"],"fullName":"Academy API DELETE /api/admin/academies/:id should delete an academy by ID (test stub)","invocations":1,"location":null,"numPassingAsserts":0,"retryReasons":[],"startAt":1762127455389,"status":"failed","title":"should delete an academy by ID (test stub)"},{"ancestorTitles":["Academy API","GET /api/admin/academies/:id/export"],"duration":1,"failing":false,"failureDetails":[{}],"failureMessages":["Error: expected 200 \"OK\", got 500 \"Internal Server Error\"\n    at Object.expect (/Users/veland/GlassCodeAcademy/backend-node/tests/academy.test.js:91:10)\n    at Promise.finally.completed (/Users/veland/GlassCodeAcademy/backend-node/node_modules/jest-circus/build/jestAdapterInit.js:1557:28)\n    at new Promise (<anonymous>)\n    at callAsyncCircusFn (/Users/veland/GlassCodeAcademy/backend-node/node_modules/jest-circus/build/jestAdapterInit.js:1497:10)\n    at _callCircusTest (/Users/veland/GlassCodeAcademy/backend-node/node_modules/jest-circus/build/jestAdapterInit.js:1007:40)\n    at processTicksAndRejections (node:internal/process/task_queues:95:5)\n    at _runTest (/Users/veland/GlassCodeAcademy/backend-node/node_modules/jest-circus/build/jestAdapterInit.js:947:3)\n    at /Users/veland/GlassCodeAcademy/backend-node/node_modules/jest-circus/build/jestAdapterInit.js:849:7\n    at _runTestsForDescribeBlock (/Users/veland/GlassCodeAcademy/backend-node/node_modules/jest-circus/build/jestAdapterInit.js:862:11)\n    at _runTestsForDescribeBlock (/Users/veland/GlassCodeAcademy/backend-node/node_modules/jest-circus/build/jestAdapterInit.js:857:11)\n    at _runTestsForDescribeBlock (/Users/veland/GlassCodeAcademy/backend-node/node_modules/jest-circus/build/jestAdapterInit.js:857:11)\n    at run (/Users/veland/GlassCodeAcademy/backend-node/node_modules/jest-circus/build/jestAdapterInit.js:761:3)\n    at runAndTransformResultsToJestFormat (/Users/veland/GlassCodeAcademy/backend-node/node_modules/jest-circus/build/jestAdapterInit.js:1918:21)\n    at jestAdapter (/Users/veland/GlassCodeAcademy/backend-node/node_modules/jest-circus/build/runner.js:103:25)\n    at runTestInternal (/Users/veland/GlassCodeAcademy/backend-node/node_modules/jest-runner/build/index.js:300:22)\n    at runTest (/Users/veland/GlassCodeAcademy/backend-node/node_modules/jest-runner/build/index.js:368:13)\n----\n    at Test._assertStatus (/Users/veland/GlassCodeAcademy/backend-node/node_modules/supertest/lib/test.js:309:14)\n    at assertFn (/Users/veland/GlassCodeAcademy/backend-node/node_modules/supertest/lib/test.js:365:13)\n    at Test.fn [as _assertFunction] (/Users/veland/GlassCodeAcademy/backend-node/node_modules/supertest/lib/test.js:342:13)\n    at Test._assertFunction [as assert] (/Users/veland/GlassCodeAcademy/backend-node/node_modules/supertest/lib/test.js:195:23)\n    at assert (/Users/veland/GlassCodeAcademy/backend-node/node_modules/supertest/lib/test.js:138:14)\n    at Server.localAssert (/Users/veland/GlassCodeAcademy/backend-node/node_modules/supertest/lib/test.js:152:11)\n    at Object.onceWrapper (node:events:638:28)\n    at Server.emit (node:events:524:28)\n    at emitCloseNT (node:net:2344:8)\n    at processTicksAndRejections (node:internal/process/task_queues:81:21)"],"fullName":"Academy API GET /api/admin/academies/:id/export should export academy with nested content (test stub)","invocations":1,"location":null,"numPassingAsserts":0,"retryReasons":[],"startAt":1762127455391,"status":"failed","title":"should export academy with nested content (test stub)"}],"endTime":1762127455404,"message":"\u001b[1m\u001b[31m  \u001b[1m● \u001b[22m\u001b[1mAcademy API › POST /api/admin/academies › should create a new academy (test stub)\u001b[39m\u001b[22m\n\n    expected 201 \"Created\", got 500 \"Internal Server Error\"\n\u001b[2m\u001b[22m\n\u001b[2m    \u001b[0m \u001b[90m 17 |\u001b[39m         \u001b[33m.\u001b[39m\u001b[36mset\u001b[39m(\u001b[32m'Authorization'\u001b[39m\u001b[33m,\u001b[39m authToken)\u001b[22m\n\u001b[2m     \u001b[90m 18 |\u001b[39m         \u001b[33m.\u001b[39msend(academyData)\u001b[22m\n\u001b[2m    \u001b[31m\u001b[1m>\u001b[22m\u001b[2m\u001b[39m\u001b[90m 19 |\u001b[39m         \u001b[33m.\u001b[39mexpect(\u001b[35m201\u001b[39m)\u001b[33m;\u001b[39m\u001b[22m\n\u001b[2m     \u001b[90m    |\u001b[39m          \u001b[31m\u001b[1m^\u001b[22m\u001b[2m\u001b[39m\u001b[22m\n\u001b[2m     \u001b[90m 20 |\u001b[39m\u001b[22m\n\u001b[2m     \u001b[90m 21 |\u001b[39m       expect(res\u001b[33m.\u001b[39mbody\u001b[33m.\u001b[39mtype)\u001b[33m.\u001b[39mtoBe(\u001b[32m'https://glasscode/errors/success'\u001b[39m)\u001b[33m;\u001b[39m\u001b[22m\n\u001b[2m     \u001b[90m 22 |\u001b[39m       expect(res\u001b[33m.\u001b[39mbody\u001b[33m.\u001b[39mstatus)\u001b[33m.\u001b[39mtoBe(\u001b[35m201\u001b[39m)\u001b[33m;\u001b[39m\u001b[0m\u001b[22m\n\u001b[2m\u001b[22m\n\u001b[2m      \u001b[2mat Object.expect (\u001b[22m\u001b[2m\u001b[0m\u001b[36mtests/academy.test.js\u001b[39m\u001b[0m\u001b[2m:19:10)\u001b[22m\u001b[2m\u001b[22m\n\u001b[2m      ----\u001b[22m\n\u001b[2m      \u001b[2mat Test._assertStatus (\u001b[22m\u001b[2mnode_modules/supertest/lib/test.js\u001b[2m:309:14)\u001b[22m\u001b[2m\u001b[22m\n\u001b[2m      \u001b[2mat assertFn (\u001b[22m\u001b[2mnode_modules/supertest/lib/test.js\u001b[2m:365:13)\u001b[22m\u001b[2m\u001b[22m\n\u001b[2m      \u001b[2mat Test.fn [as _assertFunction] (\u001b[22m\u001b[2mnode_modules/supertest/lib/test.js\u001b[2m:342:13)\u001b[22m\u001b[2m\u001b[22m\n\u001b[2m      \u001b[2mat Test._assertFunction [as assert] (\u001b[22m\u001b[2mnode_modules/supertest/lib/test.js\u001b[2m:195:23)\u001b[22m\u001b[2m\u001b[22m\n\u001b[2m      \u001b[2mat assert (\u001b[22m\u001b[2mnode_modules/supertest/lib/test.js\u001b[2m:138:14)\u001b[22m\u001b[2m\u001b[22m\n\u001b[2m      \u001b[2mat Server.localAssert (\u001b[22m\u001b[2mnode_modules/supertest/lib/test.js\u001b[2m:152:11)\u001b[22m\u001b[2m\u001b[22m\n\n\u001b[1m\u001b[31m  \u001b[1m● \u001b[22m\u001b[1mAcademy API › GET /api/admin/academies › should get all academies (test stub)\u001b[39m\u001b[22m\n\n    expected 200 \"OK\", got 500 \"Internal Server Error\"\n\u001b[2m\u001b[22m\n\u001b[2m    \u001b[0m \u001b[90m 32 |\u001b[39m         \u001b[33m.\u001b[39m\u001b[36mget\u001b[39m(\u001b[32m'/api/admin/academies'\u001b[39m)\u001b[22m\n\u001b[2m     \u001b[90m 33 |\u001b[39m         \u001b[33m.\u001b[39m\u001b[36mset\u001b[39m(\u001b[32m'Authorization'\u001b[39m\u001b[33m,\u001b[39m authToken)\u001b[22m\n\u001b[2m    \u001b[31m\u001b[1m>\u001b[22m\u001b[2m\u001b[39m\u001b[90m 34 |\u001b[39m         \u001b[33m.\u001b[39mexpect(\u001b[35m200\u001b[39m)\u001b[33m;\u001b[39m\u001b[22m\n\u001b[2m     \u001b[90m    |\u001b[39m          \u001b[31m\u001b[1m^\u001b[22m\u001b[2m\u001b[39m\u001b[22m\n\u001b[2m     \u001b[90m 35 |\u001b[39m\u001b[22m\n\u001b[2m     \u001b[90m 36 |\u001b[39m       expect(res\u001b[33m.\u001b[39mbody\u001b[33m.\u001b[39mtype)\u001b[33m.\u001b[39mtoBe(\u001b[32m'https://glasscode/errors/success'\u001b[39m)\u001b[33m;\u001b[39m\u001b[22m\n\u001b[2m     \u001b[90m 37 |\u001b[39m       expect(\u001b[33mArray\u001b[39m\u001b[33m.\u001b[39misArray(res\u001b[33m.\u001b[39mbody\u001b[33m.\u001b[39mdata))\u001b[33m.\u001b[39mtoBe(\u001b[36mtrue\u001b[39m)\u001b[33m;\u001b[39m\u001b[0m\u001b[22m\n\u001b[2m\u001b[22m\n\u001b[2m      \u001b[2mat Object.expect (\u001b[22m\u001b[2m\u001b[0m\u001b[36mtests/academy.test.js\u001b[39m\u001b[0m\u001b[2m:34:10)\u001b[22m\u001b[2m\u001b[22m\n\u001b[2m      ----\u001b[22m\n\u001b[2m      \u001b[2mat Test._assertStatus (\u001b[22m\u001b[2mnode_modules/supertest/lib/test.js\u001b[2m:309:14)\u001b[22m\u001b[2m\u001b[22m\n\u001b[2m      \u001b[2mat assertFn (\u001b[22m\u001b[2mnode_modules/supertest/lib/test.js\u001b[2m:365:13)\u001b[22m\u001b[2m\u001b[22m\n\u001b[2m      \u001b[2mat Test.fn [as _assertFunction] (\u001b[22m\u001b[2mnode_modules/supertest/lib/test.js\u001b[2m:342:13)\u001b[22m\u001b[2m\u001b[22m\n\u001b[2m      \u001b[2mat Test._assertFunction [as assert] (\u001b[22m\u001b[2mnode_modules/supertest/lib/test.js\u001b[2m:195:23)\u001b[22m\u001b[2m\u001b[22m\n\u001b[2m      \u001b[2mat assert (\u001b[22m\u001b[2mnode_modules/supertest/lib/test.js\u001b[2m:138:14)\u001b[22m\u001b[2m\u001b[22m\n\u001b[2m      \u001b[2mat Server.localAssert (\u001b[22m\u001b[2mnode_modules/supertest/lib/test.js\u001b[2m:152:11)\u001b[22m\u001b[2m\u001b[22m\n\n\u001b[1m\u001b[31m  \u001b[1m● \u001b[22m\u001b[1mAcademy API › GET /api/admin/academies/:id › should get an academy by ID (test stub)\u001b[39m\u001b[22m\n\n    expected 200 \"OK\", got 500 \"Internal Server Error\"\n\u001b[2m\u001b[22m\n\u001b[2m    \u001b[0m \u001b[90m 45 |\u001b[39m         \u001b[33m.\u001b[39m\u001b[36mget\u001b[39m(\u001b[32m'/api/admin/academies/1'\u001b[39m)\u001b[22m\n\u001b[2m     \u001b[90m 46 |\u001b[39m         \u001b[33m.\u001b[39m\u001b[36mset\u001b[39m(\u001b[32m'Authorization'\u001b[39m\u001b[33m,\u001b[39m authToken)\u001b[22m\n\u001b[2m    \u001b[31m\u001b[1m>\u001b[22m\u001b[2m\u001b[39m\u001b[90m 47 |\u001b[39m         \u001b[33m.\u001b[39mexpect(\u001b[35m200\u001b[39m)\u001b[33m;\u001b[39m\u001b[22m\n\u001b[2m     \u001b[90m    |\u001b[39m          \u001b[31m\u001b[1m^\u001b[22m\u001b[2m\u001b[39m\u001b[22m\n\u001b[2m     \u001b[90m 48 |\u001b[39m\u001b[22m\n\u001b[2m     \u001b[90m 49 |\u001b[39m       expect(res\u001b[33m.\u001b[39mbody\u001b[33m.\u001b[39mtype)\u001b[33m.\u001b[39mtoBe(\u001b[32m'https://glasscode/errors/success'\u001b[39m)\u001b[33m;\u001b[39m\u001b[22m\n\u001b[2m     \u001b[90m 50 |\u001b[39m       expect(res\u001b[33m.\u001b[39mbody\u001b[33m.\u001b[39mdata)\u001b[33m.\u001b[39mtoBeDefined()\u001b[33m;\u001b[39m\u001b[0m\u001b[22m\n\u001b[2m\u001b[22m\n\u001b[2m      \u001b[2mat Object.expect (\u001b[22m\u001b[2m\u001b[0m\u001b[36mtests/academy.test.js\u001b[39m\u001b[0m\u001b[2m:47:10)\u001b[22m\u001b[2m\u001b[22m\n\u001b[2m      ----\u001b[22m\n\u001b[2m      \u001b[2mat Test._assertStatus (\u001b[22m\u001b[2mnode_modules/supertest/lib/test.js\u001b[2m:309:14)\u001b[22m\u001b[2m\u001b[22m\n\u001b[2m      \u001b[2mat assertFn (\u001b[22m\u001b[2mnode_modules/supertest/lib/test.js\u001b[2m:365:13)\u001b[22m\u001b[2m\u001b[22m\n\u001b[2m      \u001b[2mat Test.fn [as _assertFunction] (\u001b[22m\u001b[2mnode_modules/supertest/lib/test.js\u001b[2m:342:13)\u001b[22m\u001b[2m\u001b[22m\n\u001b[2m      \u001b[2mat Test._assertFunction [as assert] (\u001b[22m\u001b[2mnode_modules/supertest/lib/test.js\u001b[2m:195:23)\u001b[22m\u001b[2m\u001b[22m\n\u001b[2m      \u001b[2mat assert (\u001b[22m\u001b[2mnode_modules/supertest/lib/test.js\u001b[2m:138:14)\u001b[22m\u001b[2m\u001b[22m\n\u001b[2m      \u001b[2mat Server.localAssert (\u001b[22m\u001b[2mnode_modules/supertest/lib/test.js\u001b[2m:152:11)\u001b[22m\u001b[2m\u001b[22m\n\n\u001b[1m\u001b[31m  \u001b[1m● \u001b[22m\u001b[1mAcademy API › PUT /api/admin/academies/:id › should update an academy by ID (test stub)\u001b[39m\u001b[22m\n\n    expected 200 \"OK\", got 500 \"Internal Server Error\"\n\u001b[2m\u001b[22m\n\u001b[2m    \u001b[0m \u001b[90m 61 |\u001b[39m         \u001b[33m.\u001b[39m\u001b[36mset\u001b[39m(\u001b[32m'Authorization'\u001b[39m\u001b[33m,\u001b[39m authToken)\u001b[22m\n\u001b[2m     \u001b[90m 62 |\u001b[39m         \u001b[33m.\u001b[39msend(updateData)\u001b[22m\n\u001b[2m    \u001b[31m\u001b[1m>\u001b[22m\u001b[2m\u001b[39m\u001b[90m 63 |\u001b[39m         \u001b[33m.\u001b[39mexpect(\u001b[35m200\u001b[39m)\u001b[33m;\u001b[39m\u001b[22m\n\u001b[2m     \u001b[90m    |\u001b[39m          \u001b[31m\u001b[1m^\u001b[22m\u001b[2m\u001b[39m\u001b[22m\n\u001b[2m     \u001b[90m 64 |\u001b[39m\u001b[22m\n\u001b[2m     \u001b[90m 65 |\u001b[39m       expect(res\u001b[33m.\u001b[39mbody\u001b[33m.\u001b[39mtype)\u001b[33m.\u001b[39mtoBe(\u001b[32m'https://glasscode/errors/success'\u001b[39m)\u001b[33m;\u001b[39m\u001b[22m\n\u001b[2m     \u001b[90m 66 |\u001b[39m       expect(res\u001b[33m.\u001b[39mbody\u001b[33m.\u001b[39mdata)\u001b[33m.\u001b[39mtoBeDefined()\u001b[33m;\u001b[39m\u001b[0m\u001b[22m\n\u001b[2m\u001b[22m\n\u001b[2m      \u001b[2mat Object.expect (\u001b[22m\u001b[2m\u001b[0m\u001b[36mtests/academy.test.js\u001b[39m\u001b[0m\u001b[2m:63:10)\u001b[22m\u001b[2m\u001b[22m\n\u001b[2m      ----\u001b[22m\n\u001b[2m      \u001b[2mat Test._assertStatus (\u001b[22m\u001b[2mnode_modules/supertest/lib/test.js\u001b[2m:309:14)\u001b[22m\u001b[2m\u001b[22m\n\u001b[2m      \u001b[2mat assertFn (\u001b[22m\u001b[2mnode_modules/supertest/lib/test.js\u001b[2m:365:13)\u001b[22m\u001b[2m\u001b[22m\n\u001b[2m      \u001b[2mat Test.fn [as _assertFunction] (\u001b[22m\u001b[2mnode_modules/supertest/lib/test.js\u001b[2m:342:13)\u001b[22m\u001b[2m\u001b[22m\n\u001b[2m      \u001b[2mat Test._assertFunction [as assert] (\u001b[22m\u001b[2mnode_modules/supertest/lib/test.js\u001b[2m:195:23)\u001b[22m\u001b[2m\u001b[22m\n\u001b[2m      \u001b[2mat assert (\u001b[22m\u001b[2mnode_modules/supertest/lib/test.js\u001b[2m:138:14)\u001b[22m\u001b[2m\u001b[22m\n\u001b[2m      \u001b[2mat Server.localAssert (\u001b[22m\u001b[2mnode_modules/supertest/lib/test.js\u001b[2m:152:11)\u001b[22m\u001b[2m\u001b[22m\n\n\u001b[1m\u001b[31m  \u001b[1m● \u001b[22m\u001b[1mAcademy API › DELETE /api/admin/academies/:id › should delete an academy by ID (test stub)\u001b[39m\u001b[22m\n\n    expected 200 \"OK\", got 500 \"Internal Server Error\"\n\u001b[2m\u001b[22m\n\u001b[2m    \u001b[0m \u001b[90m 75 |\u001b[39m         \u001b[33m.\u001b[39m\u001b[36mdelete\u001b[39m(\u001b[32m'/api/admin/academies/1'\u001b[39m)\u001b[22m\n\u001b[2m     \u001b[90m 76 |\u001b[39m         \u001b[33m.\u001b[39m\u001b[36mset\u001b[39m(\u001b[32m'Authorization'\u001b[39m\u001b[33m,\u001b[39m authToken)\u001b[22m\n\u001b[2m    \u001b[31m\u001b[1m>\u001b[22m\u001b[2m\u001b[39m\u001b[90m 77 |\u001b[39m         \u001b[33m.\u001b[39mexpect(\u001b[35m200\u001b[39m)\u001b[33m;\u001b[39m\u001b[22m\n\u001b[2m     \u001b[90m    |\u001b[39m          \u001b[31m\u001b[1m^\u001b[22m\u001b[2m\u001b[39m\u001b[22m\n\u001b[2m     \u001b[90m 78 |\u001b[39m\u001b[22m\n\u001b[2m     \u001b[90m 79 |\u001b[39m       expect(res\u001b[33m.\u001b[39mbody\u001b[33m.\u001b[39mtype)\u001b[33m.\u001b[39mtoBe(\u001b[32m'https://glasscode/errors/success'\u001b[39m)\u001b[33m;\u001b[39m\u001b[22m\n\u001b[2m     \u001b[90m 80 |\u001b[39m       expect(res\u001b[33m.\u001b[39mbody\u001b[33m.\u001b[39mdata)\u001b[33m.\u001b[39mtoBeDefined()\u001b[33m;\u001b[39m\u001b[0m\u001b[22m\n\u001b[2m\u001b[22m\n\u001b[2m      \u001b[2mat Object.expect (\u001b[22m\u001b[2m\u001b[0m\u001b[36mtests/academy.test.js\u001b[39m\u001b[0m\u001b[2m:77:10)\u001b[22m\u001b[2m\u001b[22m\n\u001b[2m      ----\u001b[22m\n\u001b[2m      \u001b[2mat Test._assertStatus (\u001b[22m\u001b[2mnode_modules/supertest/lib/test.js\u001b[2m:309:14)\u001b[22m\u001b[2m\u001b[22m\n\u001b[2m      \u001b[2mat assertFn (\u001b[22m\u001b[2mnode_modules/supertest/lib/test.js\u001b[2m:365:13)\u001b[22m\u001b[2m\u001b[22m\n\u001b[2m      \u001b[2mat Test.fn [as _assertFunction] (\u001b[22m\u001b[2mnode_modules/supertest/lib/test.js\u001b[2m:342:13)\u001b[22m\u001b[2m\u001b[22m\n\u001b[2m      \u001b[2mat Test._assertFunction [as assert] (\u001b[22m\u001b[2mnode_modules/supertest/lib/test.js\u001b[2m:195:23)\u001b[22m\u001b[2m\u001b[22m\n\u001b[2m      \u001b[2mat assert (\u001b[22m\u001b[2mnode_modules/supertest/lib/test.js\u001b[2m:138:14)\u001b[22m\u001b[2m\u001b[22m\n\u001b[2m      \u001b[2mat Server.localAssert (\u001b[22m\u001b[2mnode_modules/supertest/lib/test.js\u001b[2m:152:11)\u001b[22m\u001b[2m\u001b[22m\n\n\u001b[1m\u001b[31m  \u001b[1m● \u001b[22m\u001b[1mAcademy API › GET /api/admin/academies/:id/export › should export academy with nested content (test stub)\u001b[39m\u001b[22m\n\n    expected 200 \"OK\", got 500 \"Internal Server Error\"\n\u001b[2m\u001b[22m\n\u001b[2m    \u001b[0m \u001b[90m 89 |\u001b[39m         \u001b[33m.\u001b[39m\u001b[36mget\u001b[39m(\u001b[32m'/api/admin/academies/1/export'\u001b[39m)\u001b[22m\n\u001b[2m     \u001b[90m 90 |\u001b[39m         \u001b[33m.\u001b[39m\u001b[36mset\u001b[39m(\u001b[32m'Authorization'\u001b[39m\u001b[33m,\u001b[39m authToken)\u001b[22m\n\u001b[2m    \u001b[31m\u001b[1m>\u001b[22m\u001b[2m\u001b[39m\u001b[90m 91 |\u001b[39m         \u001b[33m.\u001b[39mexpect(\u001b[35m200\u001b[39m)\u001b[33m;\u001b[39m\u001b[22m\n\u001b[2m     \u001b[90m    |\u001b[39m          \u001b[31m\u001b[1m^\u001b[22m\u001b[2m\u001b[39m\u001b[22m\n\u001b[2m     \u001b[90m 92 |\u001b[39m\u001b[22m\n\u001b[2m     \u001b[90m 93 |\u001b[39m       expect(res\u001b[33m.\u001b[39mbody\u001b[33m.\u001b[39mtype)\u001b[33m.\u001b[39mtoBe(\u001b[32m'https://glasscode/errors/success'\u001b[39m)\u001b[33m;\u001b[39m\u001b[22m\n\u001b[2m     \u001b[90m 94 |\u001b[39m       expect(res\u001b[33m.\u001b[39mbody\u001b[33m.\u001b[39mdata)\u001b[33m.\u001b[39mtoBeDefined()\u001b[33m;\u001b[39m\u001b[0m\u001b[22m\n\u001b[2m\u001b[22m\n\u001b[2m      \u001b[2mat Object.expect (\u001b[22m\u001b[2m\u001b[0m\u001b[36mtests/academy.test.js\u001b[39m\u001b[0m\u001b[2m:91:10)\u001b[22m\u001b[2m\u001b[22m\n\u001b[2m      ----\u001b[22m\n\u001b[2m      \u001b[2mat Test._assertStatus (\u001b[22m\u001b[2mnode_modules/supertest/lib/test.js\u001b[2m:309:14)\u001b[22m\u001b[2m\u001b[22m\n\u001b[2m      \u001b[2mat assertFn (\u001b[22m\u001b[2mnode_modules/supertest/lib/test.js\u001b[2m:365:13)\u001b[22m\u001b[2m\u001b[22m\n\u001b[2m      \u001b[2mat Test.fn [as _assertFunction] (\u001b[22m\u001b[2mnode_modules/supertest/lib/test.js\u001b[2m:342:13)\u001b[22m\u001b[2m\u001b[22m\n\u001b[2m      \u001b[2mat Test._assertFunction [as assert] (\u001b[22m\u001b[2mnode_modules/supertest/lib/test.js\u001b[2m:195:23)\u001b[22m\u001b[2m\u001b[22m\n\u001b[2m      \u001b[2mat assert (\u001b[22m\u001b[2mnode_modules/supertest/lib/test.js\u001b[2m:138:14)\u001b[22m\u001b[2m\u001b[22m\n\u001b[2m      \u001b[2mat Server.localAssert (\u001b[22m\u001b[2mnode_modules/supertest/lib/test.js\u001b[2m:152:11)\u001b[22m\u001b[2m\u001b[22m\n","name":"/Users/veland/GlassCodeAcademy/backend-node/tests/academy.test.js","startTime":1762127455144,"status":"failed","summary":""},{"assertionResults":[{"ancestorTitles":["Profile API","GET /api/profile/profile"],"duration":10,"failing":false,"failureDetails":[],"failureMessages":[],"fullName":"Profile API GET /api/profile/profile should get user profile","invocations":1,"location":null,"numPassingAsserts":1,"retryReasons":[],"startAt":1762127455623,"status":"passed","title":"should get user profile"},{"ancestorTitles":["Profile API","GET /api/profile/profile"],"duration":2,"failing":false,"failureDetails":[{"matcherResult":{"expected":false,"message":"\u001b[2mexpect(\u001b[22m\u001b[31mreceived\u001b[39m\u001b[2m).\u001b[22mtoBe\u001b[2m(\u001b[22m\u001b[32mexpected\u001b[39m\u001b[2m) // Object.is equality\u001b[22m\n\nExpected: \u001b[32mfalse\u001b[39m\nReceived: \u001b[31mundefined\u001b[39m","name":"toBe","pass":false}}],"failureMessages":["Error: \u001b[2mexpect(\u001b[22m\u001b[31mreceived\u001b[39m\u001b[2m).\u001b[22mtoBe\u001b[2m(\u001b[22m\u001b[32mexpected\u001b[39m\u001b[2m) // Object.is equality\u001b[22m\n\nExpected: \u001b[32mfalse\u001b[39m\nReceived: \u001b[31mundefined\u001b[39m\n    at Object.toBe (/Users/veland/GlassCodeAcademy/backend-node/tests/profile.test.js:27:32)\n    at processTicksAndRejections (node:internal/process/task_queues:95:5)"],"fullName":"Profile API GET /api/profile/profile should fail to get profile without authentication","invocations":1,"location":null,"numPassingAsserts":0,"retryReasons":[],"startAt":1762127455633,"status":"failed","title":"should fail to get profile without authentication"},{"ancestorTitles":["Profile API","PUT /api/profile/profile"],"duration":4,"failing":false,"failureDetails":[],"failureMessages":[],"fullName":"Profile API PUT /api/profile/profile should update user profile","invocations":1,"location":null,"numPassingAsserts":1,"retryReasons":[],"startAt":1762127455635,"status":"passed","title":"should update user profile"},{"ancestorTitles":["Profile API","PUT /api/profile/profile"],"duration":1,"failing":false,"failureDetails":[{"matcherResult":{"expected":false,"message":"\u001b[2mexpect(\u001b[22m\u001b[31mreceived\u001b[39m\u001b[2m).\u001b[22mtoBe\u001b[2m(\u001b[22m\u001b[32mexpected\u001b[39m\u001b[2m) // Object.is equality\u001b[22m\n\nExpected: \u001b[32mfalse\u001b[39m\nReceived: \u001b[31mundefined\u001b[39m","name":"toBe","pass":false}}],"failureMessages":["Error: \u001b[2mexpect(\u001b[22m\u001b[31mreceived\u001b[39m\u001b[2m).\u001b[22mtoBe\u001b[2m(\u001b[22m\u001b[32mexpected\u001b[39m\u001b[2m) // Object.is equality\u001b[22m\n\nExpected: \u001b[32mfalse\u001b[39m\nReceived: \u001b[31mundefined\u001b[39m\n    at Object.toBe (/Users/veland/GlassCodeAcademy/backend-node/tests/profile.test.js:59:32)\n    at processTicksAndRejections (node:internal/process/task_queues:95:5)"],"fullName":"Profile API PUT /api/profile/profile should fail to update profile without authentication","invocations":1,"location":null,"numPassingAsserts":0,"retryReasons":[],"startAt":1762127455640,"status":"failed","title":"should fail to update profile without authentication"}],"endTime":1762127455644,"message":"\u001b[1m\u001b[31m  \u001b[1m● \u001b[22m\u001b[1mProfile API › GET /api/profile/profile › should fail to get profile without authentication\u001b[39m\u001b[22m\n\n    \u001b[2mexpect(\u001b[22m\u001b[31mreceived\u001b[39m\u001b[2m).\u001b[22mtoBe\u001b[2m(\u001b[22m\u001b[32mexpected\u001b[39m\u001b[2m) // Object.is equality\u001b[22m\n\n    Expected: \u001b[32mfalse\u001b[39m\n    Received: \u001b[31mundefined\u001b[39m\n\u001b[2m\u001b[22m\n\u001b[2m    \u001b[0m \u001b[90m 25 |\u001b[39m         \u001b[33m.\u001b[39mexpect(\u001b[35m401\u001b[39m)\u001b[33m;\u001b[39m\u001b[22m\n\u001b[2m     \u001b[90m 26 |\u001b[39m\u001b[22m\n\u001b[2m    \u001b[31m\u001b[1m>\u001b[22m\u001b[2m\u001b[39m\u001b[90m 27 |\u001b[39m       expect(res\u001b[33m.\u001b[39mbody\u001b[33m.\u001b[39msuccess)\u001b[33m.\u001b[39mtoBe(\u001b[36mfalse\u001b[39m)\u001b[33m;\u001b[39m\u001b[22m\n\u001b[2m     \u001b[90m    |\u001b[39m                                \u001b[31m\u001b[1m^\u001b[22m\u001b[2m\u001b[39m\u001b[22m\n\u001b[2m     \u001b[90m 28 |\u001b[39m       expect(res\u001b[33m.\u001b[39mbody\u001b[33m.\u001b[39merror\u001b[33m.\u001b[39mcode)\u001b[33m.\u001b[39mtoBe(\u001b[32m'AUTHENTICATION_REQUIRED'\u001b[39m)\u001b[33m;\u001b[39m\u001b[22m\n\u001b[2m     \u001b[90m 29 |\u001b[39m     })\u001b[33m;\u001b[39m\u001b[22m\n\u001b[2m     \u001b[90m 30 |\u001b[39m   })\u001b[33m;\u001b[39m\u001b[0m\u001b[22m\n\u001b[2m\u001b[22m\n\u001b[2m      \u001b[2mat Object.toBe (\u001b[22m\u001b[2m\u001b[0m\u001b[36mtests/profile.test.js\u001b[39m\u001b[0m\u001b[2m:27:32)\u001b[22m\u001b[2m\u001b[22m\n\n\u001b[1m\u001b[31m  \u001b[1m● \u001b[22m\u001b[1mProfile API › PUT /api/profile/profile › should fail to update profile without authentication\u001b[39m\u001b[22m\n\n    \u001b[2mexpect(\u001b[22m\u001b[31mreceived\u001b[39m\u001b[2m).\u001b[22mtoBe\u001b[2m(\u001b[22m\u001b[32mexpected\u001b[39m\u001b[2m) // Object.is equality\u001b[22m\n\n    Expected: \u001b[32mfalse\u001b[39m\n    Received: \u001b[31mundefined\u001b[39m\n\u001b[2m\u001b[22m\n\u001b[2m    \u001b[0m \u001b[90m 57 |\u001b[39m         \u001b[33m.\u001b[39mexpect(\u001b[35m401\u001b[39m)\u001b[33m;\u001b[39m\u001b[22m\n\u001b[2m     \u001b[90m 58 |\u001b[39m\u001b[22m\n\u001b[2m    \u001b[31m\u001b[1m>\u001b[22m\u001b[2m\u001b[39m\u001b[90m 59 |\u001b[39m       expect(res\u001b[33m.\u001b[39mbody\u001b[33m.\u001b[39msuccess)\u001b[33m.\u001b[39mtoBe(\u001b[36mfalse\u001b[39m)\u001b[33m;\u001b[39m\u001b[22m\n\u001b[2m     \u001b[90m    |\u001b[39m                                \u001b[31m\u001b[1m^\u001b[22m\u001b[2m\u001b[39m\u001b[22m\n\u001b[2m     \u001b[90m 60 |\u001b[39m       expect(res\u001b[33m.\u001b[39mbody\u001b[33m.\u001b[39merror\u001b[33m.\u001b[39mcode)\u001b[33m.\u001b[39mtoBe(\u001b[32m'AUTHENTICATION_REQUIRED'\u001b[39m)\u001b[33m;\u001b[39m\u001b[22m\n\u001b[2m     \u001b[90m 61 |\u001b[39m     })\u001b[33m;\u001b[39m\u001b[22m\n\u001b[2m     \u001b[90m 62 |\u001b[39m   })\u001b[33m;\u001b[39m\u001b[0m\u001b[22m\n\u001b[2m\u001b[22m\n\u001b[2m      \u001b[2mat Object.toBe (\u001b[22m\u001b[2m\u001b[0m\u001b[36mtests/profile.test.js\u001b[39m\u001b[0m\u001b[2m:59:32)\u001b[22m\u001b[2m\u001b[22m\n","name":"/Users/veland/GlassCodeAcademy/backend-node/tests/profile.test.js","startTime":1762127455407,"status":"failed","summary":""},{"assertionResults":[{"ancestorTitles":["Content Management API","POST /api/content/courses"],"duration":15,"failing":false,"failureDetails":[{}],"failureMessages":["Error: expected 201 \"Created\", got 500 \"Internal Server Error\"\n    at Object.expect (/Users/veland/GlassCodeAcademy/backend-node/tests/contentManagement.test.js:21:10)\n    at Promise.finally.completed (/Users/veland/GlassCodeAcademy/backend-node/node_modules/jest-circus/build/jestAdapterInit.js:1557:28)\n    at new Promise (<anonymous>)\n    at callAsyncCircusFn (/Users/veland/GlassCodeAcademy/backend-node/node_modules/jest-circus/build/jestAdapterInit.js:1497:10)\n    at _callCircusTest (/Users/veland/GlassCodeAcademy/backend-node/node_modules/jest-circus/build/jestAdapterInit.js:1007:40)\n    at _runTest (/Users/veland/GlassCodeAcademy/backend-node/node_modules/jest-circus/build/jestAdapterInit.js:947:3)\n    at /Users/veland/GlassCodeAcademy/backend-node/node_modules/jest-circus/build/jestAdapterInit.js:849:7\n    at _runTestsForDescribeBlock (/Users/veland/GlassCodeAcademy/backend-node/node_modules/jest-circus/build/jestAdapterInit.js:862:11)\n    at _runTestsForDescribeBlock (/Users/veland/GlassCodeAcademy/backend-node/node_modules/jest-circus/build/jestAdapterInit.js:857:11)\n    at _runTestsForDescribeBlock (/Users/veland/GlassCodeAcademy/backend-node/node_modules/jest-circus/build/jestAdapterInit.js:857:11)\n    at run (/Users/veland/GlassCodeAcademy/backend-node/node_modules/jest-circus/build/jestAdapterInit.js:761:3)\n    at runAndTransformResultsToJestFormat (/Users/veland/GlassCodeAcademy/backend-node/node_modules/jest-circus/build/jestAdapterInit.js:1918:21)\n    at jestAdapter (/Users/veland/GlassCodeAcademy/backend-node/node_modules/jest-circus/build/runner.js:103:25)\n    at runTestInternal (/Users/veland/GlassCodeAcademy/backend-node/node_modules/jest-runner/build/index.js:300:22)\n    at runTest (/Users/veland/GlassCodeAcademy/backend-node/node_modules/jest-runner/build/index.js:368:13)\n----\n    at Test._assertStatus (/Users/veland/GlassCodeAcademy/backend-node/node_modules/supertest/lib/test.js:309:14)\n    at assertFn (/Users/veland/GlassCodeAcademy/backend-node/node_modules/supertest/lib/test.js:
[...]
tQuizById"],"duration":1,"failing":false,"failureDetails":[],"failureMessages":[],"fullName":"Content Management Service Quiz Operations getQuizById should handle errors when getting a quiz","invocations":1,"location":null,"numPassingAsserts":1,"retryReasons":[],"startAt":1762127460228,"status":"passed","title":"should handle errors when getting a quiz"},{"ancestorTitles":["Content Management Service","Quiz Operations","updateQuiz"],"duration":0,"failing":false,"failureDetails":[],"failureMessages":[],"fullName":"Content Management Service Quiz Operations updateQuiz should update a quiz","invocations":1,"location":null,"numPassingAsserts":3,"retryReasons":[],"startAt":1762127460229,"status":"passed","title":"should update a quiz"},{"ancestorTitles":["Content Management Service","Quiz Operations","updateQuiz"],"duration":0,"failing":false,"failureDetails":[],"failureMessages":[],"fullName":"Content Management Service Quiz Operations updateQuiz should throw error when quiz not found","invocations":1,"location":null,"numPassingAsserts":1,"retryReasons":[],"startAt":1762127460229,"status":"passed","title":"should throw error when quiz not found"},{"ancestorTitles":["Content Management Service","Quiz Operations","updateQuiz"],"duration":0,"failing":false,"failureDetails":[],"failureMessages":[],"fullName":"Content Management Service Quiz Operations updateQuiz should handle errors when updating a quiz","invocations":1,"location":null,"numPassingAsserts":1,"retryReasons":[],"startAt":1762127460229,"status":"passed","title":"should handle errors when updating a quiz"},{"ancestorTitles":["Content Management Service","Quiz Operations","deleteQuiz"],"duration":0,"failing":false,"failureDetails":[],"failureMessages":[],"fullName":"Content Management Service Quiz Operations deleteQuiz should delete a quiz","invocations":1,"location":null,"numPassingAsserts":2,"retryReasons":[],"startAt":1762127460230,"status":"passed","title":"should delete a quiz"},{"ancestorTitles":["Content Management Service","Quiz Operations","deleteQuiz"],"duration":0,"failing":false,"failureDetails":[],"failureMessages":[],"fullName":"Content Management Service Quiz Operations deleteQuiz should throw error when quiz not found","invocations":1,"location":null,"numPassingAsserts":1,"retryReasons":[],"startAt":1762127460230,"status":"passed","title":"should throw error when quiz not found"},{"ancestorTitles":["Content Management Service","Quiz Operations","deleteQuiz"],"duration":0,"failing":false,"failureDetails":[],"failureMessages":[],"fullName":"Content Management Service Quiz Operations deleteQuiz should handle errors when deleting a quiz","invocations":1,"location":null,"numPassingAsserts":1,"retryReasons":[],"startAt":1762127460230,"status":"passed","title":"should handle errors when deleting a quiz"}],"endTime":1762127460231,"message":"","name":"/Users/veland/GlassCodeAcademy/backend-node/tests/services/contentManagementService.test.js","startTime":1762127460103,"status":"passed","summary":""},{"assertionResults":[{"ancestorTitles":["Content Service","getAllCourses"],"duration":1,"failing":false,"failureDetails":[],"failureMessages":[],"fullName":"Content Service getAllCourses should return courses with pagination","invocations":1,"location":null,"numPassingAsserts":2,"retryReasons":[],"startAt":1762127460339,"status":"passed","title":"should return courses with pagination"},{"ancestorTitles":["Content Service","getAllCourses"],"duration":4,"failing":false,"failureDetails":[],"failureMessages":[],"fullName":"Content Service getAllCourses should use default options when none provided","invocations":1,"location":null,"numPassingAsserts":1,"retryReasons":[],"startAt":1762127460341,"status":"passed","title":"should use default options when none provided"},{"ancestorTitles":["Content Service","getCourseById"],"duration":0,"failing":false,"failureDetails":[],"failureMessages":[],"fullName":"Content Service getCourseById should return course with modules and lessons","invocations":1,"location":null,"numPassingAsserts":2,"retryReasons":[],"startAt":1762127460345,"status":"passed","title":"should return course with modules and lessons"},{"ancestorTitles":["Content Service","getCourseById"],"duration":1,"failing":false,"failureDetails":[],"failureMessages":[],"fullName":"Content Service getCourseById should handle when course is not found","invocations":1,"location":null,"numPassingAsserts":2,"retryReasons":[],"startAt":1762127460345,"status":"passed","title":"should handle when course is not found"},{"ancestorTitles":["Content Service","getAllModules"],"duration":0,"failing":false,"failureDetails":[],"failureMessages":[],"fullName":"Content Service getAllModules should return all published modules","invocations":1,"location":null,"numPassingAsserts":2,"retryReasons":[],"startAt":1762127460346,"status":"passed","title":"should return all published modules"},{"ancestorTitles":["Content Service","getModuleById"],"duration":1,"failing":false,"failureDetails":[],"failureMessages":[],"fullName":"Content Service getModuleById should return module with lessons","invocations":1,"location":null,"numPassingAsserts":2,"retryReasons":[],"startAt":1762127460346,"status":"passed","title":"should return module with lessons"},{"ancestorTitles":["Content Service","getLessonById"],"duration":0,"failing":false,"failureDetails":[],"failureMessages":[],"fullName":"Content Service getLessonById should return lesson by id","invocations":1,"location":null,"numPassingAsserts":2,"retryReasons":[],"startAt":1762127460347,"status":"passed","title":"should return lesson by id"},{"ancestorTitles":["Content Service","getLessonsByModuleId"],"duration":1,"failing":false,"failureDetails":[],"failureMessages":[],"fullName":"Content Service getLessonsByModuleId should return lessons for a module","invocations":1,"location":null,"numPassingAsserts":2,"retryReasons":[],"startAt":1762127460347,"status":"passed","title":"should return lessons for a module"},{"ancestorTitles":["Content Service","getQuizzesByLessonId"],"duration":0,"failing":false,"failureDetails":[],"failureMessages":[],"fullName":"Content Service getQuizzesByLessonId should return quizzes for a lesson","invocations":1,"location":null,"numPassingAsserts":2,"retryReasons":[],"startAt":1762127460348,"status":"passed","title":"should return quizzes for a lesson"},{"ancestorTitles":["Content Service","getQuizzesByLessonId"],"duration":1,"failing":false,"failureDetails":[],"failureMessages":[],"fullName":"Content Service getQuizzesByLessonId should filter out quizzes with invalid IDs","invocations":1,"location":null,"numPassingAsserts":2,"retryReasons":[],"startAt":1762127460348,"status":"passed","title":"should filter out quizzes with invalid IDs"}],"endTime":1762127460349,"message":"","name":"/Users/veland/GlassCodeAcademy/backend-node/tests/services/contentService.test.js","startTime":1762127460234,"status":"passed","summary":""},{"assertionResults":[{"ancestorTitles":["contentManagementService","createCourse"],"duration":1,"failing":false,"failureDetails":[],"failureMessages":[],"fullName":"contentManagementService createCourse should create a new course","invocations":1,"location":null,"numPassingAsserts":2,"retryReasons":[],"startAt":1762127460445,"status":"passed","title":"should create a new course"},{"ancestorTitles":["contentManagementService","createCourse"],"duration":7,"failing":false,"failureDetails":[],"failureMessages":[],"fullName":"contentManagementService createCourse should throw an error if course creation fails","invocations":1,"location":null,"numPassingAsserts":1,"retryReasons":[],"startAt":1762127460446,"status":"passed","title":"should throw an error if course creation fails"},{"ancestorTitles":["contentManagementService","getAllCourses"],"duration":0,"failing":false,"failureDetails":[],"failureMessages":[],"fullName":"contentManagementService getAllCourses should return courses with pagination","invocations":1,"location":null,"numPassingAsserts":2,"retryReasons":[],"startAt":1762127460453,"status":"passed","title":"should return courses with pagination"},{"ancestorTitles":["contentManagementService","getAllCourses"],"duration":1,"failing":false,"failureDetails":[],"failureMessages":[],"fullName":"contentManagementService getAllCourses should handle errors when fetching courses","invocations":1,"location":null,"numPassingAsserts":1,"retryReasons":[],"startAt":1762127460453,"status":"passed","title":"should handle errors when fetching courses"},{"ancestorTitles":["contentManagementService","getCourseById"],"duration":0,"failing":false,"failureDetails":[],"failureMessages":[],"fullName":"contentManagementService getCourseById should return a course by ID","invocations":1,"location":null,"numPassingAsserts":2,"retryReasons":[],"startAt":1762127460454,"status":"passed","title":"should return a course by ID"},{"ancestorTitles":["contentManagementService","getCourseById"],"duration":0,"failing":false,"failureDetails":[],"failureMessages":[],"fullName":"contentManagementService getCourseById should handle errors when fetching a course","invocations":1,"location":null,"numPassingAsserts":1,"retryReasons":[],"startAt":1762127460455,"status":"passed","title":"should handle errors when fetching a course"},{"ancestorTitles":["contentManagementService","updateCourse"],"duration":0,"failing":false,"failureDetails":[],"failureMessages":[],"fullName":"contentManagementService updateCourse should update a course","invocations":1,"location":null,"numPassingAsserts":3,"retryReasons":[],"startAt":1762127460455,"status":"passed","title":"should update a course"},{"ancestorTitles":["contentManagementService","updateCourse"],"duration":0,"failing":false,"failureDetails":[],"failureMessages":[],"fullName":"contentManagementService updateCourse should throw an error if course is not found","invocations":1,"location":null,"numPassingAsserts":1,"retryReasons":[],"startAt":1762127460456,"status":"passed","title":"should throw an error if course is not found"},{"ancestorTitles":["contentManagementService","updateCourse"],"duration":0,"failing":false,"failureDetails":[],"failureMessages":[],"fullName":"contentManagementService updateCourse should handle errors during update","invocations":1,"location":null,"numPassingAsserts":1,"retryReasons":[],"startAt":1762127460456,"status":"passed","title":"should handle errors during update"},{"ancestorTitles":["contentManagementService","deleteCourse"],"duration":3,"failing":false,"failureDetails":[],"failureMessages":[],"fullName":"contentManagementService deleteCourse should delete a course","invocations":1,"location":null,"numPassingAsserts":2,"retryReasons":[],"startAt":1762127460457,"status":"passed","title":"should delete a course"},{"ancestorTitles":["contentManagementService","deleteCourse"],"duration":0,"failing":false,"failureDetails":[],"failureMessages":[],"fullName":"contentManagementService deleteCourse should throw an error if course is not found","invocations":1,"location":null,"numPassingAsserts":1,"retryReasons":[],"startAt":1762127460460,"status":"passed","title":"should throw an error if course is not found"},{"ancestorTitles":["contentManagementService","deleteCourse"],"duration":1,"failing":false,"failureDetails":[],"failureMessages":[],"fullName":"contentManagementService deleteCourse should handle errors during deletion","invocations":1,"location":null,"numPassingAsserts":1,"retryReasons":[],"startAt":1762127460460,"status":"passed","title":"should handle errors during deletion"},{"ancestorTitles":["contentManagementService","createModule"],"duration":0,"failing":false,"failureDetails":[],"failureMessages":[],"fullName":"contentManagementService createModule should create a new module","invocations":1,"location":null,"numPassingAsserts":2,"retryReasons":[],"startAt":1762127460461,"status":"passed","title":"should create a new module"},{"ancestorTitles":["contentManagementService","createModule"],"duration":1,"failing":false,"failureDetails":[],"failureMessages":[],"fullName":"contentManagementService createModule should throw an error if module creation fails","invocations":1,"location":null,"numPassingAsserts":1,"retryReasons":[],"startAt":1762127460461,"status":"passed","title":"should throw an error if module creation fails"},{"ancestorTitles":["contentManagementService","getModulesByCourseId"],"duration":0,"failing":false,"failureDetails":[],"failureMessages":[],"fullName":"contentManagementService getModulesByCourseId should return modules for a course ordered by order field","invocations":1,"location":null,"numPassingAsserts":2,"retryReasons":[],"startAt":1762127460462,"status":"passed","title":"should return modules for a course ordered by order field"},{"ancestorTitles":["contentManagementService","getModulesByCourseId"],"duration":0,"failing":false,"failureDetails":[],"failureMessages":[],"fullName":"contentManagementService getModulesByCourseId should handle errors when fetching modules","invocations":1,"location":null,"numPassingAsserts":1,"retryReasons":[],"startAt":1762127460462,"status":"passed","title":"should handle errors when fetching modules"},{"ancestorTitles":["contentManagementService","createLesson"],"duration":1,"failing":false,"failureDetails":[],"failureMessages":[],"fullName":"contentManagementService createLesson should create a new lesson","invocations":1,"location":null,"numPassingAsserts":2,"retryReasons":[],"startAt":1762127460462,"status":"passed","title":"should create a new lesson"},{"ancestorTitles":["contentManagementService","createLesson"],"duration":0,"failing":false,"failureDetails":[],"failureMessages":[],"fullName":"contentManagementService createLesson should throw an error if lesson creation fails","invocations":1,"location":null,"numPassingAsserts":1,"retryReasons":[],"startAt":1762127460463,"status":"passed","title":"should throw an error if lesson creation fails"},{"ancestorTitles":["contentManagementService","createQuiz"],"duration":0,"failing":false,"failureDetails":[],"failureMessages":[],"fullName":"contentManagementService createQuiz should create a new quiz","invocations":1,"location":null,"numPassingAsserts":2,"retryReasons":[],"startAt":1762127460463,"status":"passed","title":"should create a new quiz"},{"ancestorTitles":["contentManagementService","createQuiz"],"duration":1,"failing":false,"failureDetails":[],"failureMessages":[],"fullName":"contentManagementService createQuiz should throw an error if quiz creation fails","invocations":1,"location":null,"numPassingAsserts":1,"retryReasons":[],"startAt":1762127460463,"status":"passed","title":"should throw an error if quiz creation fails"}],"endTime":1762127460464,"message":"","name":"/Users/veland/GlassCodeAcademy/backend-node/tests/contentManagementService.test.js","startTime":1762127460351,"status":"passed","summary":""},{"assertionResults":[{"ancestorTitles":["contentService","getAllCourses"],"duration":2,"failing":false,"failureDetails":[],"failureMessages":[],"fullName":"contentService getAllCourses should return courses with pagination","invocations":1,"location":null,"numPassingAsserts":3,"retryReasons":[],"startAt":1762127460573,"status":"passed","title":"should return courses with pagination"},{"ancestorTitles":["contentService","getAllCourses"],"duration":0,"failing":false,"failureDetails":[],"failureMessages":[],"fullName":"contentService getAllCourses should use default pagination values","invocations":1,"location":null,"numPassingAsserts":1,"retryReasons":[],"startAt":1762127460575,"status":"passed","title":"should use default pagination values"},{"ancestorTitles":["contentService","getCourseById"],"duration":1,"failing":false,"failureDetails":[],"failureMessages":[],"fullName":"contentService getCourseById should return a course with modules and lessons","invocations":1,"location":null,"numPassingAsserts":2,"retryReasons":[],"startAt":1762127460575,"status":"passed","title":"should return a course with modules and lessons"},{"ancestorTitles":["contentService","getCourseById"],"duration":0,"failing":false,"failureDetails":[],"failureMessages":[],"fullName":"contentService getCourseById should handle null return","invocations":1,"location":null,"numPassingAsserts":1,"retryReasons":[],"startAt":1762127460576,"status":"passed","title":"should handle null return"},{"ancestorTitles":["contentService","getAllModules"],"duration":1,"failing":false,"failureDetails":[],"failureMessages":[],"fullName":"contentService getAllModules should return all published modules ordered by order field","invocations":1,"location":null,"numPassingAsserts":2,"retryReasons":[],"startAt":1762127460576,"status":"passed","title":"should return all published modules ordered by order field"},{"ancestorTitles":["contentService","getModuleById"],"duration":0,"failing":false,"failureDetails":[],"failureMessages":[],"fullName":"contentService getModuleById should return a module with lessons","invocations":1,"location":null,"numPassingAsserts":2,"retryReasons":[],"startAt":1762127460577,"status":"passed","title":"should return a module with lessons"},{"ancestorTitles":["contentService","getLessonById"],"duration":1,"failing":false,"failureDetails":[],"failureMessages":[],"fullName":"contentService getLessonById should return a lesson by ID","invocations":1,"location":null,"numPassingAsserts":2,"retryReasons":[],"startAt":1762127460577,"status":"passed","title":"should return a lesson by ID"},{"ancestorTitles":["contentService","getLessonsByModuleId"],"duration":0,"failing":false,"failureDetails":[],"failureMessages":[],"fullName":"contentService getLessonsByModuleId should return lessons for a module ordered by order field","invocations":1,"location":null,"numPassingAsserts":2,"retryReasons":[],"startAt":1762127460578,"status":"passed","title":"should return lessons for a module ordered by order field"},{"ancestorTitles":["contentService","getQuizzesByLessonId"],"duration":4,"failing":false,"failureDetails":[],"failureMessages":[],"fullName":"contentService getQuizzesByLessonId should return valid quizzes for a lesson","invocations":1,"location":null,"numPassingAsserts":2,"retryReasons":[],"startAt":1762127460578,"status":"passed","title":"should return valid quizzes for a lesson"},{"ancestorTitles":["contentService","getQuizzesByLessonId"],"duration":1,"failing":false,"failureDetails":[],"failureMessages":[],"fullName":"contentService getQuizzesByLessonId should filter out quizzes with invalid IDs","invocations":1,"location":null,"numPassingAsserts":1,"retryReasons":[],"startAt":1762127460582,"status":"passed","title":"should filter out quizzes with invalid IDs"}],"endTime":1762127460583,"message":"","name":"/Users/veland/GlassCodeAcademy/backend-node/tests/contentService.test.js","startTime":1762127460466,"status":"passed","summary":""},{"assertionResults":[{"ancestorTitles":["Performance Tests"],"duration":7,"failing":false,"failureDetails":[],"failureMessages":[],"fullName":"Performance Tests slug resolution performance","invocations":1,"location":null,"numPassingAsserts":1,"retryReasons":[],"startAt":1762127460673,"status":"passed","title":"slug resolution performance"}],"endTime":1762127460680,"message":"","name":"/Users/veland/GlassCodeAcademy/backend-node/tests/performance.test.js","startTime":1762127460585,"status":"passed","summary":""},{"assertionResults":[{"ancestorTitles":["Database configuration in test environment"],"duration":0,"failing":false,"failureDetails":[],"failureMessages":[],"fullName":"Database configuration in test environment selects correct dialect in test mode based on integration flag","invocations":1,"location":null,"numPassingAsserts":2,"retryReasons":[],"startAt":1762127460772,"status":"passed","title":"selects correct dialect in test mode based on integration flag"}],"endTime":1762127460773,"message":"","name":"/Users/veland/GlassCodeAcademy/backend-node/tests/config.test.js","startTime":1762127460684,"status":"passed","summary":""}],"wasInterrupted":false}
