{"numFailedTestSuites":5,"numFailedTests":18,"numPassedTestSuites":27,"numPassedTests":298,"numPendingTestSuites":0,"numPendingTests":0,"numRuntimeErrorTestSuites":0,"numTodoTests":0,"numTotalTestSuites":32,"numTotalTests":316,"openHandles":[],"snapshot":{"added":0,"didUpdate":false,"failure":false,"filesAdded":0,"filesRemoved":0,"filesRemovedList":[],"filesUnmatched":0,"filesUpdated":0,"matched":0,"total":0,"unchecked":0,"uncheckedKeysByFile":[],"unmatched":0,"updated":0},"startTime":1762222862210,"success":false,"testResults":[{"assertionResults":[{"ancestorTitles":["Authentication API","POST /api/auth/register"],"duration":175,"failing":false,"failureDetails":[{}],"failureMessages":["Error: expected 201 \"Created\", got 500 \"Internal Server Error\"\n    at Object.expect (/Users/veland/GlassCodeAcademy/backend-node/tests/auth.test.js:17:10)\n    at Promise.finally.completed (/Users/veland/GlassCodeAcademy/backend-node/node_modules/jest-circus/build/jestAdapterInit.js:1557:28)\n    at new Promise (<anonymous>)\n    at callAsyncCircusFn (/Users/veland/GlassCodeAcademy/backend-node/node_modules/jest-circus/build/jestAdapterInit.js:1497:10)\n    at _callCircusTest (/Users/veland/GlassCodeAcademy/backend-node/node_modules/jest-circus/build/jestAdapterInit.js:1007:40)\n    at _runTest (/Users/veland/GlassCodeAcademy/backend-node/node_modules/jest-circus/build/jestAdapterInit.js:947:3)\n    at /Users/veland/GlassCodeAcademy/backend-node/node_modules/jest-circus/build/jestAdapterInit.js:849:7\n    at _runTestsForDescribeBlock (/Users/veland/GlassCodeAcademy/backend-node/node_modules/jest-circus/build/jestAdapterInit.js:862:11)\n    at _runTestsForDescribeBlock (/Users/veland/GlassCodeAcademy/backend-node/node_modules/jest-circus/build/jestAdapterInit.js:857:11)\n    at _runTestsForDescribeBlock (/Users/veland/GlassCodeAcademy/backend-node/node_modules/jest-circus/build/jestAdapterInit.js:857:11)\n    at run (/Users/veland/GlassCodeAcademy/backend-node/node_modules/jest-circus/build/jestAdapterInit.js:761:3)\n    at runAndTransformResultsToJestFormat (/Users/veland/GlassCodeAcademy/backend-node/node_modules/jest-circus/build/jestAdapterInit.js:1918:21)\n    at jestAdapter (/Users/veland/GlassCodeAcademy/backend-node/node_modules/jest-circus/build/runner.js:103:25)\n    at runTestInternal (/Users/veland/GlassCodeAcademy/backend-node/node_modules/jest-runner/build/index.js:300:22)\n    at runTest (/Users/veland/GlassCodeAcademy/backend-node/node_modules/jest-runner/build/index.js:368:13)\n----\n    at Test._assertStatus (/Users/veland/GlassCodeAcademy/backend-node/node_modules/supertest/lib/test.js:309:14)\n    at assertFn (/Users/veland/GlassCodeAcademy/backend-node/node_modules/supertest/lib/test.js:365:13)\n    at Test.fn [as _assertFunction] (/Users/veland/GlassCodeAcademy/backend-node/node_modules/supertest/lib/test.js:342:13)\n    at Test._assertFunction [as assert] (/Users/veland/GlassCodeAcademy/backend-node/node_modules/supertest/lib/test.js:195:23)\n    at assert (/Users/veland/GlassCodeAcademy/backend-node/node_modules/supertest/lib/test.js:138:14)\n    at Server.localAssert (/Users/veland/GlassCodeAcademy/backend-node/node_modules/supertest/lib/test.js:152:11)\n    at Object.onceWrapper (node:events:638:28)\n    at Server.emit (node:events:524:28)\n    at emitCloseNT (node:net:2344:8)\n    at processTicksAndRejections (node:internal/process/task_queues:81:21)"],"fullName":"Authentication API POST /api/auth/register should register a new user","invocations":1,"location":null,"numPassingAsserts":0,"retryReasons":[],"startAt":1762222870552,"status":"failed","title":"should register a new user"},{"ancestorTitles":["Authentication API","POST /api/auth/register"],"duration":2,"failing":false,"failureDetails":[],"failureMessages":[],"fullName":"Authentication API POST /api/auth/register should fail to register with invalid data","invocations":1,"location":null,"numPassingAsserts":1,"retryReasons":[],"startAt":1762222870728,"status":"passed","title":"should fail to register with invalid data"},{"ancestorTitles":["Authentication API","POST /api/auth/login"],"duration":1210,"failing":false,"failureDetails":[{}],"failureMessages":["Error: expected 200 \"OK\", got 401 \"Unauthorized\"\n    at Object.expect (/Users/veland/GlassCodeAcademy/backend-node/tests/auth.test.js:62:10)\n    at processTicksAndRejections (node:internal/process/task_queues:95:5)\n----\n    at Test._assertStatus (/Users/veland/GlassCodeAcademy/backend-node/node_modules/supertest/lib/test.js:309:14)\n    at assertFn (/Users/veland/GlassCodeAcademy/backend-node/node_modules/supertest/lib/test.js:365:13)\n    at Test.fn [as _assertFunction] (/Users/veland/GlassCodeAcademy/backend-node/node_modules/supertest/lib/test.js:342:13)\n    at Test._assertFunction [as assert] (/Users/veland/GlassCodeAcademy/backend-node/node_modules/supertest/lib/test.js:195:23)\n    at assert (/Users/veland/GlassCodeAcademy/backend-node/node_modules/supertest/lib/test.js:138:14)\n    at Server.localAssert (/Users/veland/GlassCodeAcademy/backend-node/node_modules/supertest/lib/test.js:152:11)\n    at Object.onceWrapper (node:events:638:28)\n    at Server.emit (node:events:524:28)\n    at emitCloseNT (node:net:2344:8)\n    at processTicksAndRejections (node:internal/process/task_queues:81:21)"],"fullName":"Authentication API POST /api/auth/login should login an existing user","invocations":1,"location":null,"numPassingAsserts":0,"retryReasons":[],"startAt":1762222870731,"status":"failed","title":"should login an existing user"},{"ancestorTitles":["Authentication API","POST /api/auth/login"],"duration":1206,"failing":false,"failureDetails":[],"failureMessages":[],"fullName":"Authentication API POST /api/auth/login should fail to login with invalid credentials","invocations":1,"location":null,"numPassingAsserts":1,"retryReasons":[],"startAt":1762222871941,"status":"passed","title":"should fail to login with invalid credentials"},{"ancestorTitles":["Authentication API","POST /api/auth/password/request-reset"],"duration":2,"failing":false,"failureDetails":[],"failureMessages":[],"fullName":"Authentication API POST /api/auth/password/request-reset should request password reset","invocations":1,"location":null,"numPassingAsserts":2,"retryReasons":[],"startAt":1762222873147,"status":"passed","title":"should request password reset"},{"ancestorTitles":["Authentication API","POST /api/auth/password/reset"],"duration":2,"failing":false,"failureDetails":[],"failureMessages":[],"fullName":"Authentication API POST /api/auth/password/reset should reset password with valid token","invocations":1,"location":null,"numPassingAsserts":2,"retryReasons":[],"startAt":1762222873149,"status":"passed","title":"should reset password with valid token"}],"endTime":1762222873161,"message":"\u001b[1m\u001b[31m  \u001b[1m● \u001b[22m\u001b[1mAuthentication API › POST /api/auth/register › should register a new user\u001b[39m\u001b[22m\n\n    expected 201 \"Created\", got 500 \"Internal Server Error\"\n\u001b[2m\u001b[22m\n\u001b[2m    \u001b[0m \u001b[90m 15 |\u001b[39m         \u001b[33m.\u001b[39mpost(\u001b[32m'/api/auth/register'\u001b[39m)\u001b[22m\n\u001b[2m     \u001b[90m 16 |\u001b[39m         \u001b[33m.\u001b[39msend(userData)\u001b[22m\n\u001b[2m    \u001b[31m\u001b[1m>\u001b[22m\u001b[2m\u001b[39m\u001b[90m 17 |\u001b[39m         \u001b[33m.\u001b[39mexpect(\u001b[35m201\u001b[39m)\u001b[33m;\u001b[39m\u001b[22m\n\u001b[2m     \u001b[90m    |\u001b[39m          \u001b[31m\u001b[1m^\u001b[22m\u001b[2m\u001b[39m\u001b[22m\n\u001b[2m     \u001b[90m 18 |\u001b[39m\u001b[22m\n\u001b[2m     \u001b[90m 19 |\u001b[39m       expect(res\u001b[33m.\u001b[39mbody\u001b[33m.\u001b[39mtype)\u001b[33m.\u001b[39mtoBe(\u001b[32m'https://glasscode/errors/success'\u001b[39m)\u001b[33m;\u001b[39m\u001b[22m\n\u001b[2m     \u001b[90m 20 |\u001b[39m       expect(res\u001b[33m.\u001b[39mbody\u001b[33m.\u001b[39mdata\u001b[33m.\u001b[39muser\u001b[33m.\u001b[39memail)\u001b[33m.\u001b[39mtoBe(userData\u001b[33m.\u001b[39memail)\u001b[33m;\u001b[39m\u001b[0m\u001b[22m\n\u001b[2m\u001b[22m\n\u001b[2m      \u001b[2mat Object.expect (\u001b[22m\u001b[2m\u001b[0m\u001b[36mtests/auth.test.js\u001b[39m\u001b[0m\u001b[2m:17:10)\u001b[22m\u001b[2m\u001b[22m\n\u001b[2m      ----\u001b[22m\n\u001b[2m      \u001b[2mat Test._assertStatus (\u001b[22m\u001b[2mnode_modules/supertest/lib/test.js\u001b[2m:309:14)\u001b[22m\u001b[2m\u001b[22m\n\u001b[2m      \u001b[2mat assertFn (\u001b[22m\u001b[2mnode_modules/supertest/lib/test.js\u001b[2m:365:13)\u001b[22m\u001b[2m\u001b[22m\n\u001b[2m      \u001b[2mat Test.fn [as _assertFunction] (\u001b[22m\u001b[2mnode_modules/supertest/lib/test.js\u001b[2m:342:13)\u001b[22m\u001b[2m\u001b[22m\n\u001b[2m      \u001b[2mat Test._assertFunction [as assert] (\u001b[22m\u001b[2mnode_modules/supertest/lib/test.js\u001b[2m:195:23)\u001b[22m\u001b[2m\u001b[22m\n\u001b[2m      \u001b[2mat assert (\u001b[22m\u001b[2mnode_modules/supertest/lib/test.js\u001b[2m:138:14)\u001b[22m\u001b[2m\u001b[22m\n\u001b[2m      \u001b[2mat Server.localAssert (\u001b[22m\u001b[2mnode_modules/supertest/lib/test.js\u001b[2m:152:11)\u001b[22m\u001b[2m\u001b[22m\n\n\u001b[1m\u001b[31m  \u001b[1m● \u001b[22m\u001b[1mAuthentication API › POST /api/auth/login › should login an existing user\u001b[39m\u001b[22m\n\n    expected 200 \"OK\", got 401 \"Unauthorized\"\n\u001b[2m\u001b[22m\n\u001b[2m    \u001b[0m \u001b[90m 60 |\u001b[39m           password\u001b[33m:\u001b[39m userData\u001b[33m.\u001b[39mpassword\u001b[22m\n\u001b[2m     \u001b[90m 61 |\u001b[39m         })\u001b[22m\n\u001b[2m    \u001b[31m\u001b[1m>\u001b[22m\u001b[2m\u001b[39m\u001b[90m 62 |\u001b[39m         \u001b[33m.\u001b[39mexpect(\u001b[35m200\u001b[39m)\u001b[33m;\u001b[39m\u001b[22m\n\u001b[2m     \u001b[90m    |\u001b[39m          \u001b[31m\u001b[1m^\u001b[22m\u001b[2m\u001b[39m\u001b[22m\n\u001b[2m     \u001b[90m 63 |\u001b[39m\u001b[22m\n\u001b[2m     \u001b[90m 64 |\u001b[39m       expect(res\u001b[33m.\u001b[39mbody\u001b[33m.\u001b[39mtype)\u001b[33m.\u001b[39mtoBe(\u001b[32m'https://glasscode/errors/success'\u001b[39m)\u001b[33m;\u001b[39m\u001b[22m\n\u001b[2m     \u001b[90m 65 |\u001b[39m       expect(res\u001b[33m.\u001b[39mbody\u001b[33m.\u001b[39mdata\u001b[33m.\u001b[39muser\u001b[33m.\u001b[39memail)\u001b[33m.\u001b[39mtoBe(userData\u001b[33m.\u001b[39memail)\u001b[33m;\u001b[39m\u001b[0m\u001b[22m\n\u001b[2m\u001b[22m\n\u001b[2m      \u001b[2mat Object.expect (\u001b[22m\u001b[2m\u001b[0m\u001b[36mtests/auth.test.js\u001b[39m\u001b[0m\u001b[2m:62:10)\u001b[22m\u001b[2m\u001b[22m\n\u001b[2m      ----\u001b[22m\n\u001b[2m      \u001b[2mat Test._assertStatus (\u001b[22m\u001b[2mnode_modules/supertest/lib/test.js\u001b[2m:309:14)\u001b[22m\u001b[2m\u001b[22m\n\u001b[2m      \u001b[2mat assertFn (\u001b[22m\u001b[2mnode_modules/supertest/lib/test.js\u001b[2m:365:13)\u001b[22m\u001b[2m\u001b[22m\n\u001b[2m      \u001b[2mat Test.fn [as _assertFunction] (\u001b[22m\u001b[2mnode_modules/supertest/lib/test.js\u001b[2m:342:13)\u001b[22m\u001b[2m\u001b[22m\n\u001b[2m      \u001b[2mat Test._assertFunction [as assert] (\u001b[22m\u001b[2mnode_modules/supertest/lib/test.js\u001b[2m:195:23)\u001b[22m\u001b[2m\u001b[22m\n\u001b[2m      \u001b[2mat assert (\u001b[22m\u001b[2mnode_modules/supertest/lib/test.js\u001b[2m:138:14)\u001b[22m\u001b[2m\u001b[22m\n\u001b[2m      \u001b[2mat Server.localAssert (\u001b[22m\u001b[2mnode_modules/supertest/lib/test.js\u001b[2m:152:11)\u001b[22m\u001b[2m\u001b[22m\n","name":"/Users/veland/GlassCodeAcademy/backend-node/tests/auth.test.js","startTime":1762222862521,"status":"failed","summary":""},{"assertionResults":[{"ancestorTitles":["Admin User Management API","GET /api/admin/users"],"duration":7,"failing":false,"failureDetails":[{"matcherResult":{"message":"\u001b[2mexpect(\u001b[22m\u001b[31mreceived\u001b[39m\u001b[2m).\u001b[22mtoBeGreaterThanOrEqual\u001b[2m(\u001b[22m\u001b[32mexpected\u001b[39m\u001b[2m)\u001b[22m\n\nExpected: >= \u001b[32m2\u001b[39m\nReceived:    \u001b[31m1\u001b[39m","pass":false}}],"failureMessages":["Error: \u001b[2mexpect(\u001b[22m\u001b[31mreceived\u001b[39m\u001b[2m).\u001b[22mtoBeGreaterThanOrEqual\u001b[2m(\u001b[22m\u001b[32mexpected\u001b[39m\u001b[2m)\u001b[22m\n\nExpected: >= \u001b[32m2\u001b[39m\nReceived:    \u001b[31m1\u001b[39m\n    at Object.toBeGreaterThanOrEqual (/Users/veland/GlassCodeAcademy/backend-node/src/__tests__/integration/adminUserManagement.test.js:67:41)\n    at processTicksAndRejections (node:internal/process/task_queues:95:5)"],"fullName":"Admin User Management API GET /api/admin/users should return list of users","invocations":1,"location":null,"numPassingAsserts":2,"retryReasons":[],"startAt":1762222874221,"status":"failed","title":"should return list of users"},{"ancestorTitles":["Admin User Management API","GET /api/admin/users/:id"],"duration":1,"failing":false,"failureDetails":[{"matcherResult":{"message":"\u001b[2mexpect(\u001b[22m\u001b[31mreceived\u001b[39m\u001b[2m).\u001b[22mtoHaveProperty\u001b[2m(\u001b[22m\u001b[32mpath\u001b[39m\u001b[2m, \u001b[22m\u001b[32mvalue\u001b[39m\u001b[2m)\u001b[22m\n\nExpected path: \u001b[32m\"id\"\u001b[39m\n\nExpected value: \u001b[32m2\u001b[39m\nReceived value: \u001b[31m1\u001b[39m","pass":false}}],"failureMessages":["Error: \u001b[2mexpect(\u001b[22m\u001b[31mreceived\u001b[39m\u001b[2m).\u001b[22mtoHaveProperty\u001b[2m(\u001b[22m\u001b[32mpath\u001b[39m\u001b[2m, \u001b[22m\u001b[32mvalue\u001b[39m\u001b[2m)\u001b[22m\n\nExpected path: \u001b[32m\"id\"\u001b[39m\n\nExpected value: \u001b[32m2\u001b[39m\nReceived value: \u001b[31m1\u001b[39m\n    at Object.toHaveProperty (/Users/veland/GlassCodeAcademy/backend-node/src/__tests__/integration/adminUserManagement.test.js:79:34)\n    at processTicksAndRejections (node:internal/process/task_queues:95:5)"],"fullName":"Admin User Management API GET /api/admin/users/:id should return specific user details","invocations":1,"location":null,"numPassingAsserts":1,"retryReasons":[],"startAt":1762222874229,"status":"failed","title":"should return specific user details"},{"ancestorTitles":["Admin User Management API","GET /api/admin/users/:id"],"duration":2,"failing":false,"failureDetails":[{}],"failureMessages":["Error: expected 404 \"Not Found\", got 200 \"OK\"\n    at Object.expect (/Users/veland/GlassCodeAcademy/backend-node/src/__tests__/integration/adminUserManagement.test.js:87:10)\n    at Promise.finally.completed (/Users/veland/GlassCodeAcademy/backend-node/node_modules/jest-circus/build/jestAdapterInit.js:1557:28)\n    at new Promise (<anonymous>)\n    at callAsyncCircusFn (/Users/veland/GlassCodeAcademy/backend-node/node_modules/jest-circus/build/jestAdapterInit.js:1497:10)\n    at _callCircusTest (/Users/veland/GlassCodeAcademy/backend-node/node_modules/jest-circus/build/jestAdapterInit.js:1007:40)\n    at processTicksAndRejections (node:internal/process/task_queues:95:5)\n    at _runTest (/Users/veland/GlassCodeAcademy/backend-node/node_modules/jest-circus/build/jestAdapterInit.js:947:3)\n    at /Users/veland/GlassCodeAcademy/backend-node/node_modules/jest-circus/build/jestAdapterInit.js:849:7\n    at _runTestsForDescribeBlock (/Users/veland/GlassCodeAcademy/backend-node/node_modules/jest-circus/build/jestAdapterInit.js:862:11)\n    at _runTestsForDescribeBlock (/Users/veland/GlassCodeAcademy/backend-node/node_modules/jest-circus/build/jestAdapterInit.js:857:11)\n    at _runTestsForDescribeBlock (/Users/veland/GlassCodeAcademy/backend-node/node_modules/jest-circus/build/jestAdapterInit.js:857:11)\n    at run (/Users/veland/GlassCodeAcademy/backend-node/node_modules/jest-circus/build/jestAdapterInit.js:761:3)\n    at runAndTransformResultsToJestFormat (/Users/veland/GlassCodeAcademy/backend-node/node_modules/jest-circus/build/jestAdapterInit.js:1918:21)\n    at jestAdapter (/Users/veland/GlassCodeAcademy/backend-node/node_modules/jest-circus/build/runner.js:103:25)\n    at runTestInternal (/Users/veland/GlassCodeAcademy/backend-node/node_modules/jest-runner/build/index.js:300:22)\n    at runTest (/Users/veland/GlassCodeAcademy/backend-node/node_modules/jest-runner/build/index.js:368:13)\n----\n    at Test._assertStatus (/Users/veland/GlassCodeAcademy/backend-node/node_modules/supertest/lib/test.js:309:14)\n    at assertFn (/Users/veland/GlassCodeAcademy/backend-node/node_modules/supertest/lib/test.js:365:13)\n    at Test.fn [as _assertFunction] (/Users/veland/GlassCodeAcademy/backend-node/node_modules/supertest/lib/test.js:342:13)\n    at Test._assertFunction [as assert] (/Users/veland/GlassCodeAcademy/backend-node/node_modules/supertest/lib/test.js:195:23)\n    at assert (/Users/veland/GlassCodeAcademy/backend-node/node_modules/supertest/lib/test.js:138:14)\n    at Server.localAssert (/Users/veland/GlassCodeAcademy/backend-node/node_modules/supertest/lib/test.js:152:11)\n    at Object.onceWrapper (node:events:638:28)\n    at Server.emit (node:events:524:28)\n    at emitCloseNT (node:net:2344:8)\n    at processTicksAndRejections (node:internal/process/task_queues:81:21)"],"fullName":"Admin User Management API GET /api/admin/users/:id should return 404 for non-existent user","invocations":1,"location":null,"numPassingAsserts":0,"retryReasons":[],"startAt":1762222874231,"status":"failed","title":"should return 404 for non-existent user"},{"ancestorTitles":["Admin User Management API","GET /api/admin/roles"],"duration":1,"failing":false,"failureDetails":[],"failureMessages":[],"fullName":"Admin User Management API GET /api/admin/roles should return list of roles","invocations":1,"location":null,"numPassingAsserts":3,"retryReasons":[],"startAt":1762222874233,"status":"passed","title":"should return list of roles"},{"ancestorTitles":["Admin User Management API","POST /api/admin/users/roles"],"duration":6,"failing":false,"failureDetails":[],"failureMessages":[],"fullName":"Admin User Management API POST /api/admin/users/roles should assign role to user","invocations":1,"location":null,"numPassingAsserts":3,"retryReasons":[],"startAt":1762222874234,"status":"passed","title":"should assign role to user"},{"ancestorTitles":["Admin User Management API","POST /api/admin/users/roles"],"duration":2,"failing":false,"failureDetails":[{}],"failureMessages":["Error: expected 409 \"Conflict\", got 201 \"Created\"\n    at Object.expect (/Users/veland/GlassCodeAcademy/backend-node/src/__tests__/integration/adminUserManagement.test.js:129:10)\n    at Promise.finally.completed (/Users/veland/GlassCodeAcademy/backend-node/node_modules/jest-circus/build/jestAdapterInit.js:1557:28)\n    at new Promise (<anonymous>)\n    at callAsyncCircusFn (/Users/veland/GlassCodeAcademy/backend-node/node_modules/jest-circus/build/jestAdapterInit.js:1497:10)\n    at _callCircusTest (/Users/veland/GlassCodeAcademy/backend-node/node_modules/jest-circus/build/jestAdapterInit.js:1007:40)\n    at processTicksAndRejections (node:internal/process/task_queues:95:5)\n    at _runTest (/Users/veland/GlassCodeAcademy/backend-node/node_modules/jest-circus/build/jestAdapterInit.js:947:3)\n    at /Users/veland/GlassCodeAcademy/backend-node/node_modules/jest-circus/build/jestAdapterInit.js:849:7\n    at _runTestsForDescribeBlock (/Users/veland/GlassCodeAcademy/backend-node/node_modules/jest-circus/build/jestAdapterInit.js:862:11)\n    at _runTestsForDescribeBlock (/Users/veland/GlassCodeAcademy/backend-node/node_modules/jest-circus/build/jestAdapterInit.js:857:11)\n    at _runTestsForDescribeBlock (/Users/veland/GlassCodeAcademy/backend-node/node_modules/jest-circus/build/jestAdapterInit.js:857:11)\n    at run (/Users/veland/GlassCodeAcademy/backend-node/node_modules/jest-circus/build/jestAdapterInit.js:761:3)\n    at runAndTransformResultsToJestFormat (/Users/veland/GlassCodeAcademy/backend-node/node_modules/jest-circus/build/jestAdapterInit.js:1918:21)\n    at jestAdapter (/Users/veland/GlassCodeAcademy/backend-node/node_modules/jest-circus/build/runner.js:103:25)\n    at runTestInternal (/Users/veland/GlassCodeAcademy/backend-node/node_modules/jest-runner/build/index.js:300:22)\n    at runTest (/Users/veland/GlassCodeAcademy/backend-node/node_modules/jest-runner/build/index.js:368:13)\n----\n    at Test._assertStatus (/Users/veland/GlassCodeAcademy/backend-node/node_modules/supertest/lib/test.js:309:14)\n    at assertFn (/Users/veland/GlassCodeAcademy/backend-node/node_modules/supertest/lib/test.js:365:13)\n    at Test.fn [as _assertFunction] (/Users/veland/GlassCodeAcademy/backend-node/node_modules/supertest/lib/test.js:342:13)\n    at Test._assertFunction [as assert] (/Users/veland/GlassCodeAcademy/backend-node/node_modules/supertest/lib/test.js:195:23)\n    at assert (/Users/veland/GlassCodeAcademy/backend-node/node_modules/supertest/lib/test.js:138:14)\n    at Server.localAssert (/Users/veland/GlassCodeAcademy/backend-node/node_modules/supertest/lib/test.js:152:11)\n    at Object.onceWrapper (node:events:638:28)\n    at Server.emit (node:events:524:28)\n    at emitCloseNT (node:net:2344:8)\n    at processTicksAndRejections (node:internal/process/task_queues:81:21)"],"fullName":"Admin User Management API POST /api/admin/users/roles should return 409 when assigning duplicate role","invocations":1,"location":null,"numPassingAsserts":0,"retryReasons":[],"startAt":1762222874240,"status":"failed","title":"should return 409 when assigning duplicate role"},{"ancestorTitles":["Admin User Management API","POST /api/admin/users/roles"],"duration":2,"failing":false,"failureDetails":[{}],"failureMessages":["Error: expected 404 \"Not Found\", got 201 \"Created\"\n    at Object.expect (/Users/veland/GlassCodeAcademy/backend-node/src/__tests__/integration/adminUserManagement.test.js:140:10)\n    at Promise.finally.completed (/Users/veland/GlassCodeAcademy/backend-node/node_modules/jest-circus/build/jestAdapterInit.js:1557:28)\n    at new Promise (<anonymous>)\n    at callAsyncCircusFn (/Users/veland/GlassCodeAcademy/backend-node/node_modules/jest-circus/build/jestAdapterInit.js:1497:10)\n    at _callCircusTest (/Users/veland/GlassCodeAcademy/backend-node/node_modules/jest-circus/build/jestAdapterInit.js:1007:40)\n    at processTicksAndRejections (node:internal/process/task_queues:95:5)\n    at _runTest (/Users/veland/GlassCodeAcademy/backend-node/node_modules/jest-circus/build/jestAdapterInit.js:947:3)\n    at /Users/veland/GlassCodeAcademy/backend-node/node_modules/jest-circus/build/jestAdapterInit.js:849:7\n    at _runTestsForDescribeBlock (/Users/veland/GlassCodeAcademy/backend-node/node_modules/jest-circus/build/jestAdapterInit.js:862:11)\n    at _runTestsForDescribeBlock (/Users/veland/GlassCodeAcademy/backend-node/node_modules/jest-circus/build/jestAdapterInit.js:857:11)\n    at _runTestsForDescribeBlock (/Users/veland/GlassCodeAcademy/backend-node/node_modules/jest-circus/build/jestAdapterInit.js:857:11)\n    at run (/Users/veland/GlassCodeAcademy/backend-node/node_modules/jest-circus/build/jestAdapterInit.js:761:3)\n    at runAndTransformResultsToJestFormat (/Users/veland/GlassCodeAcademy/backend-node/node_modules/jest-circus/build/jestAdapterInit.js:1918:21)\n    at jestAdapter (/Users/veland/GlassCodeAcademy/backend-node/node_modules/jest-circus/build/runner.js:103:25)\n    at runTestInternal (/Users/veland/GlassCodeAcademy/backend-node/node_modules/jest-runner/build/index.js:300:22)\n    at runTest (/Users/veland/GlassCodeAcademy/backend-node/node_modules/jest-runner/build/index.js:368:13)\n----\n    at Test._assertStatus (/Users/veland/GlassCodeAcademy/backend-node/node_modules/supertest/lib/test.js:309:14)\n    at assertFn (/Users/veland/GlassCodeAcademy/backend-node/node_modules/supertest/lib/test.js:365:13)\n    at Test.fn [as _assertFunction] (/Users/veland/GlassCodeAcademy/backend-node/node_modules/supertest/lib/test.js:342:13)\n    at Test._assertFunction [as assert] (/Users/veland/GlassCodeAcademy/backend-node/node_modules/supertest/lib/test.js:195:23)\n    at assert (/Users/veland/GlassCodeAcademy/backend-node/node_modules/supertest/lib/test.js:138:14)\n    at Server.localAssert (/Users/veland/GlassCodeAcademy/backend-node/node_modules/supertest/lib/test.js:152:11)\n    at Object.onceWrapper (node:events:638:28)\n    at Server.emit (node:events:524:28)\n    at emitCloseNT (node:net:2344:8)\n    at processTicksAndRejections (node:internal/process/task_queues:81:21)"],"fullName":"Admin User Management API POST /api/admin/users/roles should return 404 for non-existent user","invocations":1,"location":null,"numPassingAsserts":0,"retryReasons":[],"startAt":1762222874242,"status":"failed","title":"should return 404 for non-existent user"},{"ancestorTitles":["Admin User Management API","POST /api/admin/users/roles"],"duration":1,"failing":false,"failureDetails":[{}],"failureMessages":["Error: expected 404 \"Not Found\", got 201 \"Created\"\n    at Object.expect (/Users/veland/GlassCodeAcademy/backend-node/src/__tests__/integration/adminUserManagement.test.js:151:10)\n    at Promise.finally.completed (/Users/veland/GlassCodeAcademy/backend-node/node_modules/jest-circus/build/jestAdapterInit.js:1557:28)\n    at new Promise (<anonymous>)\n    at callAsyncCircusFn (/Users/veland/GlassCodeAcademy/backend-node/node_modules/jest-circus/build/jestAdapterInit.js:1497:10)\n    at _callCircusTest (/Users/veland/GlassCodeAcademy/backend-node/node_modules/jest-circus/build/jestAdapterInit.js:1007:40)\n    at processTicksAndRejections (node:internal/process/task_queues:95:5)\n    at _runTest (/Users/veland/GlassCodeAcademy/backend-node/node_modules/jest-circus/build/jestAdapterInit.js:947:3)\n    at /Users/veland/GlassCodeAcademy/backend-node/node_modules/jest-circus/build/jestAdapterInit.js:849:7\n    at _runTestsForDescribeBlock (/Users/veland/GlassCodeAcademy/backend-node/node_modules/jest-circus/build/jestAdapterInit.js:862:11)\n    at _runTestsForDescribeBlock (/Users/veland/GlassCodeAcademy/backend-node/node_modules/jest-circus/build/jestAdapterInit.js:857:11)\n    at _runTestsForDescribeBlock (/Users/veland/GlassCodeAcademy/backend-node/node_modules/jest-circus/build/jestAdapterInit.js:857:11)\n    at run (/Users/veland/GlassCodeAcademy/backend-node/node_modules/jest-circus/build/jestAdapterInit.js:761:3)\n    at runAndTransformResultsToJestFormat (/Users/veland/GlassCodeAcademy/backend-node/node_modules/jest-circus/build/jestAdapterInit.js:1918:21)\n    at jestAdapter (/Users/veland/GlassCodeAcademy/backend-node/node_modules/jest-circus/build/runner.js:103:25)\n    at runTestInternal (/Users/veland/GlassCodeAcademy/backend-node/node_modules/jest-runner/build/index.js:300:22)\n    at runTest (/Users/veland/GlassCodeAcademy/backend-node/node_modules/jest-runner/build/index.js:368:13)\n----\n    at Test._assertStatus (/Users/veland/GlassCodeAcademy/backend-node/node_modules/supertest/lib/test.js:309:14)\n    at assertFn (/Users/veland/GlassCodeAcademy/backend-node/node_modules/supertest/lib/test.js:365:13)\n    at Test.fn [as _assertFunction] (/Users/veland/GlassCodeAcademy/backend-node/node_modules/supertest/lib/test.js:342:13)\n    at Test._assertFunction [as assert] (/Users/veland/GlassCodeAcademy/backend-node/node_modules/supertest/lib/test.js:195:23)\n    at assert (/Users/veland/GlassCodeAcademy/backend-node/node_modules/supertest/lib/test.js:138:14)\n    at Server.localAssert (/Users/veland/GlassCodeAcademy/backend-node/node_modules/supertest/lib/test.js:152:11)\n    at Object.onceWrapper (node:events:638:28)\n    at Server.emit (node:events:524:28)\n    at emitCloseNT (node:net:2344:8)\n    at processTicksAndRejections (node:internal/process/task_queues:81:21)"],"fullName":"Admin User Management API POST /api/admin/users/roles should return 404 for non-existent role","invocations":1,"location":null,"numPassingAsserts":0,"retryReasons":[],"startAt":1762222874244,"status":"failed","title":"should return 404 for non-existent role"},{"ancestorTitles":["Admin User Management API","DELETE /api/admin/users/roles"],"duration":2,"failing":false,"failureDetails":[],"failureMessages":[],"fullName":"Admin User Management API DELETE /api/admin/users/roles should remove role from user","invocations":1,"location":null,"numPassingAsserts":2,"retryReasons":[],"startAt":1762222874245,"status":"passed","title":"should remove role from user"},{"ancestorTitles":["Admin User Management API","DELETE /api/admin/users/roles"],"duration":3,"failing":false,"failureDetails":[{}],"failureMessages":["Error: expected 404 \"Not Found\", got 200 \"OK\"\n    at Object.expect (/Users/veland/GlassCodeAcademy/backend-node/src/__tests__/integration/adminUserManagement.test.js:178:10)\n    at Promise.finally.completed (/Users/veland/GlassCodeAcademy/backend-node/node_modules/jest-circus/build/jestAdapterInit.js:1557:28)\n    at new Promise (<anonymous>)\n    at callAsyncCircusFn (/Users/veland/GlassCodeAcademy/backend-node/node_modules/jest-circus/build/jestAdapterInit.js:1497:10)\n    at _callCircusTest (/Users/veland/GlassCodeAcademy/backend-node/node_modules/jest-circus/build/jestAdapterInit.js:1007:40)\n    at processTicksAndRejections (node:internal/process/task_queues:95:5)\n    at _runTest (/Users/veland/GlassCodeAcademy/backend-node/node_modules/jest-circus/build/jestAdapterInit.js:947:3)\n    at /Users/veland/GlassCodeAcademy/backend-node/node_modules/jest-circus/build/jestAdapterInit.js:849:7\n    at _runTestsForDescribeBlock (/Users/veland/GlassCodeAcademy/backend-node/node_modules/jest-circus/build/jestAdapterInit.js:862:11)\n    at _runTestsForDescribeBlock (/Users/veland/GlassCodeAcademy/backend-node/node_modules/jest-circus/build/jestAdapterInit.js:857:11)\n    at _runTestsForDescribeBlock (/Users/veland/GlassCodeAcademy/backend-node/node_modules/jest-circus/build/jestAdapterInit.js:857:11)\n    at run (/Users/veland/GlassCodeAcademy/backend-node/node_modules/jest-circus/build/jestAdapterInit.js:761:3)\n    at runAndTransformResultsToJestFormat (/Users/veland/GlassCodeAcademy/backend-node/node_modules/jest-circus/build/jestAdapterInit.js:1918:21)\n    at jestAdapter (/Users/veland/GlassCodeAcademy/backend-node/node_modules/jest-circus/build/runner.js:103:25)\n    at runTestInternal (/Users/veland/GlassCodeAcademy/backend-node/node_modules/jest-runner/build/index.js:300:22)\n    at runTest (/Users/veland/GlassCodeAcademy/backend-node/node_modules/jest-runner/build/index.js:368:13)\n----\n    at Test._assertStatus (/Users/veland/GlassCodeAcademy/backend-node/node_modules/supertest/lib/test.js:309:14)\n    at assertFn (/Users/veland/GlassCodeAcademy/backend-node/node_modules/supertest/lib/test.js:365:13)\n    at Test.fn [as _assertFunction] (/Users/veland/GlassCodeAcademy/backend-node/node_modules/supertest/lib/test.js:342:13)\n    at Test._assertFunction [as assert] (/Users/veland/GlassCodeAcademy/backend-node/node_modules/supertest/lib/test.js:195:23)\n    at assert (/Users/veland/GlassCodeAcademy/backend-node/node_modules/supertest/lib/test.js:138:14)\n    at Server.localAssert (/Users/veland/GlassCodeAcademy/backend-node/node_modules/supertest/lib/test.js:152:11)\n    at Object.onceWrapper (node:events:638:28)\n    at Server.emit (node:events:524:28)\n    at emitCloseNT (node:net:2344:8)\n    at processTicksAndRejections (node:internal/process/task_queues:81:21)"],"fullName":"Admin User Management API DELETE /api/admin/users/roles should return 404 when removing non-existent user-role relationship","invocations":1,"location":null,"numPassingAsserts":0,"retryReasons":[],"startAt":1762222874247,"status":"failed","title":"should return 404 when removing non-existent user-role relationship"}],"endTime":1762222874268,"message":"\u001b[1m\u001b[31m  \u001b[1m● \u001b[22m\u001b[1mAdmin User Management API › GET /api/admin/users › should return list of users\u001b[39m\u001b[22m\n\n    \u001b[2mexpect(\u001b[22m\u001b[31mreceived\u001b[39m\u001b[2m).\u001b[22mtoBeGreaterThanOrEqual\u001b[2m(\u001b[22m\u001b[32mexpected\u001b[39m\u001b[2m)\u001b[22m\n\n    Expected: >= \u001b[32m2\u001b[39m\n    Received:    \u001b[31m1\u001b[39m\n\u001b[2m\u001b[22m\n\u001b[2m    \u001b[0m \u001b[90m 65 |\u001b[39m       expect(response\u001b[33m.\u001b[39mbody)\u001b[33m.\u001b[39mtoHaveProperty(\u001b[32m'data'\u001b[39m)\u001b[33m;\u001b[39m\u001b[22m\n\u001b[2m     \u001b[90m 66 |\u001b[39m       expect(\u001b[33mArray\u001b[39m\u001b[33m.\u001b[39misArray(response\u001b[33m.\u001b[39mbody\u001b[33m.\u001b[39mdata))\u001b[33m.\u001b[39mtoBe(\u001b[36mtrue\u001b[39m)\u001b[33m;\u001b[39m\u001b[22m\n\u001b[2m    \u001b[31m\u001b[1m>\u001b[22m\u001b[2m\u001b[39m\u001b[90m 67 |\u001b[39m       expect(response\u001b[33m.\u001b[39mbody\u001b[33m.\u001b[39mdata\u001b[33m.\u001b[39mlength)\u001b[33m.\u001b[39mtoBeGreaterThanOrEqual(\u001b[35m2\u001b[39m)\u001b[33m;\u001b[39m\u001b[22m\n\u001b[2m     \u001b[90m    |\u001b[39m                                         \u001b[31m\u001b[1m^\u001b[22m\u001b[2m\u001b[39m\u001b[22m\n\u001b[2m     \u001b[90m 68 |\u001b[39m     })\u001b[33m;\u001b[39m\u001b[22m\n\u001b[2m     \u001b[90m 69 |\u001b[39m   })\u001b[33m;\u001b[39m\u001b[22m\n\u001b[2m     \u001b[90m 70 |\u001b[39m\u001b[0m\u001b[22m\n\u001b[2m\u001b[22m\n\u001b[2m      \u001b[2mat Object.toBeGreaterThanOrEqual (\u001b[22m\u001b[2m\u001b[0m\u001b[36msrc/__tests__/integration/adminUserManagement.test.js\u001b[39m\u001b[0m\u001b[2m:67:41)\u001b[22m\u001b[2m\u001b[22m\n\n\u001b[1m\u001b[31m  \u001b[1m● \u001b[22m\u001b[1mAdmin User Management API › GET /api/admin/users/:id › should return specific user details\u001b[39m\u001b[22m\n\n    \u001b[2mexpect(\u001b[22m\u001b[31mreceived\u001b[39m\u001b[2m).\u001b[22mtoHaveProperty\u001b[2m(\u001b[22m\u001b[32mpath\u001b[39m\u001b[2m, \u001b[22m\u001b[32mvalue\u001b[39m\u001b[2m)\u001b[22m\n\n    Expected path: \u001b[32m\"id\"\u001b[39m\n\n    Expected value: \u001b[32m2\u001b[39m\n    Received value: \u001b[31m1\u001b[39m\n\u001b[2m\u001b[22m\n\u001b[2m    \u001b[0m \u001b[90m 77 |\u001b[39m\u001b[22m\n\u001b[2m     \u001b[90m 78 |\u001b[39m       expect(response\u001b[33m.\u001b[39mbody)\u001b[33m.\u001b[39mtoHaveProperty(\u001b[32m'data'\u001b[39m)\u001b[33m;\u001b[39m\u001b[22m\n\u001b[2m    \u001b[31m\u001b[1m>\u001b[22m\u001b[2m\u001b[39m\u001b[90m 79 |\u001b[39m       expect(response\u001b[33m.\u001b[39mbody\u001b[33m.\u001b[39mdata)\u001b[33m.\u001b[39mtoHaveProperty(\u001b[32m'id'\u001b[39m\u001b[33m,\u001b[39m testUser\u001b[33m.\u001b[39mid)\u001b[33m;\u001b[39m\u001b[22m\n\u001b[2m     \u001b[90m    |\u001b[39m                                  \u001b[31m\u001b[1m^\u001b[22m\u001b[2m\u001b[39m\u001b[22m\n\u001b[2m     \u001b[90m 80 |\u001b[39m       expect(response\u001b[33m.\u001b[39mbody\u001b[33m.\u001b[39mdata)\u001b[33m.\u001b[39mtoHaveProperty(\u001b[32m'email'\u001b[39m\u001b[33m,\u001b[39m testUser\u001b[33m.\u001b[39memail)\u001b[33m;\u001b[39m\u001b[22m\n\u001b[2m     \u001b[90m 81 |\u001b[39m     })\u001b[33m;\u001b[39m\u001b[22m\n\u001b[2m     \u001b[90m 82 |\u001b[39m\u001b[0m\u001b[22m\n\u001b[2m\u001b[22m\n\u001b[2m      \u001b[2mat Object.toHaveProperty (\u001b[22m\u001b[2m\u001b[0m\u001b[36msrc/__tests__/integration/adminUserManagement.test.js\u001b[39m\u001b[0m\u001b[2m:79:34)\u001b[22m\u001b[2m\u001b[22m\n\n\u001b[1m\u001b[31m  \u001b[1m● \u001b[22m\u001b[1mAdmin User Management API › GET /api/admin/users/:id › should return 404 for non-existent user\u001b[39m\u001b[22m\n\n    expected 404 \"Not Found\", got 200 \"OK\"\n\u001b[2m\u001b[22m\n\u001b[2m    \u001b[0m \u001b[90m 85 |\u001b[39m         \u001b[33m.\u001b[39m\u001b[36mget\u001b[39m(\u001b[32m'/api/admin/users/99999'\u001b[39m)\u001b[22m\n\u001b[2m     \u001b[90m 86 |\u001b[39m         \u001b[33m.\u001b[39m\u001b[36mset\u001b[39m(\u001b[32m'Authorization'\u001b[39m\u001b[33m,\u001b[39m \u001b[32m'Bearer mock-admin-token'\u001b[39m)\u001b[22m\n\u001b[2m    \u001b[31m\u001b[1m>\u001b[22m\u001b[2m\u001b[39m\u001b[90m 87 |\u001b[39m         \u001b[33m.\u001b[39mexpect(\u001b[35m404\u001b[39m)\u001b[33m;\u001b[39m\u001b[22m\n\u001b[2m     \u001b[90m    |\u001b[39m          \u001b[31m\u001b[1m^\u001b[22m\u001b[2m\u001b[39m\u001b[22m\n\u001b[2m     \u001b[90m 88 |\u001b[39m     })\u001b[33m;\u001b[39m\u001b[22m\n\u001b[2m     \u001b[90m 89 |\u001b[39m   })\u001b[33m;\u001b[39m\u001b[22m\n\u001b[2m     \u001b[90m 90 |\u001b[39m\u001b[0m\u001b[22m\n\u001b[2m\u001b[22m\n\u001b[2m      \u001b[2mat Object.expect (\u001b[22m\u001b[2m\u001b[0m\u001b[36msrc/__tests__/integration/adminUserManagement.test.js\u001b[39m\u001b[0m\u001b[2m:87:10)\u001b[22m\u001b[2m\u001b[22m\n\u001b[2m      ----\u001b[22m\n\u001b[2m      \u001b[2mat Test._assertStatus (\u001b[22m\u001b[2mnode_modules/supertest/lib/test.js\u001b[2m:309:14)\u001b[22m\u001b[2m\u001b[22m\n\u001b[2m      \u001b[2mat assertFn (\u001b[22m\u001b[2mnode_modules/supertest/lib/test.js\u001b[2m:365:13)\u001b[22m\u001b[2m\u001b[22m\n\u001b[2m      \u001b[2mat Test.fn [as _assertFunction] (\u001b[22m\u001b[2mnode_modules/supertest/lib/test.js\u001b[2m:342:13)\u001b[22m\u001b[2m\u001b[22m\n\u001b[2m      \u001b[2mat Test._assertFunction [as assert] (\u001b[22m\u001b[2mnode_modules/supertest/lib/test.js\u001b[2m:195:23)\u001b[22m\u001b[2m\u001b[22m\n\u001b[2m      \u001b[2mat assert (\u001b[22m\u001b[2mnode_modules/supertest/lib/test.js\u001b[2m:138:14)\u001b[22m\u001b[2m\u001b[22m\n\u001b[2m      \u001b[2mat Server.localAssert (\u001b[22m\u001b[2mnode_modules/supertest/lib/test.js\u001b[2m:152:11)\u001b[22m\u001b[2m\u001b[22m\n\n\u001b[1m\u001b[31m  \u001b[1m● \u001b[22m\u001b[1mAdmin User Management API › POST /api/admin/users/roles › should return 409 when assigning duplicate role\u001b[39m\u001b[22m\n\n    expected 409 \"Conflict\", got 201 \"Created\"\n\u001b[2m\u001b[22m\n\u001b[2m    \u001b[0m \u001b[90m 127 |\u001b[39m           roleId\u001b[33m:\u001b[39m testRole\u001b[33m.\u001b[39mid\u001b[22m\n\u001b[2m     \u001b[90m 128 |\u001b[39m         })\u001b[22m\n\u001b[2m    \u001b[31m\u001b[1m>\u001b[22m\u001b[2m\u001b[39m\u001b[90m 129 |\u001b[39m         \u001b[33m.\u001b[39mexpect(\u001b[35m409\u001b[39m)\u001b[33m;\u001b[39m\u001b[22m\n\u001b[2m     \u001b[90m     |\u001b[39m          \u001b[31m\u001b[1m^\u001b[22m\u001b[2m\u001b[39m\u001b[22m\n\u001b[2m     \u001b[90m 130 |\u001b[39m     })\u001b[33m;\u001b[39m\u001b[22m\n\u001b[2m     \u001b[90m 131 |\u001b[39m\u001b[22m\n\u001b[2m     \u001b[90m 132 |\u001b[39m     it(\u001b[32m'should return 404 for non-existent user'\u001b[39m\u001b[33m,\u001b[39m \u001b[36masync\u001b[39m () \u001b[33m=>\u001b[39m {\u001b[0m\u001b[22m\n\u001b[2m\u001b[22m\n\u001b[2m      \u001b[2mat Object.expect (\u001b[22m\u001b[2m\u001b[0m\u001b[36msrc/__tests__/integration/adminUserManagement.test.js\u001b[39m\u001b[0m\u001b[2m:129:10)\u001b[22m\u001b[2m\u001b[22m\n\u001b[2m      ----\u001b[22m\n\u001b[2m      \u001b[2mat Test._assertStatus (\u001b[22m\u001b[2mnode_modules/supertest/lib/test.js\u001b[2m:309:14)\u001b[22m\u001b[2m\u001b[22m\n\u001b[2m      \u001b[2mat assertFn (\u001b[22m\u001b[2mnode_modules/supertest/lib/test.js\u001b[2m:365:13)\u001b[22m\u001b[2m\u001b[22m\n\u001b[2m      \u001b[2mat Test.fn [as _assertFunction] (\u001b[22m\u001b[2mnode_modules/supertest/lib/test.js\u001b[2m:342:13)\u001b[22m\u001b[2m\u001b[22m\n\u001b[2m      \u001b[2mat Test._assertFunction [as assert] (\u001b[22m\u001b[2mnode_modules/supertest/lib/test.js\u001b[2m:195:23)\u001b[22m\u001b[2m\u001b[22m\n\u001b[2m      \u001b[2mat assert (\u001b[22m\u001b[2mnode_modules/supertest/lib/test.js\u001b[2m:138:14)\u001b[22m\u001b[2m\u001b[22m\n\u001b[2m      \u001b[2mat Server.localAssert (\u001b[22m\u001b[2mnode_modules/supertest/lib/test.js\u001b[2m:152:11)\u001b[22m\u001b[2m\u001b[22m\n\n\u001b[1m\u001b[31m  \u001b[1m● \u001b[22m\u001b[1mAdmin User Management API › POST /api/admin/users/roles › should return 404 for non-existent user\u001b[39m\u001b[22m\n\n    expected 404 \"Not Found\", got 201 \"Created\"\n\u001b[2m\u001b[22m\n\u001b[2m    \u001b[0m \u001b[90m 138 |\u001b[39m           roleId\u001b[33m:\u001b[39m testRole\u001b[33m.\u001b[39mid\u001b[22m\n\u001b[2m     \u001b[90m 139 |\u001b[39m         })\u001b[22m\n\u001b[2m    \u001b[31m\u001b[1m>\u001b[22m\u001b[2m\u001b[39m\u001b[90m 140 |\u001b[39m         \u001b[33m.\u001b[39mexpect(\u001b[35m404\u001b[39m)\u001b[33m;\u001b[39m\u001b[22m\n\u001b[2m     \u001b[90m     |\u001b[39m          \u001b[31m\u001b[1m^\u001b[22m\u001b[2m\u001b[39m\u001b[22m\n\u001b[2m     \u001b[90m 141 |\u001b[39m     })\u001b[33m;\u001b[39m\u001b[22m\n\u001b[2m     \u001b[90m 142 |\u001b[39m\u001b[22m\n\u001b[2m     \u001b[90m 143 |\u001b[39m     it(\u001b[32m'should return 404 for non-existent role'\u001b[39m\u001b[33m,\u001b[39m \u001b[36masync\u001b[39m () \u001b[33m=>\u001b[39m {\u001b[0m\u001b[22m\n\u001b[2m\u001b[22m\n\u001b[2m      \u001b[2mat Object.expect (\u001b[22m\u001b[2m\u001b[0m\u001b[36msrc/__tests__/integration/adminUserManagement.test.js\u001b[39m\u001b[0m\u001b[2m:140:10)\u001b[22m\u001b[2m\u001b[22m\n\u001b[2m      ----\u001b[22m\n\u001b[2m      \u001b[2mat Test._assertStatus (\u001b[22m\u001b[2mnode_modules/supertest/lib/test.js\u001b[2m:309:14)\u001b[22m\u001b[2m\u001b[22m\n\u001b[2m      \u001b[2mat assertFn (\u001b[22m\u001b[2mnode_modules/supertest/lib/test.js\u001b[2m:365:13)\u001b[22m\u001b[2m\u001b[22m\n\u001b[2m      \u001b[2mat Test.fn [as _assertFunction] (\u001b[22m\u001b[2mnode_modules/supertest/lib/test.js\u001b[2m:342:13)\u001b[22m\u001b[2m\u001b[22m\n\u001b[2m      \u001b[2mat Test._assertFunction [as assert] (\u001b[22m\u001b[2mnode_modules/supertest/lib/test.js\u001b[2m:195:23)\u001b[22m\u001b[2m\u001b[22m\n\u001b[2m      \u001b[2mat assert (\u001b[22m\u001b[2mnode_modules/supertest/lib/test.js\u001b[2m:138:14)\u001b[22m\u001b[2m\u001b[22m\n\u001b[2m      \u001b[2mat Server.localAssert (\u001b[22m\u001b[2mnode_modules/supertest/lib/test.js\u001b[2m:152:11)\u001b[22m\u001b[2m\u001b[22m\n\n\u001b[1m\u001b[31m  \u001b[1m● \u001b[22m\u001b[1mAdmin User Management API › POST /api/admin/users/roles › should return 404 for non-existent role\u001b[39m\u001b[22m\n\n    expected 404 \"Not Found\", got 201 \"Created\"\n\u001b[2m\u001b[22m\n\u001b[2m    \u001b[0m \u001b[90m 149 |\u001b[39m           roleId\u001b[33m:\u001b[39m \u001b[35m99999\u001b[39m\u001b[22m\n\u001b[2m     \u001b[90m 150 |\u001b[39m         })\u001b[22m\n\u001b[2m    \u001b[31m\u001b[1m>\u001b[22m\u001b[2m\u001b[39m\u001b[90m 151 |\u001b[39m         \u001b[33m.\u001b[39mexpect(\u001b[35m404\u001b[39m)\u001b[33m;\u001b[39m\u001b[22m\n\u001b[2m     \u001b[90m     |\u001b[39m          \u001b[31m\u001b[1m^\u001b[22m\u001b[2m\u001b[39m\u001b[22m\n\u001b[2m     \u001b[90m 152 |\u001b[39m     })\u001b[33m;\u001b[39m\u001b[22m\n\u001b[2m     \u001b[90m 153 |\u001b[39m   })\u001b[33m;\u001b[39m\u001b[22m\n\u001b[2m     \u001b[90m 154 |\u001b[39m\u001b[0m\u001b[22m\n\u001b[2m\u001b[22m\n\u001b[2m      \u001b[2mat Object.expect (\u001b[22m\u001b[2m\u001b[0m\u001b[36msrc/__tests__/integration/adminUserManagement.test.js\u001b[39m\u001b[0m\u001b[2m:151:10)\u001b[22m\u001b[2m\u001b[22m\n\u001b[2m      ----\u001b[22m\n\u001b[2m      \u001b[2mat Test._assertStatus (\u001b[22m\u001b[2mnode_modules/supertest/lib/test.js\u001b[2m:309:14)\u001b[22m\u001b[2m\u001b[22m\n\u001b[2m      \u001b[2mat assertFn (\u001b[22m\u001b[2mnode_modules/supertest/lib/test.js\u001b[2m:365:13)\u001b[22m\u001b[2m\u001b[22m\n\u001b[2m      \u001b[2mat Test.fn [as _assertFunction] (\u001b[22m\u001b[2mnode_modules/supertest/lib/test.js\u001b[2m:342:13)\u001b[22m\u001b[2m\u001b[22m\n\u001b[2m      \u001b[2mat Test._assertFunction [as assert] (\u001b[22m\u001b[2mnode_modules/supertest/lib/test.js\u001b[2m:195:23)\u001b[22m\u001b[2m\u001b[22m\n\u001b[2m      \u001b[2mat assert (\u001b[22m\u001b[2mnode_modules/supertest/lib/test.js\u001b[2m:138:14)\u001b[22m\u001b[2m\u001b[22m\n\u001b[2m      \u001b[2mat Server.localAssert (\u001b[22m\u001b[2mnode_modules/supertest/lib/test.js\u001b[2m:152:11)\u001b[22m\u001b[2m\u001b[22m\n\n\u001b[1m\u001b[31m  \u001b[1m● \u001b[22m\u001b[1mAdmin User Management API › DELETE /api/admin/users/roles › should return 404 when removing non-existent user-role relationship\u001b[39m\u001b[22m\n\n    expected 404 \"Not Found\", got 200 \"OK\"\n\u001b[2m\u001b[22m\n\u001b[2m    \u001b[0m \u001b[90m 176 |\u001b[39m           roleId\u001b[33m:\u001b[39m testRole\u001b[33m.\u001b[39mid\u001b[22m\n\u001b[2m     \u001b[90m 177 |\u001b[39m         })\u001b[22m\n\u001b[2m    \u001b[31m\u001b[1m>\u001b[22m\u001b[2m\u001b[39m\u001b[90m 178 |\u001b[39m         \u001b[33m.\u001b[39mexpect(\u001b[35m404\u001b[39m)\u001b[33m;\u001b[39m\u001b[22m\n\u001b[2m     \u001b[90m     |\u001b[39m          \u001b[31m\u001b[1m^\u001b[22m\u001b[2m\u001b[39m\u001b[22m\n\u001b[2m     \u001b[90m 179 |\u001b[39m     })\u001b[33m;\u001b[39m\u001b[22m\n\u001b[2m     \u001b[90m 180 |\u001b[39m   })\u001b[33m;\u001b[39m\u001b[22m\n\u001b[2m     \u001b[90m 181 |\u001b[39m })\u001b[33m;\u001b[39m\u001b[0m\u001b[22m\n\u001b[2m\u001b[22m\n\u001b[2m      \u001b[2mat Object.expect (\u001b[22m\u001b[2m\u001b[0m\u001b[36msrc/__tests__/integration/adminUserManagement.test.js\u001b[39m\u001b[0m\u001b[2m:178:10)\u001b[22m\u001b[2m\u001b[22m\n\u001b[2m      ----\u001b[22m\n\u001b[2m      \u001b[2mat Test._assertStatus (\u001b[22m\u001b[2mnode_modules/supertest/lib/test.js\u001b[2m:309:14)\u001b[22m\u001b[2m\u001b[22m\n\u001b[2m      \u001b[2mat assertFn (\u001b[22m\u001b[2mnode_modules/supertest/lib/test.js\u001b[2m:365:13)\u001b[22m\u001b[2m\u001b[22m\n\u001b[2m      \u001b[2mat Test.fn [as _assertFunction] (\u001b[22m\u001b[2mnode_modules/supertest/lib/test.js\u001b[2m:342:13)\u001b[22m\u001b[2m\u001b[22m\n\u001b[2m      \u001b[2mat Test._assertFunction [as assert] (\u001b[22m\u001b[2mnode_modules/supertest/lib/test.js\u001b[2m:195:23)\u001b[22m\u001b[2m\u001b[22m\n\u001b[2m      \u001b[2mat assert (\u001b[22m\u001b[2mnode_modules/supertest/lib/test.js\u001b[2m:138:14)\u001b[22m\u001b[2m\u001b[22m\n\u001b[2m      \u001b[2mat Server.localAssert (\u001b[22m\u001b[2mnode_modules/supertest/lib/test.js\u001b[2m:152:11)\u001b[22m\u001b[2m\u001b[22m\n","name":"/Users/veland/GlassCodeAcademy/backend-node/src/__tests__/integration/adminUserManagement.test.js","startTime":1762222873176,"status":"failed","summary":""},{"assertionResults":[{"ancestorTitles":["AuthService","register"],"duration":0,"failing":false,"failureDetails":[{}],"failureMessages":["Error: Password must contain at least one uppercase letter\n    at validatePasswordStrength (/Users/veland/GlassCodeAcademy/backend-node/src/services/authService.js:52:11)\n    at validatePasswordStrength (/Users/veland/GlassCodeAcademy/backend-node/src/services/authService.js:77:3)\n    at Object.<anonymous> (/Users/veland/GlassCodeAcademy/backend-node/src/__tests__/unit/services/authService.test.js:43:22)"],"fullName":"AuthService register should successfully register a new user","invocations":1,"location":null,"numPassingAsserts":0,"retryReasons":[],"startAt":1762222874544,"status":"failed","title":"should successfully register a new user"},{"ancestorTitles":["AuthService","register"],"duration":9,"failing":false,"failureDetails":[{"matcherResult":{"message":"\u001b[2mexpect(\u001b[22m\u001b[31mreceived\u001b[39m\u001b[2m).\u001b[22mrejects\u001b[2m.\u001b[22mtoThrow\u001b[2m(\u001b[22m\u001b[32mexpected\u001b[39m\u001b[2m)\u001b[22m\n\nExpected substring: \u001b[32m\"User already exists\"\u001b[39m\nReceived message:   \u001b[31m\"Password must contain at least one uppercase letter\"\u001b[39m\n\n    \u001b[0m \u001b[90m 50 |\u001b[39m   \u001b[90m// Check for at least one uppercase letter\u001b[39m\n     \u001b[90m 51 |\u001b[39m   \u001b[36mif\u001b[39m (\u001b[33m!\u001b[39m\u001b[35m/[A-Z]/\u001b[39m\u001b[33m.\u001b[39mtest(password)) {\n    \u001b[31m\u001b[1m>\u001b[22m\u001b[39m\u001b[90m 52 |\u001b[39m     \u001b[36mthrow\u001b[39m \u001b[36mnew\u001b[39m \u001b[33mError\u001b[39m(\u001b[32m'Password must contain at least one uppercase letter'\u001b[39m)\u001b[33m;\u001b[39m\n     \u001b[90m    |\u001b[39m           \u001b[31m\u001b[1m^\u001b[22m\u001b[39m\n     \u001b[90m 53 |\u001b[39m   }\n     \u001b[90m 54 |\u001b[39m   \n     \u001b[90m 55 |\u001b[39m   \u001b[90m// Check for at least one lowercase letter\u001b[39m\u001b[0m\n\n      \u001b[2mat validatePasswordStrength (\u001b[22msrc/services/authService.js\u001b[2m:52:11)\u001b[22m\n      \u001b[2mat validatePasswordStrength (\u001b[22msrc/services/authService.js\u001b[2m:77:3)\u001b[22m\n      \u001b[2mat Object.<anonymous> (\u001b[22msrc/__tests__/unit/services/authService.test.js\u001b[2m:75:7)\u001b[22m","pass":false},"message":"\u001b[2mexpect(\u001b[22m\u001b[31mreceived\u001b[39m\u001b[2m).\u001b[22mrejects\u001b[2m.\u001b[22mtoThrow\u001b[2m(\u001b[22m\u001b[32mexpected\u001b[39m\u001b[2m)\u001b[22m\n\nExpected substring: \u001b[32m\"User already exists\"\u001b[39m\nReceived message:   \u001b[31m\"Password must contain at least one uppercase letter\"\u001b[39m\n\n    \u001b[0m \u001b[90m 50 |\u001b[39m   \u001b[90m// Check for at least one uppercase letter\u001b[39m\n     \u001b[90m 51 |\u001b[39m   \u001b[36mif\u001b[39m (\u001b[33m!\u001b[39m\u001b[35m/[A-Z]/\u001b[39m\u001b[33m.\u001b[39mtest(password)) {\n    \u001b[31m\u001b[1m>\u001b[22m\u001b[39m\u001b[90m 52 |\u001b[39m     \u001b[36mthrow\u001b[39m \u001b[36mnew\u001b[39m \u001b[33mError\u001b[39m(\u001b[32m'Password must contain at least one uppercase letter'\u001b[39m)\u001b[33m;\u001b[39m\n     \u001b[90m    |\u001b[39m           \u001b[31m\u001b[1m^\u001b[22m\u001b[39m\n     \u001b[90m 53 |\u001b[39m   }\n     \u001b[90m 54 |\u001b[39m   \n     \u001b[90m 55 |\u001b[39m   \u001b[90m// Check for at least one lowercase letter\u001b[39m\u001b[0m\n\n      \u001b[2mat validatePasswordStrength (\u001b[22msrc/services/authService.js\u001b[2m:52:11)\u001b[22m\n      \u001b[2mat validatePasswordStrength (\u001b[22msrc/services/authService.js\u001b[2m:77:3)\u001b[22m\n      \u001b[2mat Object.<anonymous> (\u001b[22msrc/__tests__/unit/services/authService.test.js\u001b[2m:75:7)\u001b[22m"}],"failureMessages":["Error: \u001b[2mexpect(\u001b[22m\u001b[31mreceived\u001b[39m\u001b[2m).\u001b[22mrejects\u001b[2m.\u001b[22mtoThrow\u001b[2m(\u001b[22m\u001b[32mexpected\u001b[39m\u001b[2m)\u001b[22m\n\nExpected substring: \u001b[32m\"User already exists\"\u001b[39m\nReceived message:   \u001b[31m\"Password must contain at least one uppercase letter\"\u001b[39m\n\n    \u001b[0m \u001b[90m 50 |\u001b[39m   \u001b[90m// Check for at least one uppercase letter\u001b[39m\n     \u001b[90m 51 |\u001b[39m   \u001b[36mif\u001b[39m (\u001b[33m!\u001b[39m\u001b[35m/[A-Z]/\u001b[39m\u001b[33m.\u001b[39mtest(password)) {\n    \u001b[31m\u001b[1m>\u001b[22m\u001b[39m\u001b[90m 52 |\u001b[39m     \u001b[36mthrow\u001b[39m \u001b[36mnew\u001b[39m \u001b[33mError\u001b[39m(\u001b[32m'Password must contain at least one uppercase letter'\u001b[39m)\u001b[33m;\u001b[39m\n     \u001b[90m    |\u001b[39m           \u001b[31m\u001b[1m^\u001b[22m\u001b[39m\n     \u001b[90m 53 |\u001b[39m   }\n     \u001b[90m 54 |\u001b[39m   \n     \u001b[90m 55 |\u001b[39m   \u001b[90m// Check for at least one lowercase letter\u001b[39m\u001b[0m\n\n      \u001b[2mat validatePasswordStrength (\u001b[22msrc/services/authService.js\u001b[2m:52:11)\u001b[22m\n      \u001b[2mat validatePasswordStrength (\u001b[22msrc/services/authService.js\u001b[2m:77:3)\u001b[22m\n      \u001b[2mat Object.<anonymous> (\u001b[22msrc/__tests__/unit/services/authService.test.js\u001b[2m:75:7)\u001b[22m\n    at Object.toThrow (/Users/veland/GlassCodeAcademy/backend-node/node_modules/expect/build/index.js:2155:20)\n    at Object.toThrow (/Users/veland/GlassCodeAcademy/backend-node/src/__tests__/unit/services/authService.test.js:76:18)\n    at Promise.finally.completed (/Users/veland/GlassCodeAcademy/backend-node/node_modules/jest-circus/build/jestAdapterInit.js:1557:28)\n    at new Promise (<anonymous>)\n    at callAsyncCircusFn (/Users/veland/GlassCodeAcademy/backend-node/node_modules/jest-circus/build/jestAdapterInit.js:1497:10)\n    at _callCircusTest (/Users/veland/GlassCodeAcademy/backend-node/node_modules/jest-circus/build/jestAdapterInit.js:1007:40)\n    at _runTest (/Users/veland/GlassCodeAcademy/backend-node/node_modules/jest-circus/build/jestAdapterInit.js:947:3)\n    at /Users/veland/GlassCodeAcademy/backend-node/node_modules/jest-circus/build/jestAdapterInit.js:849:7\n    at _runTestsForDescribeBlock (/Users/veland/GlassCodeAcademy/backend-node/node_modules/jest-circus/build/jestAdapterInit.js:862:11)\n    at _runTestsForDescribeBlock (/Users/veland/GlassCodeAcademy/backend-node/node_modules/jest-circus/build/jestAdapterInit.js:857:11)\n    at _runTestsForDescribeBlock (/Users/veland/GlassCodeAcademy/backend-node/node_modules/jest-circus/build/jestAdapterInit.js:857:11)\n    at run (/Users/veland/GlassCodeAcademy/backend-node/node_modules/jest-circus/build/jestAdapterInit.js:761:3)\n    at runAndTransformResultsToJestFormat (/Users/veland/GlassCodeAcademy/backend-node/node_modules/jest-circus/build/jestAdapterInit.js:1918:21)\n    at jestAdapter (/Users/veland/GlassCodeAcademy/backend-node/node_modules/jest-circus/build/runner.js:103:25)\n    at runTestInternal (/Users/veland/GlassCodeAcademy/backend-node/node_modules/jest-runner/build/index.js:300:22)\n    at runTest (/Users/veland/GlassCodeAcademy/backend-node/node_modules/jest-runner/build/index.js:368:13)"],"fullName":"AuthService register should throw error if user already exists","invocations":1,"location":null,"numPassingAsserts":0,"retryReasons":[],"startAt":1762222874549,"status":"failed","title":"should throw error if user already exists"},{"ancestorTitles":["AuthService","login"],"duration":3,"failing":false,"failureDetails":[{}],"failureMessages":["Error: Account is deactivated\n    at login (/Users/veland/GlassCodeAcademy/backend-node/src/services/authService.js:147:11)\n    at Object.<anonymous> (/Users/veland/GlassCodeAcademy/backend-node/src/__tests__/unit/services/authService.test.js:104:22)"],"fullName":"AuthService login should successfully login with valid credentials","invocations":1,"location":null,"numPassingAsserts":0,"retryReasons":[],"startAt":1762222874561,"status":"failed","title":"should successfully login with valid credentials"},{"ancestorTitles":["AuthService","login"],"duration":0,"failing":false,"failureDetails":[],"failureMessages":[],"fullName":"AuthService login should throw error with invalid email","invocations":1,"location":null,"numPassingAsserts":1,"retryReasons":[],"startAt":1762222874565,"status":"passed","title":"should throw error with invalid email"},{"ancestorTitles":["AuthService","login"],"duration":0,"failing":false,"failureDetails":[],"failureMessages":[],"fullName":"AuthService login should throw error with invalid password","invocations":1,"location":null,"numPassingAsserts":2,"retryReasons":[],"startAt":1762222874565,"status":"passed","title":"should throw error with invalid password"},{"ancestorTitles":["AuthService","generateToken"],"duration":1,"failing":false,"failureDetails":[],"failureMessages":[],"fullName":"AuthService generateToken should generate a valid JWT token","invocations":1,"location":null,"numPassingAsserts":2,"retryReasons":[],"startAt":1762222874566,"status":"passed","title":"should generate a valid JWT token"},{"ancestorTitles":["AuthService","generateToken"],"duration":0,"failing":false,"failureDetails":[],"failureMessages":[],"fullName":"AuthService generateToken should include userId and email in token payload","invocations":1,"location":null,"numPassingAsserts":1,"retryReasons":[],"startAt":1762222874567,"status":"passed","title":"should include userId and email in token payload"}],"endTime":1762222874574,"message":"\u001b[1m\u001b[31m  \u001b[1m● \u001b[22m\u001b[1mAuthService › register › should successfully register a new user\u001b[39m\u001b[22m\n\n    Password must contain at least one uppercase letter\n\u001b[2m\u001b[22m\n\u001b[2m    \u001b[0m \u001b[90m 50 |\u001b[39m   \u001b[90m// Check for at least one uppercase letter\u001b[39m\u001b[22m\n\u001b[2m     \u001b[90m 51 |\u001b[39m   \u001b[36mif\u001b[39m (\u001b[33m!\u001b[39m\u001b[35m/[A-Z]/\u001b[39m\u001b[33m.\u001b[39mtest(password)) {\u001b[22m\n\u001b[2m    \u001b[31m\u001b[1m>\u001b[22m\u001b[2m\u001b[39m\u001b[90m 52 |\u001b[39m     \u001b[36mthrow\u001b[39m \u001b[36mnew\u001b[39m \u001b[33mError\u001b[39m(\u001b[32m'Password must contain at least one uppercase letter'\u001b[39m)\u001b[33m;\u001b[39m\u001b[22m\n\u001b[2m     \u001b[90m    |\u001b[39m           \u001b[31m\u001b[1m^\u001b[22m\u001b[2m\u001b[39m\u001b[22m\n\u001b[2m     \u001b[90m 53 |\u001b[39m   }\u001b[22m\n\u001b[2m     \u001b[90m 54 |\u001b[39m   \u001b[22m\n\u001b[2m     \u001b[90m 55 |\u001b[39m   \u001b[90m// Check for at least one lowercase letter\u001b[39m\u001b[0m\u001b[22m\n\u001b[2m\u001b[22m\n\u001b[2m      \u001b[2mat validatePasswordStrength (\u001b[22m\u001b[2msrc/services/authService.js\u001b[2m:52:11)\u001b[22m\u001b[2m\u001b[22m\n\u001b[2m      \u001b[2mat validatePasswordStrength (\u001b[22m\u001b[2msrc/services/authService.js\u001b[2m:77:3)\u001b[22m\u001b[2m\u001b[22m\n\u001b[2m      \u001b[2mat Object.<anonymous> (\u001b[22m\u001b[2m\u001b[0m\u001b[36msrc/__tests__/unit/services/authService.test.js\u001b[39m\u001b[0m\u001b[2m:43:22)\u001b[22m\u001b[2m\u001b[22m\n\n\u001b[1m\u001b[31m  \u001b[1m● \u001b[22m\u001b[1mAuthService › register › should throw error if user already exists\u001b[39m\u001b[22m\n\n    \u001b[2mexpect(\u001b[22m\u001b[31mreceived\u001b[39m\u001b[2m).\u001b[22mrejects\u001b[2m.\u001b[22mtoThrow\u001b[2m(\u001b[22m\u001b[32mexpected\u001b[39m\u001b[2m)\u001b[22m\n\n    Expected substring: \u001b[32m\"User already exists\"\u001b[39m\n    Received message:   \u001b[31m\"Password must contain at least one uppercase letter\"\u001b[39m\n\n        \u001b[0m \u001b[90m 50 |\u001b[39m   \u001b[90m// Check for at least one uppercase letter\u001b[39m\n         \u001b[90m 51 |\u001b[39m   \u001b[36mif\u001b[39m (\u001b[33m!\u001b[39m\u001b[35m/[A-Z]/\u001b[39m\u001b[33m.\u001b[39mtest(password)) {\n        \u001b[31m\u001b[1m>\u001b[22m\u001b[39m\u001b[90m 52 |\u001b[39m     \u001b[36mthrow\u001b[39m \u001b[36mnew\u001b[39m \u001b[33mError\u001b[39m(\u001b[32m'Password must contain at least one uppercase letter'\u001b[39m)\u001b[33m;\u001b[39m\n         \u001b[90m    |\u001b[39m           \u001b[31m\u001b[1m^\u001b[22m\u001b[39m\n         \u001b[90m 53 |\u001b[39m   }\n         \u001b[90m 54 |\u001b[39m   \n         \u001b[90m 55 |\u001b[39m   \u001b[90m// Check for at least one lowercase letter\u001b[39m\u001b[0m\n\n          \u001b[2mat validatePasswordStrength (\u001b[22msrc/services/authService.js\u001b[2m:52:11)\u001b[22m\n          \u001b[2mat validatePasswordStrength (\u001b[22msrc/services/authService.js\u001b[2m:77:3)\u001b[22m\n          \u001b[2mat Object.<anonymous> (\u001b[22msrc/__tests__/unit/services/authService.test.js\u001b[2m:75:7)\u001b[22m\n\u001b[2m\u001b[22m\n\u001b[2m    \u001b[0m \u001b[90m 74 |\u001b[39m       \u001b[90m// Act & Assert\u001b[39m\u001b[22m\n\u001b[2m     \u001b[90m 75 |\u001b[39m       \u001b[36mawait\u001b[39m expect(register(userData))\u001b[22m\n\u001b[2m    \u001b[31m\u001b[1m>\u001b[22m\u001b[2m\u001b[39m\u001b[90m 76 |\u001b[39m         \u001b[33m.\u001b[39mrejects\u001b[33m.\u001b[39mtoThrow(\u001b[32m'User already exists'\u001b[39m)\u001b[33m;\u001b[39m\u001b[22m\n\u001b[2m     \u001b[90m    |\u001b[39m                  \u001b[31m\u001b[1m^\u001b[22m\u001b[2m\u001b[39m\u001b[22m\n\u001b[2m     \u001b[90m 77 |\u001b[39m\u001b[22m\n\u001b[2m     \u001b[90m 78 |\u001b[39m       expect(\u001b[33mUser\u001b[39m\u001b[33m.\u001b[39mcreate)\u001b[33m.\u001b[39mnot\u001b[33m.\u001b[39mtoHaveBeenCalled()\u001b[33m;\u001b[39m\u001b[22m\n\u001b[2m     \u001b[90m 79 |\u001b[39m     })\u001b[33m;\u001b[39m\u001b[0m\u001b[22m\n\u001b[2m\u001b[22m\n\u001b[2m      \u001b[2mat Object.toThrow (\u001b[22m\u001b[2mnode_modules/expect/build/index.js\u001b[2m:2155:20)\u001b[22m\u001b[2m\u001b[22m\n\u001b[2m      \u001b[2mat Object.toThrow (\u001b[22m\u001b[2m\u001b[0m\u001b[36msrc/__tests__/unit/services/authService.test.js\u001b[39m\u001b[0m\u001b[2m:76:18)\u001b[22m\u001b[2m\u001b[22m\n\n\u001b[1m\u001b[31m  \u001b[1m● \u001b[22m\u001b[1mAuthService › login › should successfully login with valid credentials\u001b[39m\u001b[22m\n\n    Account is deactivated\n\u001b[2m\u001b[22m\n\u001b[2m    \u001b[0m \u001b[90m 145 |\u001b[39m   \u001b[90m// Check if user is active\u001b[39m\u001b[22m\n\u001b[2m     \u001b[90m 146 |\u001b[39m   \u001b[36mif\u001b[39m (\u001b[33m!\u001b[39muser\u001b[33m.\u001b[39misActive) {\u001b[22m\n\u001b[2m    \u001b[31m\u001b[1m>\u001b[22m\u001b[2m\u001b[39m\u001b[90m 147 |\u001b[39m     \u001b[36mthrow\u001b[39m \u001b[36mnew\u001b[39m \u001b[33mError\u001b[39m(\u001b[32m'Account is deactivated'\u001b[39m)\u001b[33m;\u001b[39m\u001b[22m\n\u001b[2m     \u001b[90m     |\u001b[39m           \u001b[31m\u001b[1m^\u001b[22m\u001b[2m\u001b[39m\u001b[22m\n\u001b[2m     \u001b[90m 148 |\u001b[39m   }\u001b[22m\n\u001b[2m     \u001b[90m 149 |\u001b[39m\u001b[22m\n\u001b[2m     \u001b[90m 150 |\u001b[39m   \u001b[90m// Update last login\u001b[39m\u001b[0m\u001b[22m\n\u001b[2m\u001b[22m\n\u001b[2m      \u001b[2mat login (\u001b[22m\u001b[2msrc/services/authService.js\u001b[2m:147:11)\u001b[22m\u001b[2m\u001b[22m\n\u001b[2m      \u001b[2mat Object.<anonymous> (\u001b[22m\u001b[2m\u001b[0m\u001b[36msrc/__tests__/unit/services/authService.test.js\u001b[39m\u001b[0m\u001b[2m:104:22)\u001b[22m\u001b[2m\u001b[22m\n","name":"/Users/veland/GlassCodeAcademy/backend-node/src/__tests__/unit/services/authService.test.js","startTime":1762222874273,"status":"failed","summary":""},{"assertionResults":[{"ancestorTitles":["Auth Service","generateToken"],"duration":1,"failing":false,"failureDetails":[],"failureMessages":[],"fullName":"Auth Service generateToken should generate a JWT token","invocations":1,"location":null,"numPassingAsserts":2,"retryReasons":[],"startAt":1762222874717,"status":"passed","title":"should generate a JWT token"},{"ancestorTitles":["Auth Service","register"],"duration":1,"failing":false,"failureDetails":[{}],"failureMessages":["Error: Password must contain at least one uppercase letter\n    at validatePasswordStrength (/Users/veland/GlassCodeAcademy/backend-node/src/services/authService.js:52:11)\n    at validatePasswordStrength (/Users/veland/GlassCodeAcademy/backend-node/src/services/authService.js:77:3)\n    at Object.<anonymous> (/Users/veland/GlassCodeAcademy/backend-node/tests/services/authService.test.js:79:22)"],"fullName":"Auth Service register should register a new user","invocations":1,"location":null,"numPassingAsserts":0,"retryReasons":[],"startAt":1762222874718,"status":"failed","title":"should register a new user"},{"ancestorTitles":["Auth Service","register"],"duration":2,"failing":false,"failureDetails":[{"matcherResult":{"message":"\u001b[2mexpect(\u001b[22m\u001b[31mreceived\u001b[39m\u001b[2m).\u001b[22mrejects\u001b[2m.\u001b[22mtoThrow\u001b[2m(\u001b[22m\u001b[32mexpected\u001b[39m\u001b[2m)\u001b[22m\n\nExpected substring: \u001b[32m\"User already exists with this email\"\u001b[39m\nReceived message:   \u001b[31m\"Password must contain at least one uppercase letter\"\u001b[39m\n\n    \u001b[0m \u001b[90m 50 |\u001b[39m   \u001b[90m// Check for at least one uppercase letter\u001b[39m\n     \u001b[90m 51 |\u001b[39m   \u001b[36mif\u001b[39m (\u001b[33m!\u001b[39m\u001b[35m/[A-Z]/\u001b[39m\u001b[33m.\u001b[39mtest(password)) {\n    \u001b[31m\u001b[1m>\u001b[22m\u001b[39m\u001b[90m 52 |\u001b[39m     \u001b[36mthrow\u001b[39m \u001b[36mnew\u001b[39m \u001b[33mError\u001b[39m(\u001b[32m'Password must contain at least one uppercase letter'\u001b[39m)\u001b[33m;\u001b[39m\n     \u001b[90m    |\u001b[39m           \u001b[31m\u001b[1m^\u001b[22m\u001b[39m\n     \u001b[90m 53 |\u001b[39m   }\n     \u001b[90m 54 |\u001b[39m   \n     \u001b[90m 55 |\u001b[39m   \u001b[90m// Check for at least one lowercase letter\u001b[39m\u001b[0m\n\n      \u001b[2mat validatePasswordStrength (\u001b[22msrc/services/authService.js\u001b[2m:52:11)\u001b[22m\n      \u001b[2mat validatePasswordStrength (\u001b[22msrc/services/authService.js\u001b[2m:77:3)\u001b[22m\n      \u001b[2mat Object.<anonymous> (\u001b[22mtests/services/authService.test.js\u001b[2m:121:7)\u001b[22m","pass":false},"message":"\u001b[2mexpect(\u001b[22m\u001b[31mreceived\u001b[39m\u001b[2m).\u001b[22mrejects\u001b[2m.\u001b[22mtoThrow\u001b[2m(\u001b[22m\u001b[32mexpected\u001b[39m\u001b[2m)\u001b[22m\n\nExpected substring: \u001b[32m\"User already exists with this email\"\u001b[39m\nReceived message:   \u001b[31m\"Password must contain at least one uppercase letter\"\u001b[39m\n\n    \u001b[0m \u001b[90m 50 |\u001b[39m   \u001b[90m// Check for at least one uppercase letter\u001b[39m\n     \u001b[90m 51 |\u001b[39m   \u001b[36mif\u001b[39m (\u001b[33m!\u001b[39m\u001b[35m/[A-Z]/\u001b[39m\u001b[33m.\u001b[39mtest(password)) {\n    \u001b[31m\u001b[1m>\u001b[22m\u001b[39m\u001b[90m 52 |\u001b[39m     \u001b[36mthrow\u001b[39m \u001b[36mnew\u001b[39m \u001b[33mError\u001b[39m(\u001b[32m'Password must contain at least one uppercase letter'\u001b[39m)\u001b[33m;\u001b[39m\n     \u001b[90m    |\u001b[39m           \u001b[31m\u001b[1m^\u001b[22m\u001b[39m\n     \u001b[90m 53 |\u001b[39m   }\n     \u001b[90m 54 |\u001b[39m   \n     \u001b[90m 55 |\u001b[39m   \u001b[90m// Check for at least one lowercase letter\u001b[39m\u001b[0m\n\n      \u001b[2mat validatePasswordStrength (\u001b[22msrc/services/authService.js\u001b[2m:52:11)\u001b[22m\n      \u001b[2mat validatePasswordStrength (\u001b[22msrc/services/authService.js\u001b[2m:77:3)\u001b[22m\n      \u001b[2mat Object.<anonymous> (\u001b[22mtests/services/authService.test.js\u001b[2m:121:7)\u001b[22m"}],"failureMessages":["Error: \u001b[2mexpect(\u001b[22m\u001b[31mreceived\u001b[39m\u001b[2m).\u001b[22mrejects\u001b[2m.\u001b[22mtoThrow\u001b[2m(\u001b[22m\u001b[32mexpected\u001b[39m\u001b[2m)\u001b[22m\n\nExpected substring: \u001b[32m\"User already exists with this email\"\u001b[39m\nReceived message:   \u001b[31m\"Password must contain at least one uppercase letter\"\u001b[39m\n\n    \u001b[0m \u001b[90m 50 |\u001b[39m   \u001b[90m// Check for at least one uppercase letter\u001b[39m\n     \u001b[90m 51 |\u001b[39m   \u001b[36mif\u001b[39m (\u001b[33m!\u001b[39m\u001b[35m/[A-Z]/\u001b[39m\u001b[33m.\u001b[39mtest(password)) {\n    \u001b[31m\u001b[1m>\u001b[22m\u001b[39m\u001b[90m 52 |\u001b[39m     \u001b[36mthrow\u001b[39m \u001b[36mnew\u001b[39m \u001b[33mError\u001b[39m(\u001b[32m'Password must contain at least one uppercase letter'\u001b[39m)\u001b[33m;\u001b[39m\n     \u001b[90m    |\u001b[39m           \u001b[31m\u001b[1m^\u001b[22m\u001b[39m\n     \u001b[90m 53 |\u001b[39m   }\n     \u001b[90m 54 |\u001b[39m   \n     \u001b[90m 55 |\u001b[39m   \u001b[90m// Check for at least one lowercase letter\u001b[39m\u001b[0m\n\n      \u001b[2mat validatePasswordStrength (\u001b[22msrc/services/authService.js\u001b[2m:52:11)\u001b[22m\n      \u001b[2mat validatePasswordStrength (\u001b[22msrc/services/authService.js\u001b[2m:77:3)\u001b[22m\n      \u001b[2mat Object.<anonymous> (\u001b[22mtests/services/authService.test.js\u001b[2m:121:7)\u001b[22m\n    at Object.toThrow (/Users/veland/GlassCodeAcademy/backend-node/node_modules/expect/build/index.js:2155:20)\n    at Object.toThrow (/Users/veland/GlassCodeAcademy/backend-node/tests/services/authService.test.js:121:48)\n    at Promise.finally.completed (/Users/veland/GlassCodeAcademy/backend-node/node_modules/jest-circus/build/jestAdapterInit.js:1557:28)\n    at new Promise (<anonymous>)\n    at callAsyncCircusFn (/Users/veland/GlassCodeAcademy/backend-node/node_modules/jest-circus/build/jestAdapterInit.js:1497:10)\n    at _callCircusTest (/Users/veland/GlassCodeAcademy/backend-node/node_modules/jest-circus/build/jestAdapterInit.js:1007:40)\n    at _runTest (/Users/veland/GlassCodeAcademy/backend-node/node_modules/jest-circus/build/jestAdapterInit.js:947:3)\n    at /Users/veland/GlassCodeAcademy/backend-node/node_modules/jest-circus/build/jestAdapterInit.js:849:7\n    at _runTestsForDescribeBlock (/Users/veland/GlassCodeAcademy/backend-node/node_modules/jest-circus/build/jestAdapterInit.js:862:11)\n    at _runTestsForDescribeBlock (/Users/veland/GlassCodeAcademy/backend-node/node_modules/jest-circus/build/jestAdapterInit.js:857:11)\n    at _runTestsForDescribeBlock (/Users/veland/GlassCodeAcademy/backend-node/node_modules/jest-circus/build/jestAdapterInit.js:857:11)\n    at run (/Users/veland/GlassCodeAcademy/backend-node/node_modules/jest-circus/build/jestAdapterInit.js:761:3)\n    at runAndTransformResultsToJestFormat (/Users/veland/GlassCodeAcademy/backend-node/node_modules/jest-circus/build/jestAdapterInit.js:1918:21)\n    at jestAdapter (/Users/veland/GlassCodeAcademy/backend-node/node_modules/jest-circus/build/runner.js:103:25)\n    at runTestInternal (/Users/veland/GlassCodeAcademy/backend-node/node_modules/jest-runner/build/index.js:300:22)\n    at runTest (/Users/veland/GlassCodeAcademy/backend-node/node_modules/jest-runner/build/index.js:368:13)"],"fullName":"Auth Service register should throw error when user already exists","invocations":1,"location":null,"numPassingAsserts":0,"retryReasons":[],"startAt":1762222874723,"status":"failed","title":"should throw error when user already exists"},{"ancestorTitles":["Auth Service","login"],"duration":1,"failing":false,"failureDetails":[{}],"failureMessages":["Error: Account is deactivated\n    at login (/Users/veland/GlassCodeAcademy/backend-node/src/services/authService.js:147:11)\n    at Object.<anonymous> (/Users/veland/GlassCodeAcademy/backend-node/tests/services/authService.test.js:150:22)"],"fullName":"Auth Service login should login a user with valid credentials","invocations":1,"location":null,"numPassingAsserts":0,"retryReasons":[],"startAt":1762222874729,"status":"failed","title":"should login a user with valid credentials"},{"ancestorTitles":["Auth Service","login"],"duration":0,"failing":false,"failureDetails":[],"failureMessages":[],"fullName":"Auth Service login should throw error when user not found","invocations":1,"location":null,"numPassingAsserts":2,"retryReasons":[],"startAt":1762222874730,"status":"passed","title":"should throw error when user not found"},{"ancestorTitles":["Auth Service","login"],"duration":1,"failing":false,"failureDetails":[],"failureMessages":[],"fullName":"Auth Service login should throw error when password is invalid","invocations":1,"location":null,"numPassingAsserts":4,"retryReasons":[],"startAt":1762222874730,"status":"passed","title":"should throw error when password is invalid"}],"endTime":1762222874736,"message":"\u001b[1m\u001b[31m  \u001b[1m● \u001b[22m\u001b[1mAuth Service › register › should register a new user\u001b[39m\u001b[22m\n\n    Password must contain at least one uppercase letter\n\u001b[2m\u001b[22m\n\u001b[2m    \u001b[0m \u001b[90m 50 |\u001b[39m   \u001b[90m// Check for at least one uppercase letter\u001b[39m\u001b[22m\n\u001b[2m     \u001b[90m 51 |\u001b[39m   \u001b[36mif\u001b[39m (\u001b[33m!\u001b[39m\u001b[35m/[A-Z]/\u001b[39m\u001b[33m.\u001b[39mtest(password)) {\u001b[22m\n\u001b[2m    \u001b[31m\u001b[1m>\u001b[22m\u001b[2m\u001b[39m\u001b[90m 52 |\u001b[39m     \u001b[36mthrow\u001b[39m \u001b[36mnew\u001b[39m \u001b[33mError\u001b[39m(\u001b[32m'Password must contain at least one uppercase letter'\u001b[39m)\u001b[33m;\u001b[39m\u001b[22m\n\u001b[2m     \u001b[90m    |\u001b[39m           \u001b[31m\u001b[1m^\u001b[22m\u001b[2m\u001b[39m\u001b[22m\n\u001b[2m     \u001b[90m 53 |\u001b[39m   }\u001b[22m\n\u001b[2m     \u001b[90m 54 |\u001b[39m   \u001b[22m\n\u001b[2m     \u001b[90m 55 |\u001b[39m   \u001b[90m// Check for at least one lowercase letter\u001b[39m\u001b[0m\u001b[22m\n\u001b[2m\u001b[22m\n\u001b[2m      \u001b[2mat validatePasswordStrength (\u001b[22m\u001b[2msrc/services/authService.js\u001b[2m:52:11)\u001b[22m\u001b[2m\u001b[22m\n\u001b[2m      \u001b[2mat validatePasswordStrength (\u001b[22m\u001b[2msrc/services/authService.js\u001b[2m:77:3)\u001b[22m\u001b[2m\u001b[22m\n\u001b[2m      \u001b[2mat Object.<anonymous> (\u001b[22m\u001b[2m\u001b[0m\u001b[36mtests/services/authService.test.js\u001b[39m\u001b[0m\u001b[2m:79:22)\u001b[22m\u001b[2m\u001b[22m\n\n\u001b[1m\u001b[31m  \u001b[1m● \u001b[22m\u001b[1mAuth Service › register › should throw error when user already exists\u001b[39m\u001b[22m\n\n    \u001b[2mexpect(\u001b[22m\u001b[31mreceived\u001b[39m\u001b[2m).\u001b[22mrejects\u001b[2m.\u001b[22mtoThrow\u001b[2m(\u001b[22m\u001b[32mexpected\u001b[39m\u001b[2m)\u001b[22m\n\n    Expected substring: \u001b[32m\"User already exists with this email\"\u001b[39m\n    Received message:   \u001b[31m\"Password must contain at least one uppercase letter\"\u001b[39m\n\n        \u001b[0m \u001b[90m 50 |\u001b[39m   \u001b[90m// Check for at least one uppercase letter\u001b[39m\n         \u001b[90m 51 |\u001b[39m   \u001b[36mif\u001b[39m (\u001b[33m!\u001b[39m\u001b[35m/[A-Z]/\u001b[39m\u001b[33m.\u001b[39mtest(password)) {\n        \u001b[31m\u001b[1m>\u001b[22m\u001b[39m\u001b[90m 52 |\u001b[39m     \u001b[36mthrow\u001b[39m \u001b[36mnew\u001b[39m \u001b[33mError\u001b[39m(\u001b[32m'Password must contain at least one uppercase letter'\u001b[39m)\u001b[33m;\u001b[39m\n         \u001b[90m    |\u001b[39m           \u001b[31m\u001b[1m^\u001b[22m\u001b[39m\n         \u001b[90m 53 |\u001b[39m   }\n         \u001b[90m 54 |\u001b[39m   \n         \u001b[90m 55 |\u001b[39m   \u001b[90m// Check for at least one lowercase letter\u001b[39m\u001b[0m\n\n          \u001b[2mat validatePasswordStrength (\u001b[22msrc/services/authService.js\u001b[2m:52:11)\u001b[22m\n          \u001b[2mat validatePasswordStrength (\u001b[22msrc/services/authService.js\u001b[2m:77:3)\u001b[22m\n          \u001b[2mat Object.<anonymous> (\u001b[22mtests/services/authService.test.js\u001b[2m:121:7)\u001b[22m\n\u001b[2m\u001b[22m\n\u001b[2m    \u001b[0m \u001b[90m 119 |\u001b[39m       \u001b[33mUser\u001b[39m\u001b[33m.\u001b[39mfindOne\u001b[33m.\u001b[39mmockResolvedValue(existingUser)\u001b[33m;\u001b[39m\u001b[22m\n\u001b[2m     \u001b[90m 120 |\u001b[39m\u001b[22m\n\u001b[2m    \u001b[31m\u001b[1m>\u001b[22m\u001b[2m\u001b[39m\u001b[90m 121 |\u001b[39m       \u001b[36mawait\u001b[39m expect(register(userData))\u001b[33m.\u001b[39mrejects\u001b[33m.\u001b[39mtoThrow(\u001b[32m'User already exists with this email'\u001b[39m)\u001b[33m;\u001b[39m\u001b[22m\n\u001b[2m     \u001b[90m     |\u001b[39m                                                \u001b[31m\u001b[1m^\u001b[22m\u001b[2m\u001b[39m\u001b[22m\n\u001b[2m     \u001b[90m 122 |\u001b[39m\u001b[22m\n\u001b[2m     \u001b[90m 123 |\u001b[39m       expect(\u001b[33mUser\u001b[39m\u001b[33m.\u001b[39mfindOne)\u001b[33m.\u001b[39mtoHaveBeenCalledWith({\u001b[22m\n\u001b[2m     \u001b[90m 124 |\u001b[39m         where\u001b[33m:\u001b[39m { email\u001b[33m:\u001b[39m \u001b[32m'existing@example.com'\u001b[39m }\u001b[0m\u001b[22m\n\u001b[2m\u001b[22m\n\u001b[2m      \u001b[2mat Object.toThrow (\u001b[22m\u001b[2mnode_modules/expect/build/index.js\u001b[2m:2155:20)\u001b[22m\u001b[2m\u001b[22m\n\u001b[2m      \u001b[2mat Object.toThrow (\u001b[22m\u001b[2m\u001b[0m\u001b[36mtests/services/authService.test.js\u001b[39m\u001b[0m\u001b[2m:121:48)\u001b[22m\u001b[2m\u001b[22m\n\n\u001b[1m\u001b[31m  \u001b[1m● \u001b[22m\u001b[1mAuth Service › login › should login a user with valid credentials\u001b[39m\u001b[22m\n\n    Account is deactivated\n\u001b[2m\u001b[22m\n\u001b[2m    \u001b[0m \u001b[90m 145 |\u001b[39m   \u001b[90m// Check if user is active\u001b[39m\u001b[22m\n\u001b[2m     \u001b[90m 146 |\u001b[39m   \u001b[36mif\u001b[39m (\u001b[33m!\u001b[39muser\u001b[33m.\u001b[39misActive) {\u001b[22m\n\u001b[2m    \u001b[31m\u001b[1m>\u001b[22m\u001b[2m\u001b[39m\u001b[90m 147 |\u001b[39m     \u001b[36mthrow\u001b[39m \u001b[36mnew\u001b[39m \u001b[33mError\u001b[39m(\u001b[32m'Account is deactivated'\u001b[39m)\u001b[33m;\u001b[39m\u001b[22m\n\u001b[2m     \u001b[90m     |\u001b[39m           \u001b[31m\u001b[1m^\u001b[22m\u001b[2m\u001b[39m\u001b[22m\n\u001b[2m     \u001b[90m 148 |\u001b[39m   }\u001b[22m\n\u001b[2m     \u001b[90m 149 |\u001b[39m\u001b[22m\n\u001b[2m     \u001b[90m 150 |\u001b[39m   \u001b[90m// Update last login\u001b[39m\u001b[0m\u001b[22m\n\u001b[2m\u001b[22m\n\u001b[2m      \u001b[2mat login (\u001b[22m\u001b[2msrc/services/authService.js\u001b[2m:147:11)\u001b[22m\u001b[2m\u001b[22m\n\u001b[2m      \u001b[2mat Object.<anonymous> (\u001b[22m\u001b[2m\u001b[0m\u001b[36mtests/services/authService.test.js\u001b[39m\u001b[0m\u001b[2m:150:22)\u001b[22m\u001b[2m\u001b[22m\n","name":"/Users/veland/GlassCodeAcademy/backend-node/tests/services/authService.test.js","startTime":1762222874577,"status":"failed","summary":""},{"assertionResults":[{"ancestorTitles":["authService","generateToken"],"duration":2,"failing":false,"failureDetails":[],"failureMessages":[],"fullName":"authService generateToken should generate a JWT token","invocations":1,"location":null,"numPassingAsserts":2,"retryReasons":[],"startAt":1762222874868,"status":"passed","title":"should generate a JWT token"},{"ancestorTitles":["authService","register"],"duration":0,"failing":false,"failureDetails":[{}],"failureMessages":["Error: Password must contain at least one uppercase letter\n    at validatePasswordStrength (/Users/veland/GlassCodeAcademy/backend-node/src/services/authService.js:52:11)\n    at Object.validatePasswordStrength [as register] (/Users/veland/GlassCodeAcademy/backend-node/src/services/authService.js:77:3)\n    at Object.<anonymous> (/Users/veland/GlassCodeAcademy/backend-node/tests/authService.test.js:77:22)"],"fullName":"authService register should register a new user","invocations":1,"location":null,"numPassingAsserts":0,"retryReasons":[],"startAt":1762222874870,"status":"failed","title":"should register a new user"},{"ancestorTitles":["authService","register"],"duration":2,"failing":false,"failureDetails":[{"matcherResult":{"message":"\u001b[2mexpect(\u001b[22m\u001b[31mreceived\u001b[39m\u001b[2m).\u001b[22mrejects\u001b[2m.\u001b[22mtoThrow\u001b[2m(\u001b[22m\u001b[32mexpected\u001b[39m\u001b[2m)\u001b[22m\n\nExpected substring: \u001b[32m\"User already exists with this email\"\u001b[39m\nReceived message:   \u001b[31m\"Password must contain at least one uppercase letter\"\u001b[39m\n\n    \u001b[0m \u001b[90m 50 |\u001b[39m   \u001b[90m// Check for at least one uppercase letter\u001b[39m\n     \u001b[90m 51 |\u001b[39m   \u001b[36mif\u001b[39m (\u001b[33m!\u001b[39m\u001b[35m/[A-Z]/\u001b[39m\u001b[33m.\u001b[39mtest(password)) {\n    \u001b[31m\u001b[1m>\u001b[22m\u001b[39m\u001b[90m 52 |\u001b[39m     \u001b[36mthrow\u001b[39m \u001b[36mnew\u001b[39m \u001b[33mError\u001b[39m(\u001b[32m'Password must contain at least one uppercase letter'\u001b[39m)\u001b[33m;\u001b[39m\n     \u001b[90m    |\u001b[39m           \u001b[31m\u001b[1m^\u001b[22m\u001b[39m\n     \u001b[90m 53 |\u001b[39m   }\n     \u001b[90m 54 |\u001b[39m   \n     \u001b[90m 55 |\u001b[39m   \u001b[90m// Check for at least one lowercase letter\u001b[39m\u001b[0m\n\n      \u001b[2mat validatePasswordStrength (\u001b[22msrc/services/authService.js\u001b[2m:52:11)\u001b[22m\n      \u001b[2mat Object.validatePasswordStrength [as register] (\u001b[22msrc/services/authService.js\u001b[2m:77:3)\u001b[22m\n      \u001b[2mat Object.<anonymous> (\u001b[22mtests/authService.test.js\u001b[2m:116:7)\u001b[22m","pass":false},"message":"\u001b[
[...]
 new lesson"},{"ancestorTitles":["contentManagementService","createLesson"],"duration":3,"failing":false,"failureDetails":[],"failureMessages":[],"fullName":"contentManagementService createLesson should throw an error if lesson creation fails","invocations":1,"location":null,"numPassingAsserts":1,"retryReasons":[],"startAt":1762222892657,"status":"passed","title":"should throw an error if lesson creation fails"},{"ancestorTitles":["contentManagementService","createQuiz"],"duration":0,"failing":false,"failureDetails":[],"failureMessages":[],"fullName":"contentManagementService createQuiz should create a new quiz","invocations":1,"location":null,"numPassingAsserts":2,"retryReasons":[],"startAt":1762222892660,"status":"passed","title":"should create a new quiz"},{"ancestorTitles":["contentManagementService","createQuiz"],"duration":1,"failing":false,"failureDetails":[],"failureMessages":[],"fullName":"contentManagementService createQuiz should throw an error if quiz creation fails","invocations":1,"location":null,"numPassingAsserts":1,"retryReasons":[],"startAt":1762222892660,"status":"passed","title":"should throw an error if quiz creation fails"}],"endTime":1762222892661,"message":"","name":"/Users/veland/GlassCodeAcademy/backend-node/tests/contentManagementService.test.js","startTime":1762222892521,"status":"passed","summary":""},{"assertionResults":[{"ancestorTitles":["Performance Tests"],"duration":6,"failing":false,"failureDetails":[],"failureMessages":[],"fullName":"Performance Tests slug resolution performance","invocations":1,"location":null,"numPassingAsserts":1,"retryReasons":[],"startAt":1762222892773,"status":"passed","title":"slug resolution performance"}],"endTime":1762222892780,"message":"","name":"/Users/veland/GlassCodeAcademy/backend-node/tests/performance.test.js","startTime":1762222892663,"status":"passed","summary":""},{"assertionResults":[{"ancestorTitles":["Database configuration in test environment"],"duration":1,"failing":false,"failureDetails":[],"failureMessages":[],"fullName":"Database configuration in test environment selects correct dialect in test mode based on integration flag","invocations":1,"location":null,"numPassingAsserts":2,"retryReasons":[],"startAt":1762222892968,"status":"passed","title":"selects correct dialect in test mode based on integration flag"}],"endTime":1762222892970,"message":"","name":"/Users/veland/GlassCodeAcademy/backend-node/tests/config.test.js","startTime":1762222892782,"status":"passed","summary":""},{"assertionResults":[{"ancestorTitles":["Content Service","getAllCourses"],"duration":1,"failing":false,"failureDetails":[],"failureMessages":[],"fullName":"Content Service getAllCourses should return courses with pagination","invocations":1,"location":null,"numPassingAsserts":2,"retryReasons":[],"startAt":1762222893143,"status":"passed","title":"should return courses with pagination"},{"ancestorTitles":["Content Service","getAllCourses"],"duration":6,"failing":false,"failureDetails":[],"failureMessages":[],"fullName":"Content Service getAllCourses should use default options when none provided","invocations":1,"location":null,"numPassingAsserts":1,"retryReasons":[],"startAt":1762222893144,"status":"passed","title":"should use default options when none provided"},{"ancestorTitles":["Content Service","getCourseById"],"duration":1,"failing":false,"failureDetails":[],"failureMessages":[],"fullName":"Content Service getCourseById should return course with modules and lessons","invocations":1,"location":null,"numPassingAsserts":2,"retryReasons":[],"startAt":1762222893150,"status":"passed","title":"should return course with modules and lessons"},{"ancestorTitles":["Content Service","getCourseById"],"duration":0,"failing":false,"failureDetails":[],"failureMessages":[],"fullName":"Content Service getCourseById should handle when course is not found","invocations":1,"location":null,"numPassingAsserts":2,"retryReasons":[],"startAt":1762222893151,"status":"passed","title":"should handle when course is not found"},{"ancestorTitles":["Content Service","getAllModules"],"duration":0,"failing":false,"failureDetails":[],"failureMessages":[],"fullName":"Content Service getAllModules should return all published modules","invocations":1,"location":null,"numPassingAsserts":2,"retryReasons":[],"startAt":1762222893152,"status":"passed","title":"should return all published modules"},{"ancestorTitles":["Content Service","getModuleById"],"duration":1,"failing":false,"failureDetails":[],"failureMessages":[],"fullName":"Content Service getModuleById should return module with lessons","invocations":1,"location":null,"numPassingAsserts":2,"retryReasons":[],"startAt":1762222893152,"status":"passed","title":"should return module with lessons"},{"ancestorTitles":["Content Service","getLessonById"],"duration":0,"failing":false,"failureDetails":[],"failureMessages":[],"fullName":"Content Service getLessonById should return lesson by id","invocations":1,"location":null,"numPassingAsserts":2,"retryReasons":[],"startAt":1762222893153,"status":"passed","title":"should return lesson by id"},{"ancestorTitles":["Content Service","getLessonsByModuleId"],"duration":1,"failing":false,"failureDetails":[],"failureMessages":[],"fullName":"Content Service getLessonsByModuleId should return lessons for a module","invocations":1,"location":null,"numPassingAsserts":2,"retryReasons":[],"startAt":1762222893153,"status":"passed","title":"should return lessons for a module"},{"ancestorTitles":["Content Service","getQuizzesByLessonId"],"duration":0,"failing":false,"failureDetails":[],"failureMessages":[],"fullName":"Content Service getQuizzesByLessonId should return quizzes for a lesson","invocations":1,"location":null,"numPassingAsserts":2,"retryReasons":[],"startAt":1762222893154,"status":"passed","title":"should return quizzes for a lesson"},{"ancestorTitles":["Content Service","getQuizzesByLessonId"],"duration":1,"failing":false,"failureDetails":[],"failureMessages":[],"fullName":"Content Service getQuizzesByLessonId should filter out quizzes with invalid IDs","invocations":1,"location":null,"numPassingAsserts":2,"retryReasons":[],"startAt":1762222893154,"status":"passed","title":"should filter out quizzes with invalid IDs"}],"endTime":1762222893155,"message":"","name":"/Users/veland/GlassCodeAcademy/backend-node/tests/services/contentService.test.js","startTime":1762222892973,"status":"passed","summary":""},{"assertionResults":[{"ancestorTitles":["Course Controller Unit Tests","getAllCoursesController"],"duration":5,"failing":false,"failureDetails":[],"failureMessages":[],"fullName":"Course Controller Unit Tests getAllCoursesController should return all courses successfully","invocations":1,"location":null,"numPassingAsserts":4,"retryReasons":[],"startAt":1762222893285,"status":"passed","title":"should return all courses successfully"},{"ancestorTitles":["Course Controller Unit Tests","getAllCoursesController"],"duration":1,"failing":false,"failureDetails":[],"failureMessages":[],"fullName":"Course Controller Unit Tests getAllCoursesController should use cache when available","invocations":1,"location":null,"numPassingAsserts":3,"retryReasons":[],"startAt":1762222893290,"status":"passed","title":"should use cache when available"},{"ancestorTitles":["Course Controller Unit Tests","getAllCoursesController"],"duration":1,"failing":false,"failureDetails":[],"failureMessages":[],"fullName":"Course Controller Unit Tests getAllCoursesController should cache results after fetching from database","invocations":1,"location":null,"numPassingAsserts":1,"retryReasons":[],"startAt":1762222893291,"status":"passed","title":"should cache results after fetching from database"},{"ancestorTitles":["Course Controller Unit Tests","getAllCoursesController"],"duration":0,"failing":false,"failureDetails":[],"failureMessages":[],"fullName":"Course Controller Unit Tests getAllCoursesController should handle pagination parameters correctly","invocations":1,"location":null,"numPassingAsserts":2,"retryReasons":[],"startAt":1762222893292,"status":"passed","title":"should handle pagination parameters correctly"},{"ancestorTitles":["Course Controller Unit Tests","getAllCoursesController"],"duration":1,"failing":false,"failureDetails":[],"failureMessages":[],"fullName":"Course Controller Unit Tests getAllCoursesController should handle errors and pass to error middleware","invocations":1,"location":null,"numPassingAsserts":2,"retryReasons":[],"startAt":1762222893292,"status":"passed","title":"should handle errors and pass to error middleware"},{"ancestorTitles":["Course Controller Unit Tests","getAllCoursesController"],"duration":0,"failing":false,"failureDetails":[],"failureMessages":[],"fullName":"Course Controller Unit Tests getAllCoursesController should return test stub in test environment","invocations":1,"location":null,"numPassingAsserts":1,"retryReasons":[],"startAt":1762222893293,"status":"passed","title":"should return test stub in test environment"},{"ancestorTitles":["Course Controller Unit Tests","getCourseByIdController"],"duration":1,"failing":false,"failureDetails":[],"failureMessages":[],"fullName":"Course Controller Unit Tests getCourseByIdController should return course by ID successfully","invocations":1,"location":null,"numPassingAsserts":3,"retryReasons":[],"startAt":1762222893293,"status":"passed","title":"should return course by ID successfully"},{"ancestorTitles":["Course Controller Unit Tests","getCourseByIdController"],"duration":0,"failing":false,"failureDetails":[],"failureMessages":[],"fullName":"Course Controller Unit Tests getCourseByIdController should use cache when available","invocations":1,"location":null,"numPassingAsserts":3,"retryReasons":[],"startAt":1762222893294,"status":"passed","title":"should use cache when available"},{"ancestorTitles":["Course Controller Unit Tests","getCourseByIdController"],"duration":0,"failing":false,"failureDetails":[],"failureMessages":[],"fullName":"Course Controller Unit Tests getCourseByIdController should cache course after fetching from database","invocations":1,"location":null,"numPassingAsserts":1,"retryReasons":[],"startAt":1762222893294,"status":"passed","title":"should cache course after fetching from database"},{"ancestorTitles":["Course Controller Unit Tests","getCourseByIdController"],"duration":1,"failing":false,"failureDetails":[],"failureMessages":[],"fullName":"Course Controller Unit Tests getCourseByIdController should return 404 when course not found","invocations":1,"location":null,"numPassingAsserts":3,"retryReasons":[],"startAt":1762222893294,"status":"passed","title":"should return 404 when course not found"},{"ancestorTitles":["Course Controller Unit Tests","getCourseByIdController"],"duration":0,"failing":false,"failureDetails":[],"failureMessages":[],"fullName":"Course Controller Unit Tests getCourseByIdController should handle errors and pass to error middleware","invocations":1,"location":null,"numPassingAsserts":1,"retryReasons":[],"startAt":1762222893295,"status":"passed","title":"should handle errors and pass to error middleware"},{"ancestorTitles":["Course Controller Unit Tests","createCourseController"],"duration":0,"failing":false,"failureDetails":[],"failureMessages":[],"fullName":"Course Controller Unit Tests createCourseController should create course successfully","invocations":1,"location":null,"numPassingAsserts":3,"retryReasons":[],"startAt":1762222893296,"status":"passed","title":"should create course successfully"},{"ancestorTitles":["Course Controller Unit Tests","createCourseController"],"duration":1,"failing":false,"failureDetails":[],"failureMessages":[],"fullName":"Course Controller Unit Tests createCourseController should handle errors during creation","invocations":1,"location":null,"numPassingAsserts":1,"retryReasons":[],"startAt":1762222893296,"status":"passed","title":"should handle errors during creation"},{"ancestorTitles":["Course Controller Unit Tests","updateCourseController"],"duration":0,"failing":false,"failureDetails":[],"failureMessages":[],"fullName":"Course Controller Unit Tests updateCourseController should update course successfully","invocations":1,"location":null,"numPassingAsserts":3,"retryReasons":[],"startAt":1762222893297,"status":"passed","title":"should update course successfully"},{"ancestorTitles":["Course Controller Unit Tests","updateCourseController"],"duration":1,"failing":false,"failureDetails":[],"failureMessages":[],"fullName":"Course Controller Unit Tests updateCourseController should invalidate cache after update","invocations":1,"location":null,"numPassingAsserts":2,"retryReasons":[],"startAt":1762222893297,"status":"passed","title":"should invalidate cache after update"},{"ancestorTitles":["Course Controller Unit Tests","updateCourseController"],"duration":0,"failing":false,"failureDetails":[],"failureMessages":[],"fullName":"Course Controller Unit Tests updateCourseController should handle errors during update","invocations":1,"location":null,"numPassingAsserts":1,"retryReasons":[],"startAt":1762222893298,"status":"passed","title":"should handle errors during update"},{"ancestorTitles":["Course Controller Unit Tests","deleteCourseController"],"duration":1,"failing":false,"failureDetails":[],"failureMessages":[],"fullName":"Course Controller Unit Tests deleteCourseController should delete course successfully","invocations":1,"location":null,"numPassingAsserts":3,"retryReasons":[],"startAt":1762222893298,"status":"passed","title":"should delete course successfully"},{"ancestorTitles":["Course Controller Unit Tests","deleteCourseController"],"duration":0,"failing":false,"failureDetails":[],"failureMessages":[],"fullName":"Course Controller Unit Tests deleteCourseController should invalidate cache after deletion","invocations":1,"location":null,"numPassingAsserts":2,"retryReasons":[],"startAt":1762222893301,"status":"passed","title":"should invalidate cache after deletion"},{"ancestorTitles":["Course Controller Unit Tests","deleteCourseController"],"duration":1,"failing":false,"failureDetails":[],"failureMessages":[],"fullName":"Course Controller Unit Tests deleteCourseController should handle errors during deletion","invocations":1,"location":null,"numPassingAsserts":1,"retryReasons":[],"startAt":1762222893301,"status":"passed","title":"should handle errors during deletion"}],"endTime":1762222893302,"message":"","name":"/Users/veland/GlassCodeAcademy/backend-node/src/__tests__/unit/controllers/courseController.test.js","startTime":1762222893157,"status":"passed","summary":""},{"assertionResults":[{"ancestorTitles":["Lesson Controller Unit Tests","getLessonByIdController"],"duration":1,"failing":false,"failureDetails":[],"failureMessages":[],"fullName":"Lesson Controller Unit Tests getLessonByIdController should return lesson by ID successfully","invocations":1,"location":null,"numPassingAsserts":3,"retryReasons":[],"startAt":1762222893418,"status":"passed","title":"should return lesson by ID successfully"},{"ancestorTitles":["Lesson Controller Unit Tests","getLessonByIdController"],"duration":0,"failing":false,"failureDetails":[],"failureMessages":[],"fullName":"Lesson Controller Unit Tests getLessonByIdController should use cache when available","invocations":1,"location":null,"numPassingAsserts":3,"retryReasons":[],"startAt":1762222893420,"status":"passed","title":"should use cache when available"},{"ancestorTitles":["Lesson Controller Unit Tests","getLessonByIdController"],"duration":1,"failing":false,"failureDetails":[],"failureMessages":[],"fullName":"Lesson Controller Unit Tests getLessonByIdController should cache lesson after fetching from database","invocations":1,"location":null,"numPassingAsserts":1,"retryReasons":[],"startAt":1762222893420,"status":"passed","title":"should cache lesson after fetching from database"},{"ancestorTitles":["Lesson Controller Unit Tests","getLessonByIdController"],"duration":0,"failing":false,"failureDetails":[],"failureMessages":[],"fullName":"Lesson Controller Unit Tests getLessonByIdController should return 404 when lesson not found","invocations":1,"location":null,"numPassingAsserts":3,"retryReasons":[],"startAt":1762222893421,"status":"passed","title":"should return 404 when lesson not found"},{"ancestorTitles":["Lesson Controller Unit Tests","getLessonByIdController"],"duration":1,"failing":false,"failureDetails":[],"failureMessages":[],"fullName":"Lesson Controller Unit Tests getLessonByIdController should handle errors and pass to error middleware","invocations":1,"location":null,"numPassingAsserts":1,"retryReasons":[],"startAt":1762222893421,"status":"passed","title":"should handle errors and pass to error middleware"},{"ancestorTitles":["Lesson Controller Unit Tests","getLessonQuizzesController"],"duration":0,"failing":false,"failureDetails":[],"failureMessages":[],"fullName":"Lesson Controller Unit Tests getLessonQuizzesController should return quizzes by lesson ID successfully","invocations":1,"location":null,"numPassingAsserts":3,"retryReasons":[],"startAt":1762222893422,"status":"passed","title":"should return quizzes by lesson ID successfully"},{"ancestorTitles":["Lesson Controller Unit Tests","getLessonQuizzesController"],"duration":1,"failing":false,"failureDetails":[],"failureMessages":[],"fullName":"Lesson Controller Unit Tests getLessonQuizzesController should use cache when available","invocations":1,"location":null,"numPassingAsserts":3,"retryReasons":[],"startAt":1762222893422,"status":"passed","title":"should use cache when available"},{"ancestorTitles":["Lesson Controller Unit Tests","getLessonQuizzesController"],"duration":0,"failing":false,"failureDetails":[],"failureMessages":[],"fullName":"Lesson Controller Unit Tests getLessonQuizzesController should cache quizzes after fetching from database","invocations":1,"location":null,"numPassingAsserts":1,"retryReasons":[],"startAt":1762222893423,"status":"passed","title":"should cache quizzes after fetching from database"},{"ancestorTitles":["Lesson Controller Unit Tests","getLessonQuizzesController"],"duration":0,"failing":false,"failureDetails":[],"failureMessages":[],"fullName":"Lesson Controller Unit Tests getLessonQuizzesController should return empty array when no quizzes found","invocations":1,"location":null,"numPassingAsserts":3,"retryReasons":[],"startAt":1762222893423,"status":"passed","title":"should return empty array when no quizzes found"},{"ancestorTitles":["Lesson Controller Unit Tests","getLessonQuizzesController"],"duration":1,"failing":false,"failureDetails":[],"failureMessages":[],"fullName":"Lesson Controller Unit Tests getLessonQuizzesController should return empty array when null is returned from service","invocations":1,"location":null,"numPassingAsserts":2,"retryReasons":[],"startAt":1762222893423,"status":"passed","title":"should return empty array when null is returned from service"},{"ancestorTitles":["Lesson Controller Unit Tests","getLessonQuizzesController"],"duration":0,"failing":false,"failureDetails":[],"failureMessages":[],"fullName":"Lesson Controller Unit Tests getLessonQuizzesController should filter out invalid quiz IDs","invocations":1,"location":null,"numPassingAsserts":2,"retryReasons":[],"startAt":1762222893424,"status":"passed","title":"should filter out invalid quiz IDs"},{"ancestorTitles":["Lesson Controller Unit Tests","getLessonQuizzesController"],"duration":1,"failing":false,"failureDetails":[],"failureMessages":[],"fullName":"Lesson Controller Unit Tests getLessonQuizzesController should handle errors and pass to error middleware","invocations":1,"location":null,"numPassingAsserts":1,"retryReasons":[],"startAt":1762222893424,"status":"passed","title":"should handle errors and pass to error middleware"}],"endTime":1762222893427,"message":"","name":"/Users/veland/GlassCodeAcademy/backend-node/src/__tests__/unit/controllers/lessonController.test.js","startTime":1762222893304,"status":"passed","summary":""}],"wasInterrupted":false}
