{"numFailedTestSuites":0,"numFailedTests":0,"numPassedTestSuites":27,"numPassedTests":249,"numPendingTestSuites":0,"numPendingTests":0,"numRuntimeErrorTestSuites":0,"numTodoTests":0,"numTotalTestSuites":27,"numTotalTests":249,"openHandles":[],"snapshot":{"added":0,"didUpdate":false,"failure":false,"filesAdded":0,"filesRemoved":0,"filesRemovedList":[],"filesUnmatched":0,"filesUpdated":0,"matched":0,"total":0,"unchecked":0,"uncheckedKeysByFile":[],"unmatched":0,"updated":0},"startTime":1762131937417,"success":true,"testResults":[{"assertionResults":[{"ancestorTitles":["AuthService","register"],"duration":4,"failing":false,"failureDetails":[],"failureMessages":[],"fullName":"AuthService register should successfully register a new user","invocations":1,"location":null,"numPassingAsserts":5,"retryReasons":[],"startAt":1762131939398,"status":"passed","title":"should successfully register a new user"},{"ancestorTitles":["AuthService","register"],"duration":5,"failing":false,"failureDetails":[],"failureMessages":[],"fullName":"AuthService register should throw error if user already exists","invocations":1,"location":null,"numPassingAsserts":2,"retryReasons":[],"startAt":1762131939402,"status":"passed","title":"should throw error if user already exists"},{"ancestorTitles":["AuthService","login"],"duration":1,"failing":false,"failureDetails":[],"failureMessages":[],"fullName":"AuthService login should successfully login with valid credentials","invocations":1,"location":null,"numPassingAsserts":6,"retryReasons":[],"startAt":1762131939409,"status":"passed","title":"should successfully login with valid credentials"},{"ancestorTitles":["AuthService","login"],"duration":0,"failing":false,"failureDetails":[],"failureMessages":[],"fullName":"AuthService login should throw error with invalid email","invocations":1,"location":null,"numPassingAsserts":1,"retryReasons":[],"startAt":1762131939410,"status":"passed","title":"should throw error with invalid email"},{"ancestorTitles":["AuthService","login"],"duration":0,"failing":false,"failureDetails":[],"failureMessages":[],"fullName":"AuthService login should throw error with invalid password","invocations":1,"location":null,"numPassingAsserts":2,"retryReasons":[],"startAt":1762131939411,"status":"passed","title":"should throw error with invalid password"},{"ancestorTitles":["AuthService","generateToken"],"duration":1,"failing":false,"failureDetails":[],"failureMessages":[],"fullName":"AuthService generateToken should generate a valid JWT token","invocations":1,"location":null,"numPassingAsserts":2,"retryReasons":[],"startAt":1762131939411,"status":"passed","title":"should generate a valid JWT token"},{"ancestorTitles":["AuthService","generateToken"],"duration":1,"failing":false,"failureDetails":[],"failureMessages":[],"fullName":"AuthService generateToken should include userId and email in token payload","invocations":1,"location":null,"numPassingAsserts":1,"retryReasons":[],"startAt":1762131939412,"status":"passed","title":"should include userId and email in token payload"}],"endTime":1762131939415,"message":"","name":"/Users/veland/GlassCodeAcademy/backend-node/src/__tests__/unit/services/authService.test.js","startTime":1762131937975,"status":"passed","summary":""},{"assertionResults":[{"ancestorTitles":["Module Quiz Endpoint Integration Tests","GET /api/modules/:slug/quiz"],"duration":491,"failing":false,"failureDetails":[],"failureMessages":[],"fullName":"Module Quiz Endpoint Integration Tests GET /api/modules/:slug/quiz should get quizzes for a module using full slug","invocations":1,"location":null,"numPassingAsserts":4,"retryReasons":[],"startAt":1762131940455,"status":"passed","title":"should get quizzes for a module using full slug"},{"ancestorTitles":["Module Quiz Endpoint Integration Tests","GET /api/modules/:slug/quiz"],"duration":55,"failing":false,"failureDetails":[],"failureMessages":[],"fullName":"Module Quiz Endpoint Integration Tests GET /api/modules/:slug/quiz should get quizzes for a module using short slug","invocations":1,"location":null,"numPassingAsserts":4,"retryReasons":[],"startAt":1762131940947,"status":"passed","title":"should get quizzes for a module using short slug"},{"ancestorTitles":["Module Quiz Endpoint Integration Tests","GET /api/modules/:slug/quiz"],"duration":42,"failing":false,"failureDetails":[],"failureMessages":[],"fullName":"Module Quiz Endpoint Integration Tests GET /api/modules/:slug/quiz should return empty array for module with no lessons","invocations":1,"location":null,"numPassingAsserts":2,"retryReasons":[],"startAt":1762131941002,"status":"passed","title":"should return empty array for module with no lessons"},{"ancestorTitles":["Module Quiz Endpoint Integration Tests","GET /api/modules/:slug/quiz"],"duration":12,"failing":false,"failureDetails":[],"failureMessages":[],"fullName":"Module Quiz Endpoint Integration Tests GET /api/modules/:slug/quiz should return 404 for non-existent module","invocations":1,"location":null,"numPassingAsserts":2,"retryReasons":[],"startAt":1762131941045,"status":"passed","title":"should return 404 for non-existent module"}],"endTime":1762131941065,"message":"","name":"/Users/veland/GlassCodeAcademy/backend-node/tests/moduleQuizIntegration.test.js","startTime":1762131937985,"status":"passed","summary":""},{"assertionResults":[{"ancestorTitles":["Course API","GET /api/courses"],"duration":57,"failing":false,"failureDetails":[],"failureMessages":[],"fullName":"Course API GET /api/courses should get all courses","invocations":1,"location":null,"numPassingAsserts":4,"retryReasons":[],"startAt":1762131941020,"status":"passed","title":"should get all courses"},{"ancestorTitles":["Course API","GET /api/courses"],"duration":5,"failing":false,"failureDetails":[],"failureMessages":[],"fullName":"Course API GET /api/courses should get courses with pagination","invocations":1,"location":null,"numPassingAsserts":4,"retryReasons":[],"startAt":1762131941077,"status":"passed","title":"should get courses with pagination"},{"ancestorTitles":["Course API","GET /api/courses/:id"],"duration":0,"failing":false,"failureDetails":[],"failureMessages":[],"fullName":"Course API GET /api/courses/:id should return 404 for non-existent course","invocations":1,"location":null,"numPassingAsserts":1,"retryReasons":[],"startAt":1762131941082,"status":"passed","title":"should return 404 for non-existent course"}],"endTime":1762131941085,"message":"","name":"/Users/veland/GlassCodeAcademy/backend-node/tests/course.test.js","startTime":1762131937987,"status":"passed","summary":""},{"assertionResults":[{"ancestorTitles":["Health endpoint"],"duration":21,"failing":false,"failureDetails":[],"failureMessages":[],"fullName":"Health endpoint returns 200 and success:true","invocations":1,"location":null,"numPassingAsserts":2,"retryReasons":[],"startAt":1762131941082,"status":"passed","title":"returns 200 and success:true"},{"ancestorTitles":["Health endpoint"],"duration":3,"failing":false,"failureDetails":[],"failureMessages":[],"fullName":"Health endpoint returns 404 for unknown route","invocations":1,"location":null,"numPassingAsserts":2,"retryReasons":[],"startAt":1762131941104,"status":"passed","title":"returns 404 for unknown route"}],"endTime":1762131941108,"message":"","name":"/Users/veland/GlassCodeAcademy/backend-node/tests/health.test.js","startTime":1762131939431,"status":"passed","summary":""},{"assertionResults":[{"ancestorTitles":["API Structure"],"duration":63,"failing":false,"failureDetails":[],"failureMessages":[],"fullName":"API Structure should have health check endpoint","invocations":1,"location":null,"numPassingAsserts":2,"retryReasons":[],"startAt":1762131941038,"status":"passed","title":"should have health check endpoint"},{"ancestorTitles":["API Structure"],"duration":5,"failing":false,"failureDetails":[],"failureMessages":[],"fullName":"API Structure should return 404 for unknown routes","invocations":1,"location":null,"numPassingAsserts":2,"retryReasons":[],"startAt":1762131941102,"status":"passed","title":"should return 404 for unknown routes"}],"endTime":1762131941108,"message":"","name":"/Users/veland/GlassCodeAcademy/backend-node/tests/api-structure.test.js","startTime":1762131937988,"status":"passed","summary":""},{"assertionResults":[{"ancestorTitles":["Content Management API","POST /api/content/courses"],"duration":89,"failing":false,"failureDetails":[],"failureMessages":[],"fullName":"Content Management API POST /api/content/courses should create a new course","invocations":1,"location":null,"numPassingAsserts":2,"retryReasons":[],"startAt":1762131940989,"status":"passed","title":"should create a new course"},{"ancestorTitles":["Content Management API","GET /api/content/courses"],"duration":5,"failing":false,"failureDetails":[],"failureMessages":[],"fullName":"Content Management API GET /api/content/courses should get all courses","invocations":1,"location":null,"numPassingAsserts":2,"retryReasons":[],"startAt":1762131941078,"status":"passed","title":"should get all courses"},{"ancestorTitles":["Content Management API","GET /api/content/courses/:id"],"duration":3,"failing":false,"failureDetails":[],"failureMessages":[],"fullName":"Content Management API GET /api/content/courses/:id should get a course by ID","invocations":1,"location":null,"numPassingAsserts":1,"retryReasons":[],"startAt":1762131941084,"status":"passed","title":"should get a course by ID"},{"ancestorTitles":["Content Management API","PUT /api/content/courses/:id"],"duration":6,"failing":false,"failureDetails":[],"failureMessages":[],"fullName":"Content Management API PUT /api/content/courses/:id should update a course","invocations":1,"location":null,"numPassingAsserts":2,"retryReasons":[],"startAt":1762131941088,"status":"passed","title":"should update a course"},{"ancestorTitles":["Content Management API","DELETE /api/content/courses/:id"],"duration":2,"failing":false,"failureDetails":[],"failureMessages":[],"fullName":"Content Management API DELETE /api/content/courses/:id should delete a course","invocations":1,"location":null,"numPassingAsserts":1,"retryReasons":[],"startAt":1762131941094,"status":"passed","title":"should delete a course"},{"ancestorTitles":["Content Management API","POST /api/content/courses/:courseId/modules"],"duration":2,"failing":false,"failureDetails":[],"failureMessages":[],"fullName":"Content Management API POST /api/content/courses/:courseId/modules should create a new module","invocations":1,"location":null,"numPassingAsserts":2,"retryReasons":[],"startAt":1762131941096,"status":"passed","title":"should create a new module"},{"ancestorTitles":["Content Management API","GET /api/content/courses/:courseId/modules"],"duration":10,"failing":false,"failureDetails":[],"failureMessages":[],"fullName":"Content Management API GET /api/content/courses/:courseId/modules should get modules by course ID","invocations":1,"location":null,"numPassingAsserts":2,"retryReasons":[],"startAt":1762131941098,"status":"passed","title":"should get modules by course ID"},{"ancestorTitles":["Content Management API","POST /api/content/modules/:moduleId/lessons"],"duration":4,"failing":false,"failureDetails":[],"failureMessages":[],"fullName":"Content Management API POST /api/content/modules/:moduleId/lessons should create a new lesson","invocations":1,"location":null,"numPassingAsserts":2,"retryReasons":[],"startAt":1762131941109,"status":"passed","title":"should create a new lesson"},{"ancestorTitles":["Content Management API","POST /api/content/lessons/:lessonId/quizzes"],"duration":6,"failing":false,"failureDetails":[],"failureMessages":[],"fullName":"Content Management API POST /api/content/lessons/:lessonId/quizzes should create a new quiz","invocations":1,"location":null,"numPassingAsserts":2,"retryReasons":[],"startAt":1762131941114,"status":"passed","title":"should create a new quiz"}],"endTime":1762131941121,"message":"","name":"/Users/veland/GlassCodeAcademy/backend-node/tests/contentManagement.test.js","startTime":1762131938004,"status":"passed","summary":""},{"assertionResults":[{"ancestorTitles":["Profile API","GET /api/profile/profile"],"duration":41,"failing":false,"failureDetails":[],"failureMessages":[],"fullName":"Profile API GET /api/profile/profile should get user profile","invocations":1,"location":null,"numPassingAsserts":1,"retryReasons":[],"startAt":1762131940989,"status":"passed","title":"should get user profile"},{"ancestorTitles":["Profile API","GET /api/profile/profile"],"duration":68,"failing":false,"failureDetails":[],"failureMessages":[],"fullName":"Profile API GET /api/profile/profile should fail to get profile without authentication","invocations":1,"location":null,"numPassingAsserts":2,"retryReasons":[],"startAt":1762131941030,"status":"passed","title":"should fail to get profile without authentication"},{"ancestorTitles":["Profile API","PUT /api/profile/profile"],"duration":18,"failing":false,"failureDetails":[],"failureMessages":[],"fullName":"Profile API PUT /api/profile/profile should update user profile","invocations":1,"location":null,"numPassingAsserts":1,"retryReasons":[],"startAt":1762131941099,"status":"passed","title":"should update user profile"},{"ancestorTitles":["Profile API","PUT /api/profile/profile"],"duration":7,"failing":false,"failureDetails":[],"failureMessages":[],"fullName":"Profile API PUT /api/profile/profile should fail to update profile without authentication","invocations":1,"location":null,"numPassingAsserts":2,"retryReasons":[],"startAt":1762131941117,"status":"passed","title":"should fail to update profile without authentication"}],"endTime":1762131941125,"message":"","name":"/Users/veland/GlassCodeAcademy/backend-node/tests/profile.test.js","startTime":1762131937985,"status":"passed","summary":""},{"assertionResults":[{"ancestorTitles":["Admin API","GET /api/admin/users"],"duration":43,"failing":false,"failureDetails":[],"failureMessages":[],"fullName":"Admin API GET /api/admin/users should get all users (admin only)","invocations":1,"location":null,"numPassingAsserts":1,"retryReasons":[],"startAt":1762131940992,"status":"passed","title":"should get all users (admin only)"},{"ancestorTitles":["Admin API","GET /api/admin/users"],"duration":81,"failing":false,"failureDetails":[],"failureMessages":[],"fullName":"Admin API GET /api/admin/users should fail to get users without authentication","invocations":1,"location":null,"numPassingAsserts":2,"retryReasons":[],"startAt":1762131941035,"status":"passed","title":"should fail to get users without authentication"},{"ancestorTitles":["Admin API","GET /api/admin/users/:id"],"duration":4,"failing":false,"failureDetails":[],"failureMessages":[],"fullName":"Admin API GET /api/admin/users/:id should get user by ID (admin only)","invocations":1,"location":null,"numPassingAsserts":1,"retryReasons":[],"startAt":1762131941116,"status":"passed","title":"should get user by ID (admin only)"},{"ancestorTitles":["Admin API","POST /api/admin/users/roles"],"duration":17,"failing":false,"failureDetails":[],"failureMessages":[],"fullName":"Admin API POST /api/admin/users/roles should assign role to user (admin only)","invocations":1,"location":null,"numPassingAsserts":1,"retryReasons":[],"startAt":1762131941120,"status":"passed","title":"should assign role to user (admin only)"},{"ancestorTitles":["Admin API","DELETE /api/admin/users/roles"],"duration":3,"failing":false,"failureDetails":[],"failureMessages":[],"fullName":"Admin API DELETE /api/admin/users/roles should remove role from user (admin only)","invocations":1,"location":null,"numPassingAsserts":1,"retryReasons":[],"startAt":1762131941137,"status":"passed","title":"should remove role from user (admin only)"},{"ancestorTitles":["Admin API","GET /api/admin/roles"],"duration":2,"failing":false,"failureDetails":[],"failureMessages":[],"fullName":"Admin API GET /api/admin/roles should get all roles (admin only)","invocations":1,"location":null,"numPassingAsserts":1,"retryReasons":[],"startAt":1762131941140,"status":"passed","title":"should get all roles (admin only)"}],"endTime":1762131941143,"message":"","name":"/Users/veland/GlassCodeAcademy/backend-node/tests/admin.test.js","startTime":1762131938008,"status":"passed","summary":""},{"assertionResults":[{"ancestorTitles":["Academy API","POST /api/admin/academies"],"duration":74,"failing":false,"failureDetails":[],"failureMessages":[],"fullName":"Academy API POST /api/admin/academies should create a new academy (test stub)","invocations":1,"location":null,"numPassingAsserts":5,"retryReasons":[],"startAt":1762131941046,"status":"passed","title":"should create a new academy (test stub)"},{"ancestorTitles":["Academy API","GET /api/admin/academies"],"duration":5,"failing":false,"failureDetails":[],"failureMessages":[],"fullName":"Academy API GET /api/admin/academies should get all academies (test stub)","invocations":1,"location":null,"numPassingAsserts":3,"retryReasons":[],"startAt":1762131941121,"status":"passed","title":"should get all academies (test stub)"},{"ancestorTitles":["Academy API","GET /api/admin/academies/:id"],"duration":8,"failing":false,"failureDetails":[],"failureMessages":[],"fullName":"Academy API GET /api/admin/academies/:id should get an academy by ID (test stub)","invocations":1,"location":null,"numPassingAsserts":4,"retryReasons":[],"startAt":1762131941126,"status":"passed","title":"should get an academy by ID (test stub)"},{"ancestorTitles":["Academy API","PUT /api/admin/academies/:id"],"duration":3,"failing":false,"failureDetails":[],"failureMessages":[],"fullName":"Academy API PUT /api/admin/academies/:id should update an academy by ID (test stub)","invocations":1,"location":null,"numPassingAsserts":4,"retryReasons":[],"startAt":1762131941134,"status":"passed","title":"should update an academy by ID (test stub)"},{"ancestorTitles":["Academy API","DELETE /api/admin/academies/:id"],"duration":3,"failing":false,"failureDetails":[],"failureMessages":[],"fullName":"Academy API DELETE /api/admin/academies/:id should delete an academy by ID (test stub)","invocations":1,"location":null,"numPassingAsserts":4,"retryReasons":[],"startAt":1762131941137,"status":"passed","title":"should delete an academy by ID (test stub)"},{"ancestorTitles":["Academy API","GET /api/admin/academies/:id/export"],"duration":12,"failing":false,"failureDetails":[],"failureMessages":[],"fullName":"Academy API GET /api/admin/academies/:id/export should export academy with nested content (test stub)","invocations":1,"location":null,"numPassingAsserts":7,"retryReasons":[],"startAt":1762131941140,"status":"passed","title":"should export academy with nested content (test stub)"}],"endTime":1762131941153,"message":"","name":"/Users/veland/GlassCodeAcademy/backend-node/tests/academy.test.js","startTime":1762131937981,"status":"passed","summary":""},{"assertionResults":[{"ancestorTitles":["Module Controller - getQuizzesByModuleSlugController"],"duration":75,"failing":false,"failureDetails":[],"failureMessages":[],"fullName":"Module Controller - getQuizzesByModuleSlugController should return quizzes for a valid module slug","invocations":1,"location":null,"numPassingAsserts":5,"retryReasons":[],"startAt":1762131941049,"status":"passed","title":"should return quizzes for a valid module slug"},{"ancestorTitles":["Module Controller - getQuizzesByModuleSlugController"],"duration":11,"failing":false,"failureDetails":[],"failureMessages":[],"fullName":"Module Controller - getQuizzesByModuleSlugController should return 404 when module is not found","invocations":1,"location":null,"numPassingAsserts":5,"retryReasons":[],"startAt":1762131941125,"status":"passed","title":"should return 404 when module is not found"},{"ancestorTitles":["Module Controller - getQuizzesByModuleSlugController"],"duration":6,"failing":false,"failureDetails":[],"failureMessages":[],"fullName":"Module Controller - getQuizzesByModuleSlugController should return empty array when no lessons are found for module","invocations":1,"location":null,"numPassingAsserts":5,"retryReasons":[],"startAt":1762131941136,"status":"passed","title":"should return empty array when no lessons are found for module"},{"ancestorTitles":["Module Controller - getQuizzesByModuleSlugController"],"duration":7,"failing":false,"failureDetails":[],"failureMessages":[],"fullName":"Module Controller - getQuizzesByModuleSlugController should handle internal server errors gracefully","invocations":1,"location":null,"numPassingAsserts":3,"retryReasons":[],"startAt":1762131941142,"status":"passed","title":"should handle internal server errors gracefully"}],"endTime":1762131941150,"message":"","name":"/Users/veland/GlassCodeAcademy/backend-node/tests/moduleController.test.js","startTime":1762131938011,"status":"passed","summary":""},{"assertionResults":[{"ancestorTitles":["Quiz API","POST /api/quiz/lessons/:lessonId/submit"],"duration":137,"failing":false,"failureDetails":[],"failureMessages":[],"fullName":"Quiz API POST /api/quiz/lessons/:lessonId/submit should submit quiz answers","invocations":1,"location":null,"numPassingAsserts":2,"retryReasons":[],"startAt":1762131941001,"status":"passed","title":"should submit quiz answers"},{"ancestorTitles":["Quiz API","POST /api/quiz/lessons/:lessonId/submit"],"duration":30,"failing":false,"failureDetails":[],"failureMessages":[],"fullName":"Quiz API POST /api/quiz/lessons/:lessonId/submit should fail to submit quiz answers without authentication","invocations":1,"location":null,"numPassingAsserts":2,"retryReasons":[],"startAt":1762131941138,"status":"passed","title":"should fail to submit quiz answers without authentication"},{"ancestorTitles":["Quiz API","POST /api/quiz/lessons/:lessonId/submit"],"duration":2,"failing":false,"failureDetails":[],"failureMessages":[],"fullName":"Quiz API POST /api/quiz/lessons/:lessonId/submit should fail to submit quiz answers with invalid data","invocations":1,"location":null,"numPassingAsserts":1,"retryReasons":[],"startAt":1762131941168,"status":"passed","title":"should fail to submit quiz answers with invalid data"},{"ancestorTitles":["Quiz API","GET /api/quiz/summary"],"duration":4,"failing":false,"failureDetails":[],"failureMessages":[],"fullName":"Quiz API GET /api/quiz/summary should get user progress summary","invocations":1,"location":null,"numPassingAsserts":2,"retryReasons":[],"startAt":1762131941170,"status":"passed","title":"should get user progress summary"},{"ancestorTitles":["Quiz API","GET /api/quiz/summary"],"duration":14,"failing":false,"failureDetails":[],"failureMessages":[],"fullName":"Quiz API GET /api/quiz/summary should fail to get progress summary without authentication","invocations":1,"location":null,"numPassingAsserts":2,"retryReasons":[],"startAt":1762131941174,"status":"passed","title":"should fail to get progress summary without authentication"}],"endTime":1762131941189,"message":"","name":"/Users/veland/GlassCodeAcademy/backend-node/tests/quiz.test.js","startTime":1762131937975,"status":"passed","summary":""},{"assertionResults":[{"ancestorTitles":["Content Service","getAllCourses"],"duration":2,"failing":false,"failureDetails":[],"failureMessages":[],"fullName":"Content Service getAllCourses should return courses with pagination","invocations":1,"location":null,"numPassingAsserts":2,"retryReasons":[],"startAt":1762131941380,"status":"passed","title":"should return courses with pagination"},{"ancestorTitles":["Content Service","getAllCourses"],"duration":1,"failing":false,"failureDetails":[],"failureMessages":[],"fullName":"Content Service getAllCourses should use default options when none provided","invocations":1,"location":null,"numPassingAsserts":1,"retryReasons":[],"startAt":1762131941382,"status":"passed","title":"should use default options when none provided"},{"ancestorTitles":["Content Service","getCourseById"],"duration":0,"failing":false,"failureDetails":[],"failureMessages":[],"fullName":"Content Service getCourseById should return course with modules and lessons","invocations":1,"location":null,"numPassingAsserts":2,"retryReasons":[],"startAt":1762131941383,"status":"passed","title":"should return course with modules and lessons"},{"ancestorTitles":["Content Service","getCourseById"],"duration":1,"failing":false,"failureDetails":[],"failureMessages":[],"fullName":"Content Service getCourseById should handle when course is not found","invocations":1,"location":null,"numPassingAsserts":2,"retryReasons":[],"startAt":1762131941383,"status":"passed","title":"should handle when course is not found"},{"ancestorTitles":["Content Service","getAllModules"],"duration":0,"failing":false,"failureDetails":[],"failureMessages":[],"fullName":"Content Service getAllModules should return all published modules","invocations":1,"location":null,"numPassingAsserts":2,"retryReasons":[],"startAt":1762131941384,"status":"passed","title":"should return all published modules"},{"ancestorTitles":["Content Service","getModuleById"],"duration":1,"failing":false,"failureDetails":[],"failureMessages":[],"fullName":"Content Service getModuleById should return module with lessons","invocations":1,"location":null,"numPassingAsserts":2,"retryReasons":[],"startAt":1762131941384,"status":"passed","title":"should return module with lessons"},{"ancestorTitles":["Content Service","getLessonById"],"duration":20,"failing":false,"failureDetails":[],"failureMessages":[],"fullName":"Content Service getLessonById should return lesson by id","invocations":1,"location":null,"numPassingAsserts":2,"retryReasons":[],"startAt":1762131941385,"status":"passed","title":"should return lesson by id"},{"ancestorTitles":["Content Service","getLessonsByModuleId"],"duration":0,"failing":false,"failureDetails":[],"failureMessages":[],"fullName":"Content Service getLessonsByModuleId should return lessons for a module","invocations":1,"location":null,"numPassingAsserts":2,"retryReasons":[],"startAt":1762131941406,"status":"passed","title":"should return lessons for a module"},{"ancestorTitles":["Content Service","getQuizzesByLessonId"],"duration":6,"failing":false,"failureDetails":[],"failureMessages":[],"fullName":"Content Service getQuizzesByLessonId should return quizzes for a lesson","invocations":1,"location":null,"numPassingAsserts":2,"retryReasons":[],"startAt":1762131941406,"status":"passed","title":"should return quizzes for a lesson"},{"ancestorTitles":["Content Service","getQuizzesByLessonId"],"duration":2,"failing":false,"failureDetails":[],"failureMessages":[],"fullName":"Content Service getQuizzesByLessonId should filter out quizzes with invalid IDs","invocations":1,"location":null,"numPassingAsserts":2,"retryReasons":[],"startAt":1762131941412,"status":"passed","title":"should filter out quizzes with invalid IDs"}],"endTime":1762131941417,"message":"","name":"/Users/veland/GlassCodeAcademy/backend-node/tests/services/contentService.test.js","startTime":1762131941146,"status":"passed","summary":""},{"assertionResults":[{"ancestorTitles":["Auth Service","generateToken"],"duration":2,"failing":false,"failureDetails":[],"failureMessages":[],"fullName":"Auth Service generateToken should generate a JWT token","invocations":1,"location":null,"numPassingAsserts":2,"retryReasons":[],"startAt":1762131941494,"status":"passed","title":"should generate a JWT token"},{"ancestorTitles":["Auth Service","register"],"duration":0,"failing":false,"failureDetails":[],"failureMessages":[],"fullName":"Auth Service register should register a new user","invocations":1,"location":null,"numPassingAsserts":4,"retryReasons":[],"startAt":1762131941496,"status":"passed","title":"should register a new user"},{"ancestorTitles":["Auth Service","register"],"duration":7,"failing":false,"failureDetails":[],"failureMessages":[],"fullName":"Auth Service register should throw error when user already exists","invocations":1,"location":null,"numPassingAsserts":3,"retryReasons":[],"startAt":1762131941496,"status":"passed","title":"should throw error when user already exists"},{"ancestorTitles":["Auth Service","login"],"duration":1,"failing":false,"failureDetails":[],"failureMessages":[],"fullName":"Auth Service login should login a user with valid credentials","invocations":1,"location":null,"numPassingAsserts":5,"retryReasons":[],"startAt":1762131941503,"status":"passed","title":"should login a user with valid credentials"},{"ancestorTitles":["Auth Service","login"],"duration":1,"failing":false,"failureDetails":[],"failureMessages":[],"fullName":"Auth Service login should throw error when user not found","invocations":1,"location":null,"numPassingAsserts":2,"retryReasons":[],"startAt":1762131941504,"status":"passed","title":"should throw error when user not found"},{"ancestorTitles":["Auth Service","login"],"duration":0,"failing":false,"failureDetails":[],"failureMessages":[],"fullName":"Auth Service login should throw error when password is invalid","invocations":1,"location":null,"numPassingAsserts":4,"retryReasons":[],"startAt":1762131941505,"status":"passed","title":"should throw error when password is invalid"}],"endTime":1762131941505,"message":"","name":"/Users/veland/GlassCodeAcademy/backend-node/tests/services/authService.test.js","startTime":1762131941175,"status":"passed","summary":""},{"assertionResults":[{"ancestorTitles":["contentManagementService","createCourse"],"duration":5,"failing":false,"failureDetails":[],"failureMessages":[],"fullName":"contentManagementService createCourse should create a new course","invocations":1,"location":null,"numPassingAsserts":2,"retryReasons":[],"startAt":1762131941461,"status":"passed","title":"should create a new course"},{"ancestorTitles":["contentManagementService","createCourse"],"duration":38,"failing":false,"failureDetails":[],"failureMessages":[],"fullName":"contentManagementService createCourse should throw an error if course creation fails","invocations":1,"location":null,"numPassingAsserts":1,"retryReasons":[],"startAt":1762131941469,"status":"passed","title":"should throw an error if course creation fails"},{"ancestorTitles":["contentManagementService","getAllCourses"],"duration":0,"failing":false,"failureDetails":[],"failureMessages":[],"fullName":"contentManagementService getAllCourses should return courses with pagination","invocations":1,"location":null,"numPassingAsserts":2,"retryReasons":[],"startAt":1762131941507,"status":"passed","title":"should return courses with pagination"},{"ancestorTitles":["contentManagementService","getAllCourses"],"duration":1,"failing":false,"failureDetails":[],"failureMessages":[],"fullName":"contentManagementService getAllCourses should handle errors when fetching courses","invocations":1,"location":null,"numPassingAsserts":1,"retryReasons":[],"startAt":1762131941507,"status":"passed","title":"should handle errors when fetching courses"},{"ancestorTitles":["contentManagementService","getCourseById"],"duration":0,"failing":false,"failureDetails":[],"failureMessages":[],"fullName":"contentManagementService getCourseById should return a course by ID","invocations":1,"location":null,"numPassingAsserts":2,"retryReasons":[],"startAt":1762131941508,"status":"passed","title":"should return a course by ID"},{"ancestorTitles":["contentManagementService","getCourseById"],"duration":0,"failing":false,"failureDetails":[],"failureMessages":[],"fullName":"contentManagementService getCourseById should handle errors when fetching a course","invocations":1,"location":null,"numPassingAsserts":1,"retryReasons":[],"startAt":1762131941508,"status":"passed","title":"should handle errors when fetching a course"},{"ancestorTitles":["contentManagementService","updateCourse"],"duration":1,"failing":false,"failureDetails":[],"failureMessages":[],"fullName":"contentManagementService updateCourse should update a course","invocations":1,"location":null,"numPassingAsserts":3,"retryReasons":[],"startAt":1762131941508,"status":"passed","title":"should update a course"},{"ancestorTitles":["contentManagementService","updateCourse"],"duration":0,"failing":false,"failureDetails":[],"failureMessages":[],"fullName":"contentManagementService updateCourse should throw an error if course is not found","invocations":1,"location":null,"numPassingAsserts":1,"retryReasons":[],"startAt":1762131941509,"status":"passed","title":"should throw an error if course is not found"},{"ancestorTitles":["contentManagementService","updateCourse"],"duration":0,"failing":false,"failureDetails":[],"failureMessages":[],"fullName":"contentManagementService updateCourse should handle errors during update","invocations":1,"location":null,"numPassingAsserts":1,"retryReasons":[],"startAt":1762131941509,"status":"passed","title":"should handle errors during update"},{"ancestorTitles":["contentManagementService","deleteCourse"],"duration":2,"failing":false,"failureDetails":[],"failureMessages":[],"fullName":"contentManagementService deleteCourse should delete a course","invocations":1,"location":null,"numPassingAsserts":2,"retryReasons":[],"startAt":1762131941509,"status":"passed","title":"should delete a course"},{"ancestorTitles":["contentManagementService","deleteCourse"],"duration":1,"failing":false,"failureDetails":[],"failureMessages":[],"fullName":"contentManagementService deleteCourse should throw an error if course is not found","invocations":1,"location":null,"numPassingAsserts":1,"retryReasons":[],"startAt":1762131941511,"status":"passed","title":"should throw an error if course is not found"},{"ancestorTitles":["contentManagementService","deleteCourse"],"duration":1,"failing":false,"failureDetails":[],"failureMessages":[],"fullName":"contentManagementService deleteCourse should handle errors during deletion","invocations":1,"location":null,"numPassingAsserts":1,"retryReasons":[],"startAt":1762131941512,"status":"passed","title":"should handle errors during deletion"},{"ancestorTitles":["contentManagementService","createModule"],"duration":0,"failing":false,"failureDetails":[],"failureMessages":[],"fullName":"contentManagementService createModule should create a new module","invocations":1,"location":null,"numPassingAsserts":2,"retryReasons":[],"startAt":1762131941513,"status":"passed","title":"should create a new module"},{"ancestorTitles":["contentManagementService","createModule"],"duration":0,"failing":false,"failureDetails":[],"failureMessages":[],"fullName":"contentManagementService createModule should throw an error if module creation fails","invocations":1,"location":null,"numPassingAsserts":1,"retryReasons":[],"startAt":1762131941513,"status":"passed","title":"should throw an error if module creation fails"},{"ancestorTitles":["contentManagementService","getModulesByCourseId"],"duration":0,"failing":false,"failureDetails":[],"failureMessages":[],"fullName":"contentManagementService getModulesByCourseId should return modules for a course ordered by order field","invocations":1,"location":null,"numPassingAsserts":2,"retryReasons":[],"startAt":1762131941513,"status":"passed","title":"should return modules for a course ordered by order field"},{"ancestorTitles":["contentManagementService","getModulesByCourseId"],"duration":1,"failing":false,"failureDetails":[],"failureMessages":[],"fullName":"contentManagementService getModulesByCourseId should handle errors when fetching modules","invocations":1,"location":null,"numPassingAsserts":1,"retryReasons":[],"startAt":1762131941513,"status":"passed","title":"should handle errors when fetching modules"},{"ancestorTitles":["contentManagementService","createLesson"],"duration":0,"failing":false,"failureDetails":[],"failureMessages":[],"fullName":"contentManagementService createLesson should create a new lesson","invocations":1,"location":null,"numPassingAsserts":2,"retryReasons":[],"startAt":1762131941514,"status":"passed","title":"should create a new lesson"},{"ancestorTitles":["contentManagementService","createLesson"],"duration":0,"failing":false,"failureDetails":[],"failureMessages":[],"fullName":"contentManagementService createLesson should throw an error if lesson creation fails","invocations":1,"location":null,"numPassingAsserts":1,"retryReasons":[],"startAt":1762131941514,"status":"passed","title":"should throw an error if lesson creation fails"},{"ancestorTitles":["contentManagementService","createQuiz"],"duration":0,"failing":false,"failureDetails":[],"failureMessages":[],"fullName":"contentManagementService createQuiz should create a new quiz","invocations":1,"location":null,"numPassingAsserts":2,"retryReasons":[],"startAt":1762131941514,"status":"passed","title":"should create a new quiz"},{"ancestorTitles":["contentManagementService","createQuiz"],"duration":0,"failing":false,"failureDetails":[],"failureMessages":[],"fullName":"contentManagementService createQuiz should throw an error if quiz creation fails","invocations":1,"location":null,"numPassingAsserts":1,"retryReasons":[],"startAt":1762131941514,"status":"passed","title":"should throw an error if quiz creation fails"}],"endTime":1762131941515,"message":"","name":"/Users/veland/GlassCodeAcademy/backend-node/tests/contentManagementService.test.js","startTime":1762131941165,"status":"passed","summary":""},{"assertionResults":[{"ancestorTitles":["Content Management Service","Course Operations","createCourse"],"duration":2,"failing":false,"failureDetails":[],"failureMessages":[],"fullName":"Content Management Service Course Operations createCourse should create a new course","invocations":1,"location":null,"numPassingAsserts":2,"retryReasons":[],"startAt":1762131941381,"status":"passed","title":"should create a new course"},{"ancestorTitles":["Content Management Service","Course Operations","createCourse"],"duration":74,"failing":false,"failureDetails":[],"failureMessages":[],"fullName":"Content Management Service Course Operations createCourse should handle errors when creating a course","invocations":1,"location":null,"numPassingAsserts":1,"retryReasons":[],"startAt":1762131941383,"status":"passed","title":"should handle errors when creating a course"},{"ancestorTitles":["Content Management Service","Course Operations","getAllCourses"],"duration":28,"failing":false,"failureDetails":[],"failureMessages":[],"fullName":"Content Management Service Course Operations getAllCourses should return courses with pagination","invocations":1,"location":null,"numPassingAsserts":2,"retryReasons":[],"startAt":1762131941457,"status":"passed","title":"should return courses with pagination"},{"ancestorTitles":["Content Management Service","Course Operations","getAllCourses"],"duration":1,"failing":false,"failureDetails":[],"failureMessages":[],"fullName":"Content Management Service Course Operations getAllCourses should handle errors when getting courses","invocations":1,"location":null,"numPassingAsserts":1,"retryReasons":[],"startAt":1762131941485,"status":"passed","title":"should handle errors when getting courses"},{"ancestorTitles":["Content Management Service","Course Operations","getCourseById"],"duration":2,"failing":false,"failureDetails":[],"failureMessages":[],"fullName":"Content Management Service Course Operations getCourseById should return a course by id","invocations":1,"location":null,"numPassingAsserts":2,"retryReasons":[],"startAt":1762131941486,"status":"passed","title":"should return a course by id"},{"ancestorTitles":["Content Management Service","Course Operations","getCourseById"],"duration":0,"failing":false,"failureDetails":[],"failureMessages":[],"fullName":"Content Management Service Course Operations getCourseById should handle errors when getting a course","invocations":1,"location":null,"numPassingAsserts":1,"retryReasons":[],"startAt":1762131941488,"status":"passed","title":"should handle errors when getting a course"},{"ancestorTitles":["Content Management Service","Course Operations","updateCourse"],"duration":16,"failing":false,"failureDetails":[],"failureMessages":[],"fullName":"Content Management Service Course Operations updateCourse should update a course","invocations":1,"location":null,"numPassingAsserts":3,"retryReasons":[],"startAt":1762131941489,"status":"passed","title":"should update a course"},{"ancestorTitles":["Content Management Service","Course Operations","updateCourse"],"duration":5,"failing":false,"failureDetails":[],"failureMessages":[],"fullName":"Content Management Service Course Operations updateCourse should throw error when course not found","invocations":1,"location":null,"numPassingAsserts":1,"retryReasons":[],"startAt":1762131941506,"status":"passed","title":"should throw error when course not found"},{"ancestorTitles":["Content Management Service","Course Operations","updateCourse"],"duration":1,"failing":false,"failureDetails":[],"failureMessages":[],"fullName":"Content Management Service Course Operations updateCourse should handle errors when updating a course","invocations":1,"location":null,"numPassingAsserts":1,"retryReasons":[],"startAt":1762131941511,"status":"passed","title":"should handle errors when updating a course"},{"ancestorTitles":["Content Management Service","Course Operations","deleteCourse"],"duration":0,"failing":false,"failureDetails":[],"failureMessages":[],"fullName":"Content Management Service Course Operations deleteCourse should delete a course","invocations":1,"location":null,"numPassingAsserts":2,"retryReasons":[],"startAt":1762131941512,"status":"passed","title":"should delete a course"},{"ancestorTitles":["Content Management Service","Course Operations","deleteCourse"],"duration":0,"failing":false,"failureDetails":[],"failureMessages":[],"fullName":"Content Management Service Course Operations deleteCourse should throw error when course not found","invocations":1,"location":null,"numPassingAsserts":1,"retryReasons":[],"startAt":1762131941512,"status":"passed","title":"should throw error when course not found"},{"ancestorTitles":["Content Management Service","Course Operations","deleteCourse"],"duration":0,"failing":false,"failureDetails":[],"failureMessages":[],"fullName":"Content Management Service Course Operations deleteCourse should handle errors when deleting a course","invocations":1,"location":null,"numPassingAsserts":1,"retryReasons":[],"startAt":1762131941512,"status":"passed","title":"should handle errors when deleting a course"},{"ancestorTitles":["Content Management Service","Module Operations","createModule"],"duration":0,"failing":false,"failureDetails":[],"failureMessages":[],"fullName":"Content Management Service Module Operations createModule should create a new module","invocations":1,"location":null,"numPassingAsserts":2,"retryReasons":[],"startAt":1762131941513,"status":"passed","title":"should create a new module"},{"ancestorTitles":["Content Management Service","Module Operations","createModule"],"duration":0,"failing":false,"failureDetails":[],"failureMessages":[],"fullName":"Content Management Service Module Operations createModule should handle errors when creating a module","invocations":1,"location":null,"numPassingAsserts":1,"retryReasons":[],"startAt":1762131941513,"status":"passed","title":"should handle errors when creating a module"},{"ancestorTitles":["Content Management Service","Module Operations","getModulesByCourseId"],"duration":3,"failing":false,"failureDetails":[],"failureMessages":[],"fullName":"Content Management Service Module Operations getModulesByCourseId should return modules for a course","invocations":1,"location":null,"numPassingAsserts":2,"retryReasons":[],"startAt":1762131941513,"status":"passed","title":"should return modules for a course"},{"ancestorTitles":["Content Management Service","Module Operations","getModulesByCourseId"],"duration":1,"failing":false,"failureDetails":[],"failureMessages":[],"fullName":"Content Management Service Module Operations getModulesByCourseId should handle errors when getting modules","invocations":1,"location":null,"numPassingAsserts":1,"retryReasons":[],"startAt":1762131941516,"status":"passed","title":"should handle errors when getting modules"},{"ancestorTitles":["Content Management Service","Module Operations","getModuleById"],"duration":0,"failing":false,"failureDetails":[],"failureMessages":[],"fullName":"Content Management Service Module Operations getModuleById should return a module by id","invocations":1,"location":null,"numPassingAsserts":2,"retryReasons":[],"startAt":1762131941517,"status":"passed","title":"should return a module by id"},{"ancestorTitles":["Content Management Service","Module Operations","getModuleById"],"duration":0,"failing":false,"failureDetails":[],"failureMessages":[],"fullName":"Content Management Service Module Operations getModuleById should handle errors when getting a module","invocations":1,"location":null,"numPassingAsserts":1,"retryReasons":[],"startAt":1762131941517,"status":"passed","title":"should handle errors when getting a module"},{"ancestorTitles":["Content Management Service","Module Operations","updateModule"],"duration":1,"failing":false,"failureDetails":[],"failureMessages":[],"fullName":"Content Management Service Module Operations updateModule should update a module","invocations":1,"location":null,"numPassingAsserts":3,"retryReasons":[],"startAt":1762131941517,"status":"passed","title":"should update a module"},{"ancestorTitles":["Content Management Service","Module Operations","updateModule"],"duration":0,"failing":false,"failureDetails":[],"failureMessages":[],"fullName":"Content Management Service Module Operations updateModule should throw error when module not found","invocations":1,"location":null,"numPassingAsserts":1,"retryReasons":[],"startAt":1762131941518,"status":"passed","title":"should throw error when module not found"},{"ancestorTitles":["Content Management Service","Module Operations","updateModule"],"duration":0,"failing":false,"failureDetails":[],"failureMessages":[],"fullName":"Content Management Service Module Operations updateModule should handle errors when updating a module","invocations":1,"location":null,"numPassingAsserts":1,"retryReasons":[],"startAt":1762131941518,"status":"passed","title":"should handle errors when updating a module"},{"ancestorTitles":["Content Management Service","Module Operations","deleteModule"],"duration":0,"failing":false,"failureDetails":[],"failureMessages":[],"fullName":"Content Management Service Module Operations deleteModule should delete a module","invocations":1,"location":null,"numPassingAsserts":2,"retryReasons":[],"startAt":1762131941518,"status":"passed","title":"should delete a module"},{"ancestorTitles":["Content Management Service","Module Operations","deleteModule"],"duration":1,"failing":false,"failureDetails":[],"failureMessages":[],"fullName":"Content Management Service Module Operations deleteModule should throw error when module not found","invocations":1,"location":null,"numPassingAsserts":1,"retryReasons":[],"startAt":1762131941518,"status":"passed","title":"should throw error when module not found"},{"ancestorTitles":["Content Management Service","Module Operations","deleteModule"],"duration":1,"failing":false,"failureDetails":[],"failureMessages":[],"fullName":"Content Management Service Module Operations deleteModule should handle errors when deleting a module","invocations":1,"location":null,"numPassingAsserts":1,"retryReasons":[],"startAt":1762131941519,"status":"passed","title":"should handle errors when deleting a module"},{"ancestorTitles":["Content Management Service","Lesson Operations","createLesson"],"duration":0,"failing":false,"failureDetails":[],"failureMessages":[],"fullName":"Content Management Service Lesson Operations createLesson should create a new lesson","invocations":1,"location":null,"numPassingAsserts":2,"retryReasons":[],"startAt":1762131941520,"status":"passed","title":"should create a new lesson"},{"ancestorTitles":["Content Management Service","Lesson Operations","createLesson"],"duration":1,"failing":false,"failureDetails":[],"failureMessages":[],"fullName":"Content Management Service Lesson Operations createLesson should handle errors when creating a lesson","invocations":1,"location":null,"numPassingAsserts":1,"retryReasons":[],"startAt":1762131941520,"status":"passed","title":"should handle errors when creating a lesson"},{"ancestorTitles":["Content Management Service","Lesson Operations","getLessonsByModuleId"],"duration":7,"failing":false,"failureDetails":[],"failureMessages":[],"fullName":"Content Management Service Lesson Operations getLessonsByModuleId should return lessons for a module","invocations":1,"location":null,"numPassingAsserts":2,"retryReasons":[],"startAt":1762131941522,"status":"passed","title":"should return lessons for a module"},{"ancestorTitles":["Content Management Service","Lesson Operations","getLessonsByModuleId"],"duration":1,"failing":false,"failureDetails":[],"failureMessages":[],"fullName":"Content Management Service Lesson Operations getLessonsByModuleId should handle errors when getting lessons","invocations":1,"location":null,"numPassingAsserts":1,"retryReasons":[],"startAt":1762131941529,"status":"passed","title":"should handle errors when getting lessons"},{"ancestorTitles":["Content Management Service","Lesson Operations","getLessonById"],"duration":0,"failing":false,"failureDetails":[],"failureMessages":[],"fullName":"Content Management Service Lesson Operations getLessonById should return a lesson by id","invocations":1,"location":null,"numPassingAsserts":2,"retryReasons":[],"startAt":1762131941530,"status":"passed","title":"should return a lesson by id"},{"ancestorTitles":["Content Management Service","Lesson Operations","getLessonById"],"duration":0,"failing":false,"failureDetails":[],"failureMessages":[],"fullName":"Content Management Service Lesson Operations getLessonById should handle errors when getting a lesson","invocations":1,"location":null,"numPassingAsserts":1,"retryReasons":[],"startAt":1762131941530,"status":"passed","title":"should handle errors when getting a lesson"},{"ancestorTitles":["Content Management Service","Lesson Operations","updateLesson"],"duration":0,"failing":false,"failureDetails":[],"failureMessages":[],"fullName":"Content Management Service Lesson Operations updateLesson should update a lesson","invocations":1,"location":null,"numPassingAsserts":3,"retryReasons":[],"startAt":1762131941530,"status":"passed","title":"should update a lesson"},{"ancestorTitles":["Content Management Service","Lesson Operations","updateLesson"],"duration":0,"failing":false,"failureDetails":[],"failureMessages":[],"fullName":"Content Management Service Lesson Operations updateLesson should throw error when lesson not found","invocations":1,"location":null,"numPassingAsserts":1,"retryReasons":[],"startAt":1762131941531,"status":"passed","title":"should throw error when lesson not found"},{"ancestorTitles":["Content Management Service","Lesson Operations","updateLesson"],"duration":0,"failing":false,"failureDetails":[],"failureMessages":[],"fullName":"Content Management Service Lesson Operations updateLesson should handle errors when updating a lesson","invocations":1,"location":null,"numPassingAsserts":1,"retryReasons":[],"startAt":1762131941531,"status":"passed","title":"should handle errors when updating a lesson"},{"ancestorTitles":["Content Management Service","Lesson Operations","deleteLesson"],"duration":0,"failing":false,"failureDetails":[],"failureMessages":[],"fullName":"Content Management Service Lesson Operations deleteLesson should delete a lesson","invocations":1,"location":null,"numPassingAsserts":2,"retryReasons":[],"startAt":1762131941531,"status":"passed","title":"should delete a lesson"},{"ancestorTitles":["Content Management Service","Lesson Operations","deleteLesson"],"duration":0,"failing":false,"failureDetails":[],"failureMessages":[],"fullName":"Content Management Service Lesson Operations deleteLesson should throw error when lesson not found","invocations":1,"location":null,"numPassingAsserts":1,"retryReasons":[],"startAt":1762131941531,"status":"passed","title":"should throw error when lesson not found"},{"ancestorTitles":["Content Management Service","Lesson Operations","deleteLesson"],"duration":0,"failing":false,"failureDetails":[],"failureMessages":[],"fullName":"Content Management Service Lesson Operations deleteLesson should handle errors when deleting a lesson","invocations":1,"location":null,"numPassingAsserts":1,"retryReasons":[],"startAt":1762131941531,"status":"passed","title":"should handle errors when deleting a lesson"},{"ancestorTitles":["Content Management Service","Quiz Operations","createQuiz"],"duration":0,"failing":false,"failureDetails":[],"failureMessages":[],"fullName":"Content Management Service Quiz Operations createQuiz should create a new quiz","invocations":1,"location":null,"numPassingAsserts":2,"retryReasons":[],"startAt":1762131941531,"status":"passed","title":"should create a new quiz"},{"ancestorTitles":["Content Management Service","Quiz Operations","createQuiz"],"duration":0,"failing":false,"failureDetails":[],"failureMessages":[],"fullName":"Content Management Service Quiz Operations createQuiz should handle errors when creating a quiz","invocations":1,"location":null,"numPassingAsserts":1,"retryReasons":[],"startAt":1762131941531,"status":"passed","title":"should handle errors when creating a quiz"},{"ancestorTitles":["Content Management Service","Quiz Operations","getQuizzesByLessonId"],"duration":0,"failing":false,"failureDetails":[],"failureMessages":[],"fullName":"Content Management Service Quiz Operations getQuizzesByLessonId should return quizzes for a lesson","invocations":1,"location":null,"numPassingAsserts":2,"retryReasons":[],"startAt":1762131941532,"status":"passed","title":"should return quizzes for a lesson"},{"ancestorTitles":["Content Management Service","Quiz Operations","getQuizzesByLessonId"],"duration":0,"failing":false,"failureDetails":[],"failureMessages":[],"fullName":"Content Management Service Quiz Operations getQuizzesByLessonId should handle errors when getting quizzes","invocations":1,"location":null,"numPassingAsserts":1,"retryReasons":[],"startAt":1762131941532,"status":"passed","title":"should handle errors when getting quizzes"},{"ancestorTitles":["Content Management Service","Quiz Operations","getQuizById"],"duration":0,"failing":false,"failureDetails":[],"failureMessages":[],"fullName":"Content Management Service Quiz Operations getQuizById should return a quiz by id","invocations":1,"location":null,"numPassingAsserts":2,"retryReasons":[],"startAt":1762131941532,"status":"passed","title":"should return a quiz by id"},{"ancestorTitles":["Content Management Service","Quiz Operations","getQuizById"],"duration":0,"failing":false,"failureDetails":[],"failureMessages":[],"fullName":"Content Management Service Quiz Operations getQuizById should handle errors when getting a quiz","invocations":1,"location":null,"numPassingAsserts":1,"retryReasons":[],"startAt":1762131941532,"status":"passed","title":"should handle errors when getting a quiz"},{"ancestorTitles":["Content Management Service","Quiz Operations","updateQuiz"],"duration":0,"failing":false,"failureDetails":[],"failureMessages":[],"fullName":"Content Management Service Quiz Operations updateQuiz should update a quiz","invocations":1,"location":null,"numPassingAsserts":3,"retryReasons":[],"startAt":1762131941532,"status":"passed","title":"should update a quiz"},{"ancestorTitles":["Content Management Service","Quiz Operations","updateQuiz"],"duration":0,"failing":false,"failureDetails":[],"failureMessages":[],"fullName":"Content Management Service Quiz Operations updateQuiz should throw error when quiz not found","invocations":1,"location":null,"numPassingAsserts":1,"retryReasons":[],"startAt":1762131941532,"status":"passed","title":"should throw error when quiz not found"},{"ancestorTitles":["Content Management Service","Quiz Operations","updateQuiz"],"duration":0,"failing":false,"failureDetails":[],"failureMessages":[],"fullName":"Content Management Service Quiz Operations updateQuiz should handle errors when updating a quiz","invocations":1,"location":null,"numPassingAsserts":1,"retryReasons":[],"startAt":1762131941532,"status":"passed","title":"should handle errors when updating a quiz"},{"ancestorTitles":["Content Management Service","Quiz Operations","deleteQuiz"],"duration":1,"failing":false,"failureDetails":[],"failureMessages":[],"fullName":"Content Management Service Quiz Operations deleteQuiz should delete a quiz","invocations":1,"location":null,"numPassingAsserts":2,"retryReasons":[],"startAt":1762131941532,"status":"passed","title":"should delete a quiz"},{"ancestorTitles":["Content Management Service","Quiz Operations","deleteQuiz"],"duration":0,"failing":false,"failureDetails":[],"failureMessages":[],"fullName":"Content Management Service Quiz Operations deleteQuiz should throw error when quiz not found","invocations":1,"location":null,"numPassingAsserts":1,"retryReasons":[],"startAt":1762131941533,"status":"passed","title":"should throw error when quiz not found"},{"ancestorTitles":["Content Management Service","Quiz Operations","deleteQuiz"],"duration":0,"failing":false,"failureDetails":[],"failureMessages":[],"fullName":"Content Management Service Quiz Operations deleteQuiz should handle errors when deleting a quiz","invocations":1,"location":null,"numPassingAsserts":1,"retryReasons":[],"startAt":1762131941533,"status":"passed","title":"should handle errors when deleting a quiz"}],"endTime":1762131941534,"message":"","name":"/Users/veland/GlassCodeAcademy/backend-node/tests/services/contentManagementService.test.js","startTime":1762131941121,"status":"passed","summary":""},{"assertionResults":[{"ancestorTitles":["contentService","getAllCourses"],"duration":2,"failing":false,"failureDetails":[],"failureMessages":[],"fullName":"contentService getAllCourses should return courses with pagination","invocations":1,"location":null,"numPassingAsserts":3,"retryReasons":[],"startAt":1762131941481,"status":"passed","title":"should return courses with pagination"},{"ancestorTitles":["contentService","getAllCourses"],"duration":22,"failing":false,"failureDetails":[],"failureMessages":[],"fullName":"contentService getAllCourses should use default pagination values","invocations":1,"location":null,"numPassingAsserts":1,"retryReasons":[],"startAt":1762131941483,"status":"passed","title":"should use default pagination values"},{"ancestorTitles":["contentService","getCourseById"],"duration":13,"failing":false,"failureDetails":[],"failureMessages":[],"fullName":"contentService getCourseById should return a course with modules and lessons","invocations":1,"location":null,"numPassingAsserts":2,"retryReasons":[],"startAt":1762131941505,"status":"passed","title":"should return a course with modules and lessons"},{"ancestorTitles":["contentService","getCourseById"],"duration":0,"failing":false,"failureDetails":[],"failureMessages":[],"fullName":"contentService getCourseById should handle null return","invocations":1,"location":null,"numPassingAsserts":1,"retryReasons":[],"startAt":1762131941518,"status":"passed","title":"should handle null return"},{"ancestorTitles":["contentService","getAllModules"],"duration":6,"failing":false,"failureDetails":[],"failureMessages":[],"fullName":"contentService getAllModules should return all published modules ordered by order field","invocations":1,"location":null,"numPassingAsserts":2,"retryReasons":[],"startAt":1762131941518,"status":"passed","title":"should return all published modules ordered by order field"},{"ancestorTitles":["contentService","getModuleById"],"duration":1,"failing":false,"failureDetails":[],"failureMessages":[],"fullName":"contentService getModuleById should return a module with lessons","invocations":1,"location":null,"numPassingAsserts":2,"retryReasons":[],"startAt":1762131941524,"status":"passed","title":"should return a module with lessons"},{"ancestorTitles":["contentService","getLessonById"],"duration":0,"failing":false,"failureDetails":[],"failureMessages":[],"fullName":"contentService getLessonById should return a lesson by ID","invocations":1,"location":null,"numPassingAsserts":2,"retryReasons":[],"startAt":1762131941525,"status":"passed","title":"should return a lesson by ID"},{"ancestorTitles":["contentService","getLessonsByModuleId"],"duration":0,"failing":false,"failureDetails":[],"failureMessages":[],"fullName":"contentService getLessonsByModuleId should return lessons for a module ordered by order field","invocations":1,"location":null,"numPassingAsserts":2,"retryReasons":[],"startAt":1762131941525,"status":"passed","title":"should return lessons for a module ordered by order field"},{"ancestorTitles":["contentService","getQuizzesByLessonId"],"duration":0,"failing":false,"failureDetails":[],"failureMessages":[],"fullName":"contentService getQuizzesByLessonId should return valid quizzes for a lesson","invocations":1,"location":null,"numPassingAsserts":2,"retryReasons":[],"startAt":1762131941526,"status":"passed","title":"should return valid quizzes for a lesson"},{"ancestorTitles":["contentService","getQuizzesByLessonId"],"duration":0,"failing":false,"failureDetails":[],"failureMessages":[],"fullName":"contentService getQuizzesByLessonId should filter out quizzes with invalid IDs","invocations":1,"location":null,"numPassingAsserts":1,"retryReasons":[],"startAt":1762131941526,"status":"passed","title":"should filter out quizzes with invalid IDs"}],"endTime":1762131941527,"message":"","name":"/Users/veland/GlassCodeAcademy/backend-node/tests/contentService.test.js","startTime":1762131941162,"status":"passed","summary":""},{"assertionResults":[{"ancestorTitles":["authService","generateToken"],"duration":2,"failing":false,"failureDetails":[],"failureMessages":[],"fullName":"authService generateToken should generate a JWT token","invocations":1,"location":null,"numPassingAsserts":2,"retryReasons":[],"startAt":1762131941535,"status":"passed","title":"should generate a JWT token"},{"ancestorTitles":["authService","register"],"duration":1,"failing":false,"failureDetails":[],"failureMessages":[],"fullName":"authService register should register a new user","invocations":1,"location":null,"numPassingAsserts":3,"retryReasons":[],"startAt":1762131941537,"status":"passed","title":"should register a new user"},{"ancestorTitles":["authService","register"],"duration":5,"failing":false,"failureDetails":[],"failureMessages":[],"fullName":"authService register should throw an error if user already exists","invocations":1,"location":null,"numPassingAsserts":1,"retryReasons":[],"startAt":1762131941538,"status":"passed","title":"should throw an error if user already exists"},{"ancestorTitles":["authService","login"],"duration":1,"failing":false,"failureDetails":[],"failureMessages":[],"fullName":"authService login should login a user with valid credentials","invocations":1,"location":null,"numPassingAsserts":4,"retryReasons":[],"startAt":1762131941543,"status":"passed","title":"should login a user with valid credentials"},{"ancestorTitles":["authService","login"],"duration":0,"failing":false,"failureDetails":[],"failureMessages":[],"fullName":"authService login should throw an error if user does not exist","invocations":1,"location":null,"numPassingAsserts":1,"retryReasons":[],"startAt":1762131941544,"status":"passed","title":"should throw an error if user does not exist"},{"ancestorTitles":["authService","login"],"duration":0,"failing":false,"failureDetails":[],"failureMessages":[],"fullName":"authService login should throw an error if password is invalid","invocations":1,"location":null,"numPassingAsserts":1,"retryReasons":[],"startAt":1762131941544,"status":"passed","title":"should throw an error if password is invalid"}],"endTime":1762131941545,"message":"","name":"/Users/veland/GlassCodeAcademy/backend-node/tests/authService.test.js","startTime":1762131941230,"status":"passed","summary":""},{"assertionResults":[{"ancestorTitles":["Progress Service","getUserCourseProgress"],"duration":3,"failing":false,"failureDetails":[],"failureMessages":[],"fullName":"Progress Service getUserCourseProgress should return user course progress","invocations":1,"location":null,"numPassingAsserts":2,"retryReasons":[],"startAt":1762131941489,"status":"passed","title":"should return user course progress"},{"ancestorTitles":["Progress Service","getUserCourseProgress"],"duration":11,"failing":false,"failureDetails":[],"failureMessages":[],"fullName":"Progress Service getUserCourseProgress should handle errors when fetching user course progress","invocations":1,"location":null,"numPassingAsserts":1,"retryReasons":[],"startAt":1762131941493,"status":"passed","title":"should handle errors when fetching user course progress"},{"ancestorTitles":["Progress Service","updateUserLessonProgress"],"duration":24,"failing":false,"failureDetails":[],"failureMessages":[],"fullName":"Progress Service updateUserLessonProgress should create new lesson progress when it does not exist","invocations":1,"location":null,"numPassingAsserts":2,"retryReasons":[],"startAt":1762131941504,"status":"passed","title":"should create new lesson progress when it does not exist"},{"ancestorTitles":["Progress Service","updateUserLessonProgress"],"duration":27,"failing":false,"failureDetails":[],"failureMessages":[],"fullName":"Progress Service updateUserLessonProgress should update existing lesson progress","invocations":1,"location":null,"numPassingAsserts":2,"retryReasons":[],"startAt":1762131941528,"status":"passed","title":"should update existing lesson progress"},{"ancestorTitles":["Progress Service","getUserLessonProgress"],"duration":1,"failing":false,"failureDetails":[],"failureMessages":[],"fullName":"Progress Service getUserLessonProgress should return user lesson progress","invocations":1,"location":null,"numPassingAsserts":2,"retryReasons":[],"startAt":1762131941555,"status":"passed","title":"should return user lesson progress"},{"ancestorTitles":["Progress Service","submitQuizAnswers"],"duration":1,"failing":false,"failureDetails":[],"failureMessages":[],"fullName":"Progress Service submitQuizAnswers should calculate quiz score correctly for multiple choice questions","invocations":1,"location":null,"numPassingAsserts":5,"retryReasons":[],"startAt":1762131941557,"status":"passed","title":"should calculate quiz score correctly for multiple choice questions"},{"ancestorTitles":["Progress Service","submitQuizAnswers"],"duration":0,"failing":false,"failureDetails":[],"failureMessages":[],"fullName":"Progress Service submitQuizAnswers should handle quiz not found error","invocations":1,"location":null,"numPassingAsserts":1,"retryReasons":[],"startAt":1762131941559,"status":"passed","title":"should handle quiz not found error"},{"ancestorTitles":["Progress Service","recordQuizAttempt"],"duration":0,"failing":false,"failureDetails":[],"failureMessages":[],"fullName":"Progress Service recordQuizAttempt should create a quiz attempt","invocations":1,"location":null,"numPassingAsserts":2,"retryReasons":[],"startAt":1762131941559,"status":"passed","title":"should create a quiz attempt"},{"ancestorTitles":["Progress Service","getQuizAttempts"],"duration":1,"failing":false,"failureDetails":[],"failureMessages":[],"fullName":"Progress Service getQuizAttempts should return quiz attempts for a user and lesson","invocations":1,"location":null,"numPassingAsserts":2,"retryReasons":[],"startAt":1762131941559,"status":"passed","title":"should return quiz attempts for a user and lesson"},{"ancestorTitles":["Progress Service","getQuizAttemptsByQuizId"],"duration":4,"failing":false,"failureDetails":[],"failureMessages":[],"fullName":"Progress Service getQuizAttemptsByQuizId should return quiz attempts for a specific quiz","invocations":1,"location":null,"numPassingAsserts":2,"retryReasons":[],"startAt":1762131941560,"status":"passed","title":"should return quiz attempts for a specific quiz"},{"ancestorTitles":["Progress Service","getUserProgressSummary"],"duration":3,"failing":false,"failureDetails":[],"failureMessages":[],"fullName":"Progress Service getUserProgressSummary should return user progress summary","invocations":1,"location":null,"numPassingAsserts":9,"retryReasons":[],"startAt":1762131941564,"status":"passed","title":"should return user progress summary"}],"endTime":1762131941568,"message":"","name":"/Users/veland/GlassCodeAcademy/backend-node/tests/services/progressService.test.js","startTime":1762131941130,"status":"passed","summary":""},{"assertionResults":[{"ancestorTitles":["ProgressService","getUserCourseProgress"],"duration":2,"failing":false,"failureDetails":[],"failureMessages":[],"fullName":"ProgressService getUserCourseProgress should return user progress for a course","invocations":1,"location":null,"numPassingAsserts":2,"retryReasons":[],"startAt":1762131941532,"status":"passed","title":"should return user progress for a course"},{"ancestorTitles":["ProgressService","getUserCourseProgress"],"duration":0,"failing":false,"failureDetails":[],"failureMessages":[],"fullName":"ProgressService getUserCourseProgress should return null if no progress found","invocations":1,"location":null,"numPassingAsserts":1,"retryReasons":[],"startAt":1762131941534,"status":"passed","title":"should return null if no progress found"},{"ancestorTitles":["ProgressService","getUserLessonProgress"],"duration":1,"failing":false,"failureDetails":[],"failureMessages":[],"fullName":"ProgressService getUserLessonProgress should return user lesson progress","invocations":1,"location":null,"numPassingAsserts":2,"retryReasons":[],"startAt":1762131941534,"status":"passed","title":"should return user lesson progress"},{"ancestorTitles":["ProgressService","getUserLessonProgress"],"duration":0,"failing":false,"failureDetails":[],"failureMessages":[],"fullName":"ProgressService getUserLessonProgress should return null if no progress found","invocations":1,"location":null,"numPassingAsserts":1,"retryReasons":[],"startAt":1762131941535,"status":"passed","title":"should return null if no progress found"},{"ancestorTitles":["ProgressService","updateUserLessonProgress"],"duration":1,"failing":false,"failureDetails":[],"failureMessages":[],"fullName":"ProgressService updateUserLessonProgress should create new progress if none exists","invocations":1,"location":null,"numPassingAsserts":2,"retryReasons":[],"startAt":1762131941535,"status":"passed","title":"should create new progress if none exists"},{"ancestorTitles":["ProgressService","updateUserLessonProgress"],"duration":0,"failing":false,"failureDetails":[],"failureMessages":[],"fullName":"ProgressService updateUserLessonProgress should update existing progress and increment time","invocations":1,"location":null,"numPassingAsserts":2,"retryReasons":[],"startAt":1762131941536,"status":"passed","title":"should update existing progress and increment time"},{"ancestorTitles":["ProgressService","updateUserLessonProgress"],"duration":1,"failing":false,"failureDetails":[],"failureMessages":[],"fullName":"ProgressService updateUserLessonProgress should send notification when lesson is completed","invocations":1,"location":null,"numPassingAsserts":1,"retryReasons":[],"startAt":1762131941536,"status":"passed","title":"should send notification when lesson is completed"},{"ancestorTitles":["ProgressService","submitQuizAnswers"],"duration":9,"failing":false,"failureDetails":[],"failureMessages":[],"fullName":"ProgressService submitQuizAnswers should calculate score correctly for multiple choice questions","invocations":1,"location":null,"numPassingAsserts":5,"retryReasons":[],"startAt":1762131941537,"status":"passed","title":"should calculate score correctly for multiple choice questions"},{"ancestorTitles":["ProgressService","submitQuizAnswers"],"duration":0,"failing":false,"failureDetails":[],"failureMessages":[],"fullName":"ProgressService submitQuizAnswers should calculate passing score correctly","invocations":1,"location":null,"numPassingAsserts":2,"retryReasons":[],"startAt":1762131941546,"status":"passed","title":"should calculate passing score correctly"},{"ancestorTitles":["ProgressService","submitQuizAnswers"],"duration":1,"failing":false,"failureDetails":[],"failureMessages":[],"fullName":"ProgressService submitQuizAnswers should handle open-ended questions","invocations":1,"location":null,"numPassingAsserts":2,"retryReasons":[],"startAt":1762131941546,"status":"passed","title":"should handle open-ended questions"},{"ancestorTitles":["ProgressService","submitQuizAnswers"],"duration":17,"failing":false,"failureDetails":[],"failureMessages":[],"fullName":"ProgressService submitQuizAnswers should throw error if quiz not found","invocations":1,"location":null,"numPassingAsserts":1,"retryReasons":[],"startAt":1762131941547,"status":"passed","title":"should throw error if quiz not found"},{"ancestorTitles":["ProgressService","submitQuizAnswers"],"duration":1,"failing":false,"failureDetails":[],"failureMessages":[],"fullName":"ProgressService submitQuizAnswers should send quiz result notification","invocations":1,"location":null,"numPassingAsserts":1,"retryReasons":[],"startAt":1762131941564,"status":"passed","title":"should send quiz result notification"},{"ancestorTitles":["ProgressService","recordQuizAttempt"],"duration":0,"failing":false,"failureDetails":[],"failureMessages":[],"fullName":"ProgressService recordQuizAttempt should create a quiz attempt with provided data","invocations":1,"location":null,"numPassingAsserts":2,"retryReasons":[],"startAt":1762131941565,"status":"passed","title":"should create a quiz attempt with provided data"},{"ancestorTitles":["ProgressService","recordQuizAttempt"],"duration":0,"failing":false,"failureDetails":[],"failureMessages":[],"fullName":"ProgressService recordQuizAttempt should calculate time spent if start and end times provided","invocations":1,"location":null,"numPassingAsserts":1,"retryReasons":[],"startAt":1762131941565,"status":"passed","title":"should calculate time spent if start and end times provided"},{"ancestorTitles":["ProgressService","recordQuizAttempt"],"duration":9,"failing":false,"failureDetails":[],"failureMessages":[],"fullName":"ProgressService recordQuizAttempt should determine device type from user agent","invocations":1,"location":null,"numPassingAsserts":2,"retryReasons":[],"startAt":1762131941565,"status":"passed","title":"should determine device type from user agent"},{"ancestorTitles":["ProgressService","getQuizAttempts"],"duration":1,"failing":false,"failureDetails":[],"failureMessages":[],"fullName":"ProgressService getQuizAttempts should return quiz attempts for a user and lesson","invocations":1,"location":null,"numPassingAsserts":2,"retryReasons":[],"startAt":1762131941574,"status":"passed","title":"should return quiz attempts for a user and lesson"},{"ancestorTitles":["ProgressService","getQuizAttempts"],"duration":0,"failing":false,"failureDetails":[],"failureMessages":[],"fullName":"ProgressService getQuizAttempts should return empty array if no attempts found","invocations":1,"location":null,"numPassingAsserts":1,"retryReasons":[],"startAt":1762131941575,"status":"passed","title":"should return empty array if no attempts found"},{"ancestorTitles":["ProgressService","getQuizAttemptsByQuizId"],"duration":1,"failing":false,"failureDetails":[],"failureMessages":[],"fullName":"ProgressService getQuizAttemptsByQuizId should return quiz attempts for a specific quiz","invocations":1,"location":null,"numPassingAsserts":2,"retryReasons":[],"startAt":1762131941575,"status":"passed","title":"should return quiz attempts for a specific quiz"},{"ancestorTitles":["ProgressService","getQuizAttemptsByQuizId"],"duration":0,"failing":false,"failureDetails":[],"failureMessages":[],"fullName":"ProgressService getQuizAttemptsByQuizId should return empty array if no attempts found","invocations":1,"location":null,"numPassingAsserts":1,"retryReasons":[],"startAt":1762131941576,"status":"passed","title":"should return empty array if no attempts found"}],"endTime":1762131941579,"message":"","name":"/Users/veland/GlassCodeAcademy/backend-node/src/__tests__/unit/services/progressService.test.js","startTime":1762131941109,"status":"passed","summary":""},{"assertionResults":[{"ancestorTitles":["OAuthService","generateOAuthUrl"],"duration":3,"failing":false,"failureDetails":[],"failureMessages":[],"fullName":"OAuthService generateOAuthUrl should generate Google OAuth URL","invocations":1,"location":null,"numPassingAsserts":3,"retryReasons":[],"startAt":1762131941565,"status":"passed","title":"should generate Google OAuth URL"},{"ancestorTitles":["OAuthService","generateOAuthUrl"],"duration":0,"failing":false,"failureDetails":[],"failureMessages":[],"fullName":"OAuthService generateOAuthUrl should generate GitHub OAuth URL","invocations":1,"location":null,"numPassingAsserts":2,"retryReasons":[],"startAt":1762131941568,"status":"passed","title":"should generate GitHub OAuth URL"},{"ancestorTitles":["OAuthService","generateOAuthUrl"],"duration":22,"failing":false,"failureDetails":[],"failureMessages":[],"fullName":"OAuthService generateOAuthUrl should throw error for unconfigured provider","invocations":1,"location":null,"numPassingAsserts":1,"retryReasons":[],"startAt":1762131941568,"status":"passed","title":"should throw error for unconfigured provider"},{"ancestorTitles":["OAuthService","generateOAuthUrl"],"duration":1,"failing":false,"failureDetails":[],"failureMessages":[],"fullName":"OAuthService generateOAuthUrl should use default provider configuration","invocations":1,"location":null,"numPassingAsserts":2,"retryReasons":[],"startAt":1762131941590,"status":"passed","title":"should use default provider configuration"},{"ancestorTitles":["OAuthService","exchangeCodeForToken"],"duration":1,"failing":false,"failureDetails":[],"failureMessages":[],"fullName":"OAuthService exchangeCodeForToken should exchange code for access token","invocations":1,"location":null,"numPassingAsserts":4,"retryReasons":[],"startAt":1762131941591,"status":"passed","title":"should exchange code for access token"},{"ancestorTitles":["OAuthService","exchangeCodeForToken"],"duration":7,"failing":false,"failureDetails":[],"failureMessages":[],"fullName":"OAuthService exchangeCodeForToken should throw error for unconfigured provider","invocations":1,"location":null,"numPassingAsserts":1,"retryReasons":[],"startAt":1762131941592,"status":"passed","title":"should throw error for unconfigured provider"},{"ancestorTitles":["OAuthService","getUserInfo"],"duration":1,"failing":false,"failureDetails":[],"failureMessages":[],"fullName":"OAuthService getUserInfo should return mock user info from OAuth provider","invocations":1,"location":null,"numPassingAsserts":5,"retryReasons":[],"startAt":1762131941599,"status":"passed","title":"should return mock user info from OAuth provider"},{"ancestorTitles":["OAuthService","createOrUpdateOAuthUser"],"duration":1,"failing":false,"failureDetails":[],"failureMessages":[],"fullName":"OAuthService createOrUpdateOAuthUser should update existing OAuth user","invocations":1,"location":null,"numPassingAsserts":3,"retryReasons":[],"startAt":1762131941600,"status":"passed","title":"should update existing OAuth user"},{"ancestorTitles":["OAuthService","createOrUpdateOAuthUser"],"duration":0,"failing":false,"failureDetails":[],"failureMessages":[],"fullName":"OAuthService createOrUpdateOAuthUser should link OAuth to existing email user","invocations":1,"location":null,"numPassingAsserts":2,"retryReasons":[],"startAt":1762131941601,"status":"passed","title":"should link OAuth to existing email user"},{"ancestorTitles":["OAuthService","createOrUpdateOAuthUser"],"duration":0,"failing":false,"failureDetails":[],"failureMessages":[],"fullName":"OAuthService createOrUpdateOAuthUser should create new user if no existing user found","invocations":1,"location":null,"numPassingAsserts":2,"retryReasons":[],"startAt":1762131941601,"sta
[...]
estorTitles":["ContentService","getLessonById"],"duration":1,"failing":false,"failureDetails":[],"failureMessages":[],"fullName":"ContentService getLessonById should return null if lesson not found","invocations":1,"location":null,"numPassingAsserts":1,"retryReasons":[],"startAt":1762131941614,"status":"passed","title":"should return null if lesson not found"},{"ancestorTitles":["ContentService","getLessonsByModuleId"],"duration":0,"failing":false,"failureDetails":[],"failureMessages":[],"fullName":"ContentService getLessonsByModuleId should return published lessons for a module ordered by order field","invocations":1,"location":null,"numPassingAsserts":2,"retryReasons":[],"startAt":1762131941615,"status":"passed","title":"should return published lessons for a module ordered by order field"},{"ancestorTitles":["ContentService","getLessonsByModuleId"],"duration":0,"failing":false,"failureDetails":[],"failureMessages":[],"fullName":"ContentService getLessonsByModuleId should return empty array when no lessons exist for module","invocations":1,"location":null,"numPassingAsserts":1,"retryReasons":[],"startAt":1762131941615,"status":"passed","title":"should return empty array when no lessons exist for module"},{"ancestorTitles":["ContentService","getQuizzesByLessonId"],"duration":0,"failing":false,"failureDetails":[],"failureMessages":[],"fullName":"ContentService getQuizzesByLessonId should return published quizzes for a lesson","invocations":1,"location":null,"numPassingAsserts":2,"retryReasons":[],"startAt":1762131941615,"status":"passed","title":"should return published quizzes for a lesson"},{"ancestorTitles":["ContentService","getQuizzesByLessonId"],"duration":2,"failing":false,"failureDetails":[],"failureMessages":[],"fullName":"ContentService getQuizzesByLessonId should filter out quizzes with invalid IDs","invocations":1,"location":null,"numPassingAsserts":4,"retryReasons":[],"startAt":1762131941615,"status":"passed","title":"should filter out quizzes with invalid IDs"},{"ancestorTitles":["ContentService","getQuizzesByLessonId"],"duration":0,"failing":false,"failureDetails":[],"failureMessages":[],"fullName":"ContentService getQuizzesByLessonId should return empty array when no quizzes exist for lesson","invocations":1,"location":null,"numPassingAsserts":1,"retryReasons":[],"startAt":1762131941617,"status":"passed","title":"should return empty array when no quizzes exist for lesson"},{"ancestorTitles":["ContentService","getQuizzesByLessonId"],"duration":0,"failing":false,"failureDetails":[],"failureMessages":[],"fullName":"ContentService getQuizzesByLessonId should return empty array when all quizzes have invalid IDs","invocations":1,"location":null,"numPassingAsserts":1,"retryReasons":[],"startAt":1762131941617,"status":"passed","title":"should return empty array when all quizzes have invalid IDs"}],"endTime":1762131941618,"message":"","name":"/Users/veland/GlassCodeAcademy/backend-node/src/__tests__/unit/services/contentService.test.js","startTime":1762131941101,"status":"passed","summary":""},{"assertionResults":[{"ancestorTitles":["Monitoring Performance"],"duration":1,"failing":false,"failureDetails":[],"failureMessages":[],"fullName":"Monitoring Performance tracing overhead should be minimal","invocations":1,"location":null,"numPassingAsserts":1,"retryReasons":[],"startAt":1762131941669,"status":"passed","title":"tracing overhead should be minimal"},{"ancestorTitles":["Monitoring Performance"],"duration":0,"failing":false,"failureDetails":[],"failureMessages":[],"fullName":"Monitoring Performance metrics collection should not cause memory leaks","invocations":1,"location":null,"numPassingAsserts":1,"retryReasons":[],"startAt":1762131941670,"status":"passed","title":"metrics collection should not cause memory leaks"},{"ancestorTitles":["Monitoring Performance"],"duration":0,"failing":false,"failureDetails":[],"failureMessages":[],"fullName":"Monitoring Performance span creation should not significantly impact throughput","invocations":1,"location":null,"numPassingAsserts":1,"retryReasons":[],"startAt":1762131941670,"status":"passed","title":"span creation should not significantly impact throughput"}],"endTime":1762131941671,"message":"","name":"/Users/veland/GlassCodeAcademy/backend-node/tests/performance-monitoring.test.js","startTime":1762131941511,"status":"passed","summary":""},{"assertionResults":[{"ancestorTitles":["Database configuration in test environment"],"duration":4,"failing":false,"failureDetails":[],"failureMessages":[],"fullName":"Database configuration in test environment selects correct dialect in test mode based on integration flag","invocations":1,"location":null,"numPassingAsserts":2,"retryReasons":[],"startAt":1762131941668,"status":"passed","title":"selects correct dialect in test mode based on integration flag"}],"endTime":1762131941672,"message":"","name":"/Users/veland/GlassCodeAcademy/backend-node/tests/config.test.js","startTime":1762131941520,"status":"passed","summary":""},{"assertionResults":[{"ancestorTitles":["Performance Tests"],"duration":8,"failing":false,"failureDetails":[],"failureMessages":[],"fullName":"Performance Tests slug resolution performance","invocations":1,"location":null,"numPassingAsserts":1,"retryReasons":[],"startAt":1762131941666,"status":"passed","title":"slug resolution performance"}],"endTime":1762131941674,"message":"","name":"/Users/veland/GlassCodeAcademy/backend-node/tests/performance.test.js","startTime":1762131941455,"status":"passed","summary":""},{"assertionResults":[{"ancestorTitles":["Courses API Integration Tests","GET /api/courses"],"duration":29,"failing":false,"failureDetails":[],"failureMessages":[],"fullName":"Courses API Integration Tests GET /api/courses should return empty array when no courses exist","invocations":1,"location":null,"numPassingAsserts":5,"retryReasons":[],"startAt":1762131941676,"status":"passed","title":"should return empty array when no courses exist"},{"ancestorTitles":["Courses API Integration Tests","GET /api/courses"],"duration":16,"failing":false,"failureDetails":[],"failureMessages":[],"fullName":"Courses API Integration Tests GET /api/courses should return paginated course list","invocations":1,"location":null,"numPassingAsserts":5,"retryReasons":[],"startAt":1762131941705,"status":"passed","title":"should return paginated course list"},{"ancestorTitles":["Courses API Integration Tests","GET /api/courses"],"duration":13,"failing":false,"failureDetails":[],"failureMessages":[],"fullName":"Courses API Integration Tests GET /api/courses should return course details with correct structure","invocations":1,"location":null,"numPassingAsserts":0,"retryReasons":[],"startAt":1762131941721,"status":"passed","title":"should return course details with correct structure"},{"ancestorTitles":["Courses API Integration Tests","GET /api/courses"],"duration":12,"failing":false,"failureDetails":[],"failureMessages":[],"fullName":"Courses API Integration Tests GET /api/courses should filter by difficulty","invocations":1,"location":null,"numPassingAsserts":1,"retryReasons":[],"startAt":1762131941734,"status":"passed","title":"should filter by difficulty"},{"ancestorTitles":["Courses API Integration Tests","GET /api/courses/:id"],"duration":17,"failing":false,"failureDetails":[],"failureMessages":[],"fullName":"Courses API Integration Tests GET /api/courses/:id should return 404 for non-existent course","invocations":1,"location":null,"numPassingAsserts":2,"retryReasons":[],"startAt":1762131941746,"status":"passed","title":"should return 404 for non-existent course"},{"ancestorTitles":["Courses API Integration Tests","GET /api/courses/:id"],"duration":11,"failing":false,"failureDetails":[],"failureMessages":[],"fullName":"Courses API Integration Tests GET /api/courses/:id should return course details for valid id","invocations":1,"location":null,"numPassingAsserts":0,"retryReasons":[],"startAt":1762131941763,"status":"passed","title":"should return course details for valid id"},{"ancestorTitles":["Courses API Integration Tests","GET /api/modules"],"duration":21,"failing":false,"failureDetails":[],"failureMessages":[],"fullName":"Courses API Integration Tests GET /api/modules should return modules list","invocations":1,"location":null,"numPassingAsserts":2,"retryReasons":[],"startAt":1762131941774,"status":"passed","title":"should return modules list"},{"ancestorTitles":["Courses API Integration Tests","GET /api/modules"],"duration":14,"failing":false,"failureDetails":[],"failureMessages":[],"fullName":"Courses API Integration Tests GET /api/modules should return module with correct structure","invocations":1,"location":null,"numPassingAsserts":0,"retryReasons":[],"startAt":1762131941795,"status":"passed","title":"should return module with correct structure"},{"ancestorTitles":["Courses API Integration Tests","GET /api/badges"],"duration":19,"failing":false,"failureDetails":[],"failureMessages":[],"fullName":"Courses API Integration Tests GET /api/badges should return badges list","invocations":1,"location":null,"numPassingAsserts":2,"retryReasons":[],"startAt":1762131941809,"status":"passed","title":"should return badges list"},{"ancestorTitles":["Courses API Integration Tests","GET /api/badges"],"duration":12,"failing":false,"failureDetails":[],"failureMessages":[],"fullName":"Courses API Integration Tests GET /api/badges should return badges with gamification properties","invocations":1,"location":null,"numPassingAsserts":8,"retryReasons":[],"startAt":1762131941828,"status":"passed","title":"should return badges with gamification properties"},{"ancestorTitles":["Courses API Integration Tests","GET /api/badges"],"duration":12,"failing":false,"failureDetails":[],"failureMessages":[],"fullName":"Courses API Integration Tests GET /api/badges should have created default badges","invocations":1,"location":null,"numPassingAsserts":4,"retryReasons":[],"startAt":1762131941840,"status":"passed","title":"should have created default badges"},{"ancestorTitles":["Courses API Integration Tests","Protected Routes - Certificates"],"duration":26,"failing":false,"failureDetails":[],"failureMessages":[],"fullName":"Courses API Integration Tests Protected Routes - Certificates should require authentication for my-certificates","invocations":1,"location":null,"numPassingAsserts":2,"retryReasons":[],"startAt":1762131941852,"status":"passed","title":"should require authentication for my-certificates"},{"ancestorTitles":["Courses API Integration Tests","Protected Routes - Certificates"],"duration":16,"failing":false,"failureDetails":[],"failureMessages":[],"fullName":"Courses API Integration Tests Protected Routes - Certificates should return user certificates when authenticated","invocations":1,"location":null,"numPassingAsserts":2,"retryReasons":[],"startAt":1762131941878,"status":"passed","title":"should return user certificates when authenticated"},{"ancestorTitles":["Courses API Integration Tests","Protected Routes - Certificates"],"duration":11,"failing":false,"failureDetails":[],"failureMessages":[],"fullName":"Courses API Integration Tests Protected Routes - Certificates should check certificate eligibility for course","invocations":1,"location":null,"numPassingAsserts":4,"retryReasons":[],"startAt":1762131941895,"status":"passed","title":"should check certificate eligibility for course"},{"ancestorTitles":["Courses API Integration Tests","Forum API"],"duration":15,"failing":false,"failureDetails":[],"failureMessages":[],"fullName":"Courses API Integration Tests Forum API should return forum categories without auth","invocations":1,"location":null,"numPassingAsserts":2,"retryReasons":[],"startAt":1762131941906,"status":"passed","title":"should return forum categories without auth"},{"ancestorTitles":["Courses API Integration Tests","Forum API"],"duration":20,"failing":false,"failureDetails":[],"failureMessages":[],"fullName":"Courses API Integration Tests Forum API should require auth for creating threads","invocations":1,"location":null,"numPassingAsserts":1,"retryReasons":[],"startAt":1762131941921,"status":"passed","title":"should require auth for creating threads"},{"ancestorTitles":["Courses API Integration Tests","Notification API"],"duration":12,"failing":false,"failureDetails":[],"failureMessages":[],"fullName":"Courses API Integration Tests Notification API should require authentication for notifications","invocations":1,"location":null,"numPassingAsserts":2,"retryReasons":[],"startAt":1762131941941,"status":"passed","title":"should require authentication for notifications"},{"ancestorTitles":["Courses API Integration Tests","Notification API"],"duration":16,"failing":false,"failureDetails":[],"failureMessages":[],"fullName":"Courses API Integration Tests Notification API should return user notifications when authenticated","invocations":1,"location":null,"numPassingAsserts":2,"retryReasons":[],"startAt":1762131941953,"status":"passed","title":"should return user notifications when authenticated"}],"endTime":1762131941972,"message":"","name":"/Users/veland/GlassCodeAcademy/backend-node/src/__tests__/integration/api/courses.integration.test.js","startTime":1762131937988,"status":"passed","summary":""},{"assertionResults":[{"ancestorTitles":["Authentication API","POST /api/auth/register"],"duration":601,"failing":false,"failureDetails":[],"failureMessages":[],"fullName":"Authentication API POST /api/auth/register should register a new user","invocations":1,"location":null,"numPassingAsserts":3,"retryReasons":[],"startAt":1762131941005,"status":"passed","title":"should register a new user"},{"ancestorTitles":["Authentication API","POST /api/auth/register"],"duration":6,"failing":false,"failureDetails":[],"failureMessages":[],"fullName":"Authentication API POST /api/auth/register should fail to register with invalid data","invocations":1,"location":null,"numPassingAsserts":1,"retryReasons":[],"startAt":1762131941607,"status":"passed","title":"should fail to register with invalid data"},{"ancestorTitles":["Authentication API","POST /api/auth/login"],"duration":1290,"failing":false,"failureDetails":[],"failureMessages":[],"fullName":"Authentication API POST /api/auth/login should login an existing user","invocations":1,"location":null,"numPassingAsserts":3,"retryReasons":[],"startAt":1762131941613,"status":"passed","title":"should login an existing user"},{"ancestorTitles":["Authentication API","POST /api/auth/login"],"duration":1211,"failing":false,"failureDetails":[],"failureMessages":[],"fullName":"Authentication API POST /api/auth/login should fail to login with invalid credentials","invocations":1,"location":null,"numPassingAsserts":1,"retryReasons":[],"startAt":1762131942903,"status":"passed","title":"should fail to login with invalid credentials"},{"ancestorTitles":["Authentication API","POST /api/auth/password/request-reset"],"duration":5,"failing":false,"failureDetails":[],"failureMessages":[],"fullName":"Authentication API POST /api/auth/password/request-reset should request password reset","invocations":1,"location":null,"numPassingAsserts":2,"retryReasons":[],"startAt":1762131944115,"status":"passed","title":"should request password reset"},{"ancestorTitles":["Authentication API","POST /api/auth/password/reset"],"duration":3,"failing":false,"failureDetails":[],"failureMessages":[],"fullName":"Authentication API POST /api/auth/password/reset should reset password with valid token","invocations":1,"location":null,"numPassingAsserts":2,"retryReasons":[],"startAt":1762131944120,"status":"passed","title":"should reset password with valid token"}],"endTime":1762131944124,"message":"","name":"/Users/veland/GlassCodeAcademy/backend-node/tests/auth.test.js","startTime":1762131937976,"status":"passed","summary":""},{"assertionResults":[{"ancestorTitles":["Authentication API Integration Tests","POST /api/auth/register"],"duration":135,"failing":false,"failureDetails":[],"failureMessages":[],"fullName":"Authentication API Integration Tests POST /api/auth/register should register a new user successfully","invocations":1,"location":null,"numPassingAsserts":8,"retryReasons":[],"startAt":1762131941661,"status":"passed","title":"should register a new user successfully"},{"ancestorTitles":["Authentication API Integration Tests","POST /api/auth/register"],"duration":17,"failing":false,"failureDetails":[],"failureMessages":[],"fullName":"Authentication API Integration Tests POST /api/auth/register should return 400 for missing required fields","invocations":1,"location":null,"numPassingAsserts":1,"retryReasons":[],"startAt":1762131941796,"status":"passed","title":"should return 400 for missing required fields"},{"ancestorTitles":["Authentication API Integration Tests","POST /api/auth/register"],"duration":78,"failing":false,"failureDetails":[],"failureMessages":[],"fullName":"Authentication API Integration Tests POST /api/auth/register should return 400 for duplicate email","invocations":1,"location":null,"numPassingAsserts":2,"retryReasons":[],"startAt":1762131941813,"status":"passed","title":"should return 400 for duplicate email"},{"ancestorTitles":["Authentication API Integration Tests","POST /api/auth/register"],"duration":14,"failing":false,"failureDetails":[],"failureMessages":[],"fullName":"Authentication API Integration Tests POST /api/auth/register should return 400 for invalid email format","invocations":1,"location":null,"numPassingAsserts":1,"retryReasons":[],"startAt":1762131941891,"status":"passed","title":"should return 400 for invalid email format"},{"ancestorTitles":["Authentication API Integration Tests","POST /api/auth/login"],"duration":1353,"failing":false,"failureDetails":[],"failureMessages":[],"fullName":"Authentication API Integration Tests POST /api/auth/login should login successfully with correct credentials","invocations":1,"location":null,"numPassingAsserts":4,"retryReasons":[],"startAt":1762131941905,"status":"passed","title":"should login successfully with correct credentials"},{"ancestorTitles":["Authentication API Integration Tests","POST /api/auth/login"],"duration":1352,"failing":false,"failureDetails":[],"failureMessages":[],"fullName":"Authentication API Integration Tests POST /api/auth/login should return 401 for incorrect password","invocations":1,"location":null,"numPassingAsserts":1,"retryReasons":[],"startAt":1762131943258,"status":"passed","title":"should return 401 for incorrect password"},{"ancestorTitles":["Authentication API Integration Tests","POST /api/auth/login"],"duration":1286,"failing":false,"failureDetails":[],"failureMessages":[],"fullName":"Authentication API Integration Tests POST /api/auth/login should return 404 for non-existent user","invocations":1,"location":null,"numPassingAsserts":1,"retryReasons":[],"startAt":1762131944610,"status":"passed","title":"should return 404 for non-existent user"},{"ancestorTitles":["Authentication API Integration Tests","POST /api/auth/login"],"duration":84,"failing":false,"failureDetails":[],"failureMessages":[],"fullName":"Authentication API Integration Tests POST /api/auth/login should return 400 for missing credentials","invocations":1,"location":null,"numPassingAsserts":1,"retryReasons":[],"startAt":1762131945896,"status":"passed","title":"should return 400 for missing credentials"},{"ancestorTitles":["Authentication API Integration Tests","Authentication Flow"],"duration":1350,"failing":false,"failureDetails":[],"failureMessages":[],"fullName":"Authentication API Integration Tests Authentication Flow should complete full registration and login flow","invocations":1,"location":null,"numPassingAsserts":4,"retryReasons":[],"startAt":1762131945980,"status":"passed","title":"should complete full registration and login flow"}],"endTime":1762131947331,"message":"","name":"/Users/veland/GlassCodeAcademy/backend-node/src/__tests__/integration/api/auth.integration.test.js","startTime":1762131938036,"status":"passed","summary":""}],"wasInterrupted":false}
